#
# There is insufficient memory for the Java Runtime Environment to continue.
# Native memory allocation (mmap) failed to map 524288000 bytes for G1 virtual space
# Possible reasons:
#   The system is out of physical RAM or swap space
#   The process is running with CompressedOops enabled, and the Java Heap may be blocking the growth of the native heap
# Possible solutions:
#   Reduce memory load on the system
#   Increase physical memory or swap space
#   Check if swap backing store is full
#   Decrease Java heap size (-Xmx/-Xms)
#   Decrease number of Java threads
#   Decrease Java thread stack sizes (-Xss)
#   Set larger code cache with -XX:ReservedCodeCacheSize=
#   JVM is running with Zero Based Compressed Oops mode in which the Java heap is
#     placed in the first 32GB address space. The Java Heap base address is the
#     maximum limit for the native heap growth. Please use -XX:HeapBaseMinAddress
#     to set the Java Heap base and to place the Java Heap above 32GB virtual address.
# This output file may be truncated or incomplete.
#
#  Out of Memory Error (os_windows.cpp:3548), pid=11860, tid=16072
#
# JRE version: Java(TM) SE Runtime Environment (17.0.12+8) (build 17.0.12+8-LTS-286)
# Java VM: Java HotSpot(TM) 64-Bit Server VM (17.0.12+8-LTS-286, mixed mode, sharing, tiered, compressed oops, compressed class ptrs, g1 gc, windows-amd64)
# No core dump will be written. Minidumps are not enabled by default on client versions of Windows
#

---------------  S U M M A R Y ------------

Command Line: --add-opens=java.base/java.lang=ALL-UNNAMED --add-opens=java.base/java.lang.invoke=ALL-UNNAMED --add-opens=java.base/java.util=ALL-UNNAMED --add-opens=java.prefs/java.util.prefs=ALL-UNNAMED --add-exports=jdk.compiler/com.sun.tools.javac.api=ALL-UNNAMED --add-exports=jdk.compiler/com.sun.tools.javac.util=ALL-UNNAMED --add-opens=java.base/java.util=ALL-UNNAMED --add-opens=java.prefs/java.util.prefs=ALL-UNNAMED --add-opens=java.base/java.nio.charset=ALL-UNNAMED --add-opens=java.base/java.net=ALL-UNNAMED --add-opens=java.base/java.util.concurrent.atomic=ALL-UNNAMED --add-opens=java.xml/javax.xml.namespace=ALL-UNNAMED -XX:MaxMetaspaceSize=4G -XX:ReservedCodeCacheSize=512m -XX:+HeapDumpOnOutOfMemoryError -Xmx8G -Dfile.encoding=windows-1252 -Duser.country=US -Duser.language=en -Duser.variant -javaagent:C:\Users\DELL\.gradle\wrapper\dists\gradle-8.11.1-bin\bpt9gzteqjrbo1mjrsomdt32c\gradle-8.11.1\lib\agents\gradle-instrumentation-agent-8.11.1.jar org.gradle.launcher.daemon.bootstrap.GradleDaemon 8.11.1

Host: Intel(R) Core(TM) i5-6440HQ CPU @ 2.60GHz, 4 cores, 7G,  Windows 10 , 64 bit Build 19041 (10.0.19041.6807)
Time: Thu Mar 12 19:59:03 2026 Pakistan Standard Time elapsed time: 65.463869 seconds (0d 0h 1m 5s)

---------------  T H R E A D  ---------------

Current thread (0x0000018afed88420):  VMThread "VM Thread" [stack: 0x0000002086e00000,0x0000002086f00000] [id=16072]

Stack: [0x0000002086e00000,0x0000002086f00000]
Native frames: (J=compiled Java code, j=interpreted, Vv=VM code, C=native code)
V  [jvm.dll+0x67a04a]
V  [jvm.dll+0x7da4ed]
V  [jvm.dll+0x7dbe33]
V  [jvm.dll+0x7dc4a3]
V  [jvm.dll+0x24508f]
V  [jvm.dll+0x677089]
V  [jvm.dll+0x66bd32]
V  [jvm.dll+0x301fa6]
V  [jvm.dll+0x309546]
V  [jvm.dll+0x359d2e]
V  [jvm.dll+0x359f5f]
V  [jvm.dll+0x2d9078]
V  [jvm.dll+0x2d74ad]
V  [jvm.dll+0x2d6afc]
V  [jvm.dll+0x31a65b]
V  [jvm.dll+0x7e0d9b]
V  [jvm.dll+0x7e1ad4]
V  [jvm.dll+0x7e1fed]
V  [jvm.dll+0x7e23c4]
V  [jvm.dll+0x7e2490]
V  [jvm.dll+0x78abea]
V  [jvm.dll+0x678f35]
C  [ucrtbase.dll+0x21bb2]
C  [KERNEL32.DLL+0x17374]
C  [ntdll.dll+0x4cc91]

VM_Operation (0x00000020885f5c90): G1CollectForAllocation, mode: safepoint, requested by thread 0x0000018b44fef270


---------------  P R O C E S S  ---------------

Threads class SMR info:
_java_thread_list=0x0000018b49b26f70, length=87, elements={
0x0000018ac1deda00, 0x0000018afed8c7f0, 0x0000018afed8d580, 0x0000018afeda35b0,
0x0000018afeda51f0, 0x0000018afeda8be0, 0x0000018afeda94b0, 0x0000018afedaa160,
0x0000018afedb8b50, 0x0000018afedbd570, 0x0000018afed7bb70, 0x0000018b4415f520,
0x0000018b44fc6f90, 0x0000018b458aa060, 0x0000018b44fdf040, 0x0000018b45aaa5c0,
0x0000018b45aaaaa0, 0x0000018b44fee850, 0x0000018b44fef270, 0x0000018b44fecf00,
0x0000018b44ff01a0, 0x0000018b44fede30, 0x0000018b44fee340, 0x0000018b44feed60,
0x0000018b44fed920, 0x0000018b44ff06b0, 0x0000018b44fef780, 0x0000018b44fed410,
0x0000018b44fefc90, 0x0000018b484262e0, 0x0000018b48427210, 0x0000018b48428140,
0x0000018b48429580, 0x0000018b48428650, 0x0000018b48426d00, 0x0000018b48427c30,
0x0000018b48425dd0, 0x0000018b47973210, 0x0000018b479769c0, 0x0000018b47975fa0,
0x0000018b47975580, 0x0000018b47974b60, 0x0000018b47975070, 0x0000018b47974140,
0x0000018b479764b0, 0x0000018b47973720, 0x0000018b47975a90, 0x0000018b4768cab0,
0x0000018b476925d0, 0x0000018b4768fd50, 0x0000018b4768e910, 0x0000018b4768d4d0,
0x0000018b4768ee20, 0x0000018b476920c0, 0x0000018b47690260, 0x0000018b4768d9e0,
0x0000018b47692ae0, 0x0000018b47693a10, 0x0000018b47692ff0, 0x0000018b4768def0,
0x0000018b4768e400, 0x0000018b4768f330, 0x0000018b47690c80, 0x0000018b4768f840,
0x0000018b47690770, 0x0000018b47691190, 0x0000018b4768cfc0, 0x0000018b476916a0,
0x0000018b47691bb0, 0x0000018b47693500, 0x0000018b4768c5a0, 0x0000018b47d722f0,
0x0000018b47d74150, 0x0000018b47d718d0, 0x0000018b47d6d1f0, 0x0000018b47d74660,
0x0000018b47d6dc10, 0x0000018b47d72d10, 0x0000018b47d70eb0, 0x0000018b47d6e120,
0x0000018b47d73730, 0x0000018b47d6eb40, 0x0000018b47d70490, 0x0000018b47d6f050,
0x0000018b47d6ff80, 0x0000018b47d709a0, 0x0000018b4a7fa8a0
}

Java Threads: ( => current thread )
  0x0000018ac1deda00 JavaThread "main" [_thread_blocked, id=15844, stack(0x0000002086800000,0x0000002086900000)]
  0x0000018afed8c7f0 JavaThread "Reference Handler" daemon [_thread_blocked, id=14868, stack(0x0000002086f00000,0x0000002087000000)]
  0x0000018afed8d580 JavaThread "Finalizer" daemon [_thread_blocked, id=11252, stack(0x0000002087000000,0x0000002087100000)]
  0x0000018afeda35b0 JavaThread "Signal Dispatcher" daemon [_thread_blocked, id=9268, stack(0x0000002087100000,0x0000002087200000)]
  0x0000018afeda51f0 JavaThread "Attach Listener" daemon [_thread_blocked, id=4908, stack(0x0000002087200000,0x0000002087300000)]
  0x0000018afeda8be0 JavaThread "Service Thread" daemon [_thread_blocked, id=10024, stack(0x0000002087300000,0x0000002087400000)]
  0x0000018afeda94b0 JavaThread "Monitor Deflation Thread" daemon [_thread_blocked, id=9808, stack(0x0000002087400000,0x0000002087500000)]
  0x0000018afedaa160 JavaThread "C2 CompilerThread0" daemon [_thread_in_native, id=15672, stack(0x0000002087500000,0x0000002087600000)]
  0x0000018afedb8b50 JavaThread "C1 CompilerThread0" daemon [_thread_blocked, id=13196, stack(0x0000002087600000,0x0000002087700000)]
  0x0000018afedbd570 JavaThread "Sweeper thread" daemon [_thread_blocked, id=14096, stack(0x0000002087700000,0x0000002087800000)]
  0x0000018afed7bb70 JavaThread "Common-Cleaner" daemon [_thread_blocked, id=6148, stack(0x0000002087800000,0x0000002087900000)]
  0x0000018b4415f520 JavaThread "Notification Thread" daemon [_thread_blocked, id=10424, stack(0x0000002087a00000,0x0000002087b00000)]
  0x0000018b44fc6f90 JavaThread "Daemon health stats" [_thread_blocked, id=9940, stack(0x0000002087f00000,0x0000002088000000)]
  0x0000018b458aa060 JavaThread "Incoming local TCP Connector on port 50307" [_thread_in_native, id=6360, stack(0x0000002088000000,0x0000002088100000)]
  0x0000018b44fdf040 JavaThread "Daemon periodic checks" [_thread_blocked, id=10860, stack(0x0000002088100000,0x0000002088200000)]
  0x0000018b45aaa5c0 JavaThread "Daemon" [_thread_blocked, id=8184, stack(0x0000002088200000,0x0000002088300000)]
  0x0000018b45aaaaa0 JavaThread "Handler for socket connection from /127.0.0.1:50307 to /127.0.0.1:50308" [_thread_in_native, id=15424, stack(0x0000002088300000,0x0000002088400000)]
  0x0000018b44fee850 JavaThread "Cancel handler" [_thread_blocked, id=13812, stack(0x0000002088400000,0x0000002088500000)]
  0x0000018b44fef270 JavaThread "Daemon worker" [_thread_blocked, id=5708, stack(0x0000002088500000,0x0000002088600000)]
  0x0000018b44fecf00 JavaThread "Asynchronous log dispatcher for DefaultDaemonConnection: socket connection from /127.0.0.1:50307 to /127.0.0.1:50308" [_thread_blocked, id=11456, stack(0x0000002088600000,0x0000002088700000)]
  0x0000018b44ff01a0 JavaThread "Stdin handler" [_thread_blocked, id=12496, stack(0x0000002088700000,0x0000002088800000)]
  0x0000018b44fede30 JavaThread "Daemon client event forwarder" [_thread_blocked, id=268, stack(0x0000002088800000,0x0000002088900000)]
  0x0000018b44fee340 JavaThread "Cache worker for journal cache (C:\Users\DELL\.gradle\caches\journal-1)" [_thread_blocked, id=8908, stack(0x0000002088900000,0x0000002088a00000)]
  0x0000018b44feed60 JavaThread "File lock request listener" [_thread_in_native, id=6392, stack(0x0000002088a00000,0x0000002088b00000)]
  0x0000018b44fed920 JavaThread "Cache worker for file hash cache (C:\Users\DELL\.gradle\caches\8.11.1\fileHashes)" [_thread_blocked, id=13128, stack(0x0000002088b00000,0x0000002088c00000)]
  0x0000018b44ff06b0 JavaThread "Cache worker for file content cache (C:\Users\DELL\.gradle\caches\8.11.1\fileContent)" [_thread_blocked, id=10076, stack(0x0000002088d00000,0x0000002088e00000)]
  0x0000018b44fef780 JavaThread "Cache worker for file hash cache (C:\Users\DELL\read-buddy-app\android\.gradle\8.11.1\fileHashes)" [_thread_blocked, id=264, stack(0x0000002088e00000,0x0000002088f00000)]
  0x0000018b44fed410 JavaThread "Cache worker for Build Output Cleanup Cache (C:\Users\DELL\read-buddy-app\android\.gradle\buildOutputCleanup)" [_thread_blocked, id=5840, stack(0x0000002088f00000,0x0000002089000000)]
  0x0000018b44fefc90 JavaThread "File watcher server" daemon [_thread_in_native, id=1640, stack(0x0000002088c00000,0x0000002088d00000)]
  0x0000018b484262e0 JavaThread "File watcher consumer" daemon [_thread_blocked, id=6372, stack(0x0000002089000000,0x0000002089100000)]
  0x0000018b48427210 JavaThread "Cache worker for checksums cache (C:\Users\DELL\read-buddy-app\android\.gradle\8.11.1\checksums)" [_thread_blocked, id=9988, stack(0x0000002089200000,0x0000002089300000)]
  0x0000018b48428140 JavaThread "Cache worker for cache directory md-rule (C:\Users\DELL\.gradle\caches\8.11.1\md-rule)" [_thread_blocked, id=16268, stack(0x0000002089300000,0x0000002089400000)]
  0x0000018b48429580 JavaThread "Cache worker for cache directory md-supplier (C:\Users\DELL\.gradle\caches\8.11.1\md-supplier)" [_thread_blocked, id=15752, stack(0x0000002089400000,0x0000002089500000)]
  0x0000018b48428650 JavaThread "jar transforms" [_thread_blocked, id=10280, stack(0x0000002089700000,0x0000002089800000)]
  0x0000018b48426d00 JavaThread "Cache worker for Build Output Cleanup Cache (C:\src1\flutter\packages\flutter_tools\gradle\.gradle\buildOutputCleanup)" [_thread_blocked, id=8816, stack(0x0000002089800000,0x0000002089900000)]
  0x0000018b48427c30 JavaThread "Unconstrained build operations" [_thread_blocked, id=13096, stack(0x0000002089900000,0x0000002089a00000)]
  0x0000018b48425dd0 JavaThread "Unconstrained build operations Thread 2" [_thread_blocked, id=15576, stack(0x0000002089a00000,0x0000002089b00000)]
  0x0000018b47973210 JavaThread "Unconstrained build operations Thread 3" [_thread_blocked, id=15812, stack(0x0000002089b00000,0x0000002089c00000)]
  0x0000018b479769c0 JavaThread "Unconstrained build operations Thread 4" [_thread_blocked, id=8124, stack(0x0000002089c00000,0x0000002089d00000)]
  0x0000018b47975fa0 JavaThread "Unconstrained build operations Thread 5" [_thread_blocked, id=10748, stack(0x0000002089d00000,0x0000002089e00000)]
  0x0000018b47975580 JavaThread "Unconstrained build operations Thread 6" [_thread_blocked, id=10260, stack(0x0000002089e00000,0x0000002089f00000)]
  0x0000018b47974b60 JavaThread "Unconstrained build operations Thread 7" [_thread_blocked, id=2720, stack(0x0000002089f00000,0x000000208a000000)]
  0x0000018b47975070 JavaThread "Unconstrained build operations Thread 8" [_thread_blocked, id=11120, stack(0x000000208a000000,0x000000208a100000)]
  0x0000018b47974140 JavaThread "Unconstrained build operations Thread 9" [_thread_blocked, id=8600, stack(0x000000208a100000,0x000000208a200000)]
  0x0000018b479764b0 JavaThread "Memory manager" [_thread_blocked, id=1392, stack(0x000000208a200000,0x000000208a300000)]
  0x0000018b47973720 JavaThread "build event listener" [_thread_blocked, id=12828, stack(0x0000002089600000,0x0000002089700000)]
  0x0000018b47975a90 JavaThread "included builds" [_thread_blocked, id=2768, stack(0x000000208a300000,0x000000208a400000)]
  0x0000018b4768cab0 JavaThread "Execution worker" [_thread_blocked, id=2004, stack(0x000000208a500000,0x000000208a600000)]
  0x0000018b476925d0 JavaThread "Execution worker Thread 2" [_thread_blocked, id=15988, stack(0x000000208a600000,0x000000208a700000)]
  0x0000018b4768fd50 JavaThread "Execution worker Thread 3" [_thread_blocked, id=2000, stack(0x000000208a700000,0x000000208a800000)]
  0x0000018b4768e910 JavaThread "Cache worker for execution history cache (C:\src1\flutter\packages\flutter_tools\gradle\.gradle\8.11.1\executionHistory)" [_thread_blocked, id=15716, stack(0x000000208a800000,0x000000208a900000)]
  0x0000018b4768d4d0 JavaThread "Unconstrained build operations Thread 10" [_thread_blocked, id=14000, stack(0x000000208a900000,0x000000208aa00000)]
  0x0000018b4768ee20 JavaThread "Unconstrained build operations Thread 11" [_thread_blocked, id=6464, stack(0x000000208aa00000,0x000000208ab00000)]
  0x0000018b476920c0 JavaThread "Unconstrained build operations Thread 12" [_thread_blocked, id=3920, stack(0x000000208ab00000,0x000000208ac00000)]
  0x0000018b47690260 JavaThread "Unconstrained build operations Thread 13" [_thread_blocked, id=5072, stack(0x000000208ac00000,0x000000208ad00000)]
  0x0000018b4768d9e0 JavaThread "Unconstrained build operations Thread 14" [_thread_blocked, id=9944, stack(0x000000208ad00000,0x000000208ae00000)]
  0x0000018b47692ae0 JavaThread "Unconstrained build operations Thread 15" [_thread_blocked, id=12944, stack(0x000000208ae00000,0x000000208af00000)]
  0x0000018b47693a10 JavaThread "Unconstrained build operations Thread 16" [_thread_blocked, id=9840, stack(0x000000208b000000,0x000000208b100000)]
  0x0000018b47692ff0 JavaThread "Unconstrained build operations Thread 17" [_thread_blocked, id=12060, stack(0x000000208b100000,0x000000208b200000)]
  0x0000018b4768def0 JavaThread "Unconstrained build operations Thread 18" [_thread_blocked, id=4208, stack(0x000000208b200000,0x000000208b300000)]
  0x0000018b4768e400 JavaThread "Unconstrained build operations Thread 19" [_thread_blocked, id=5496, stack(0x000000208b300000,0x000000208b400000)]
  0x0000018b4768f330 JavaThread "Unconstrained build operations Thread 20" [_thread_blocked, id=3956, stack(0x000000208b400000,0x000000208b500000)]
  0x0000018b47690c80 JavaThread "Unconstrained build operations Thread 21" [_thread_blocked, id=16244, stack(0x000000208af00000,0x000000208b000000)]
  0x0000018b4768f840 JavaThread "Unconstrained build operations Thread 22" [_thread_blocked, id=2408, stack(0x000000208b500000,0x000000208b600000)]
  0x0000018b47690770 JavaThread "Unconstrained build operations Thread 23" [_thread_blocked, id=15888, stack(0x000000208b600000,0x000000208b700000)]
  0x0000018b47691190 JavaThread "Unconstrained build operations Thread 24" [_thread_blocked, id=16004, stack(0x000000208b700000,0x000000208b800000)]
  0x0000018b4768cfc0 JavaThread "Unconstrained build operations Thread 25" [_thread_blocked, id=920, stack(0x000000208b800000,0x000000208b900000)]
  0x0000018b476916a0 JavaThread "Unconstrained build operations Thread 26" [_thread_blocked, id=10064, stack(0x000000208b900000,0x000000208ba00000)]
  0x0000018b47691bb0 JavaThread "Unconstrained build operations Thread 27" [_thread_blocked, id=12524, stack(0x000000208ba00000,0x000000208bb00000)]
  0x0000018b47693500 JavaThread "Unconstrained build operations Thread 28" [_thread_blocked, id=8688, stack(0x000000208bb00000,0x000000208bc00000)]
  0x0000018b4768c5a0 JavaThread "Unconstrained build operations Thread 29" [_thread_blocked, id=16000, stack(0x000000208bc00000,0x000000208bd00000)]
  0x0000018b47d722f0 JavaThread "jar transforms Thread 2" [_thread_blocked, id=5856, stack(0x000000208c000000,0x000000208c100000)]
  0x0000018b47d74150 JavaThread "jar transforms Thread 3" [_thread_blocked, id=8964, stack(0x000000208c100000,0x000000208c200000)]
  0x0000018b47d718d0 JavaThread "jar transforms Thread 4" [_thread_blocked, id=16012, stack(0x000000208c200000,0x000000208c300000)]
  0x0000018b47d6d1f0 JavaThread "build event listener" [_thread_blocked, id=5692, stack(0x000000208bf00000,0x000000208c000000)]
  0x0000018b47d74660 JavaThread "Unconstrained build operations Thread 30" [_thread_blocked, id=10344, stack(0x000000208c300000,0x000000208c400000)]
  0x0000018b47d6dc10 JavaThread "Unconstrained build operations Thread 31" [_thread_blocked, id=11016, stack(0x000000208c400000,0x000000208c500000)]
  0x0000018b47d72d10 JavaThread "Unconstrained build operations Thread 32" [_thread_blocked, id=1628, stack(0x000000208c500000,0x000000208c600000)]
  0x0000018b47d70eb0 JavaThread "Unconstrained build operations Thread 33" [_thread_blocked, id=10608, stack(0x000000208c600000,0x000000208c700000)]
  0x0000018b47d6e120 JavaThread "Unconstrained build operations Thread 34" [_thread_blocked, id=1644, stack(0x000000208c700000,0x000000208c800000)]
  0x0000018b47d73730 JavaThread "Unconstrained build operations Thread 35" [_thread_blocked, id=1572, stack(0x000000208c800000,0x000000208c900000)]
  0x0000018b47d6eb40 JavaThread "Unconstrained build operations Thread 36" [_thread_blocked, id=15712, stack(0x000000208c900000,0x000000208ca00000)]
  0x0000018b47d70490 JavaThread "Unconstrained build operations Thread 37" [_thread_blocked, id=7804, stack(0x000000208ca00000,0x000000208cb00000)]
  0x0000018b47d6f050 JavaThread "Unconstrained build operations Thread 38" [_thread_blocked, id=15592, stack(0x000000208cb00000,0x000000208cc00000)]
  0x0000018b47d6ff80 JavaThread "Unconstrained build operations Thread 39" [_thread_blocked, id=2988, stack(0x000000208cd00000,0x000000208ce00000)]
  0x0000018b47d709a0 JavaThread "Unconstrained build operations Thread 40" [_thread_blocked, id=15880, stack(0x000000208ce00000,0x000000208cf00000)]
  0x0000018b4a7fa8a0 JavaThread "C2 CompilerThread1" daemon [_thread_blocked, id=9584, stack(0x0000002086600000,0x0000002086700000)]

Other Threads:
=>0x0000018afed88420 VMThread "VM Thread" [stack: 0x0000002086e00000,0x0000002086f00000] [id=16072]
  0x0000018ac1eb49d0 WatcherThread [stack: 0x0000002087b00000,0x0000002087c00000] [id=12380]
  0x0000018ac1e97a60 GCTaskThread "GC Thread#0" [stack: 0x0000002086900000,0x0000002086a00000] [id=8412]
  0x0000018b4427c420 GCTaskThread "GC Thread#1" [stack: 0x0000002087c00000,0x0000002087d00000] [id=13796]
  0x0000018b44201740 GCTaskThread "GC Thread#2" [stack: 0x0000002087d00000,0x0000002087e00000] [id=7552]
  0x0000018b45214120 GCTaskThread "GC Thread#3" [stack: 0x0000002087e00000,0x0000002087f00000] [id=13456]
  0x0000018ac1ea98d0 ConcurrentGCThread "G1 Main Marker" [stack: 0x0000002086a00000,0x0000002086b00000] [id=13000]
  0x0000018ac1eaa990 ConcurrentGCThread "G1 Conc#0" [stack: 0x0000002086b00000,0x0000002086c00000] [id=13636]
  0x0000018afec467d0 ConcurrentGCThread "G1 Refine#0" [stack: 0x0000002086c00000,0x0000002086d00000] [id=14912]
  0x0000018b466ea600 ConcurrentGCThread "G1 Refine#1" [stack: 0x0000002089100000,0x0000002089200000] [id=12756]
  0x0000018b466ea8f0 ConcurrentGCThread "G1 Refine#2" [stack: 0x0000002089500000,0x0000002089600000] [id=4256]
  0x0000018afec47110 ConcurrentGCThread "G1 Service" [stack: 0x0000002086d00000,0x0000002086e00000] [id=11148]

Threads with active compile tasks:
C2 CompilerThread0    65538 16136       4       groovy.lang.MetaClassImpl$1MOPIter::methodNameAction (325 bytes)
C2 CompilerThread1    65538 16313       4       java.util.TimSort::gallopRight (335 bytes)

VM state: at safepoint (normal execution)

VM Mutex/Monitor currently owned by a thread:  ([mutex/lock_event])
[0x0000018ac1de6670] Threads_lock - owner thread: 0x0000018afed88420
[0x0000018ac1de7b40] Heap_lock - owner thread: 0x0000018b44fef270

Heap address: 0x0000000600000000, size: 8192 MB, Compressed Oops mode: Zero based, Oop shift amount: 3

CDS archive(s) mapped at: [0x0000018aff000000-0x0000018affbd0000-0x0000018affbd0000), size 12386304, SharedBaseAddress: 0x0000018aff000000, ArchiveRelocationMode: 1.
Compressed class space mapped at: 0x0000018b00000000-0x0000018b40000000, reserved size: 1073741824
Narrow klass base: 0x0000018aff000000, Narrow klass shift: 0, Narrow klass range: 0x100000000

GC Precious Log:
 CPUs: 4 total, 4 available
 Memory: 8038M
 Large Page Support: Disabled
 NUMA Support: Disabled
 Compressed Oops: Enabled (Zero based)
 Heap Region Size: 4M
 Heap Min Capacity: 8M
 Heap Initial Capacity: 128M
 Heap Max Capacity: 8G
 Pre-touch: Disabled
 Parallel Workers: 4
 Concurrent Workers: 1
 Concurrent Refinement Workers: 4
 Periodic GC: Disabled

Heap:
 garbage-first heap   total 389120K, used 184632K [0x0000000600000000, 0x0000000800000000)
  region size 4096K, 3 young (12288K), 3 survivors (12288K)
 Metaspace       used 114038K, committed 115136K, reserved 1179648K
  class space    used 15764K, committed 16256K, reserved 1048576K

Heap Regions: E=young(eden), S=young(survivor), O=old, HS=humongous(starts), HC=humongous(continues), CS=collection set, F=free, OA=open archive, CA=closed archive, TAMS=top-at-mark-start (previous, next)
|   0|0x0000000600000000, 0x0000000600400000, 0x0000000600400000|100%| O|  |TAMS 0x0000000600400000, 0x0000000600000000| Untracked 
|   1|0x0000000600400000, 0x0000000600800000, 0x0000000600800000|100%|HS|  |TAMS 0x0000000600800000, 0x0000000600400000| Complete 
|   2|0x0000000600800000, 0x0000000600c00000, 0x0000000600c00000|100%| O|  |TAMS 0x0000000600c00000, 0x0000000600800000| Untracked 
|   3|0x0000000600c00000, 0x0000000600fd3400, 0x0000000601000000| 95%| O|  |TAMS 0x0000000600fd3400, 0x0000000600c00000| Untracked 
|   4|0x0000000601000000, 0x0000000601400000, 0x0000000601400000|100%| O|  |TAMS 0x0000000601400000, 0x0000000601000000| Untracked 
|   5|0x0000000601400000, 0x0000000601800000, 0x0000000601800000|100%| O|  |TAMS 0x0000000601800000, 0x0000000601400000| Untracked 
|   6|0x0000000601800000, 0x0000000601c00000, 0x0000000601c00000|100%| O|  |TAMS 0x0000000601c00000, 0x0000000601800000| Untracked 
|   7|0x0000000601c00000, 0x0000000602000000, 0x0000000602000000|100%| O|  |TAMS 0x0000000602000000, 0x0000000601c00000| Untracked 
|   8|0x0000000602000000, 0x0000000602400000, 0x0000000602400000|100%| O|  |TAMS 0x0000000602400000, 0x0000000602000000| Untracked 
|   9|0x0000000602400000, 0x0000000602800000, 0x0000000602800000|100%| O|  |TAMS 0x0000000602800000, 0x0000000602400000| Untracked 
|  10|0x0000000602800000, 0x0000000602c00000, 0x0000000602c00000|100%| O|  |TAMS 0x0000000602c00000, 0x0000000602800000| Untracked 
|  11|0x0000000602c00000, 0x0000000603000000, 0x0000000603000000|100%| O|  |TAMS 0x0000000603000000, 0x0000000602c00000| Untracked 
|  12|0x0000000603000000, 0x0000000603400000, 0x0000000603400000|100%|HS|  |TAMS 0x0000000603400000, 0x0000000603000000| Complete 
|  13|0x0000000603400000, 0x0000000603800000, 0x0000000603800000|100%| O|  |TAMS 0x0000000603800000, 0x0000000603400000| Untracked 
|  14|0x0000000603800000, 0x0000000603c00000, 0x0000000603c00000|100%|HS|  |TAMS 0x0000000603c00000, 0x0000000603800000| Complete 
|  15|0x0000000603c00000, 0x0000000604000000, 0x0000000604000000|100%| O|  |TAMS 0x0000000604000000, 0x0000000603c00000| Untracked 
|  16|0x0000000604000000, 0x0000000604400000, 0x0000000604400000|100%| O|  |TAMS 0x0000000604400000, 0x0000000604000000| Untracked 
|  17|0x0000000604400000, 0x0000000604800000, 0x0000000604800000|100%| O|  |TAMS 0x0000000604800000, 0x0000000604400000| Untracked 
|  18|0x0000000604800000, 0x0000000604c00000, 0x0000000604c00000|100%| O|  |TAMS 0x0000000604c00000, 0x0000000604800000| Untracked 
|  19|0x0000000604c00000, 0x0000000605000000, 0x0000000605000000|100%| O|  |TAMS 0x0000000605000000, 0x0000000604c00000| Untracked 
|  20|0x0000000605000000, 0x0000000605400000, 0x0000000605400000|100%| O|  |TAMS 0x0000000605400000, 0x0000000605000000| Untracked 
|  21|0x0000000605400000, 0x0000000605800000, 0x0000000605800000|100%| O|  |TAMS 0x0000000605800000, 0x0000000605400000| Untracked 
|  22|0x0000000605800000, 0x0000000605800000, 0x0000000605c00000|  0%| F|  |TAMS 0x0000000605800000, 0x0000000605800000| Untracked 
|  23|0x0000000605c00000, 0x0000000606000000, 0x0000000606000000|100%| O|  |TAMS 0x0000000605c00000, 0x0000000605c00000| Untracked 
|  24|0x0000000606000000, 0x0000000606400000, 0x0000000606400000|100%| O|  |TAMS 0x0000000606400000, 0x0000000606000000| Untracked 
|  25|0x0000000606400000, 0x0000000606800000, 0x0000000606800000|100%| O|  |TAMS 0x0000000606800000, 0x0000000606400000| Untracked 
|  26|0x0000000606800000, 0x0000000606c00000, 0x0000000606c00000|100%| O|  |TAMS 0x0000000606c00000, 0x0000000606800000| Untracked 
|  27|0x0000000606c00000, 0x0000000607000000, 0x0000000607000000|100%| O|  |TAMS 0x0000000607000000, 0x0000000606c00000| Untracked 
|  28|0x0000000607000000, 0x0000000607400000, 0x0000000607400000|100%| O|  |TAMS 0x0000000607400000, 0x0000000607000000| Untracked 
|  29|0x0000000607400000, 0x0000000607800000, 0x0000000607800000|100%| O|  |TAMS 0x0000000607800000, 0x0000000607400000| Untracked 
|  30|0x0000000607800000, 0x0000000607c00000, 0x0000000607c00000|100%| O|  |TAMS 0x0000000607c00000, 0x0000000607800000| Untracked 
|  31|0x0000000607c00000, 0x0000000608000000, 0x0000000608000000|100%| O|  |TAMS 0x0000000608000000, 0x0000000607c00000| Untracked 
|  32|0x0000000608000000, 0x0000000608400000, 0x0000000608400000|100%| O|  |TAMS 0x0000000608400000, 0x0000000608000000| Untracked 
|  33|0x0000000608400000, 0x0000000608800000, 0x0000000608800000|100%| O|  |TAMS 0x0000000608800000, 0x0000000608400000| Untracked 
|  34|0x0000000608800000, 0x0000000608c00000, 0x0000000608c00000|100%| O|  |TAMS 0x0000000608c00000, 0x0000000608800000| Untracked 
|  35|0x0000000608c00000, 0x0000000609000000, 0x0000000609000000|100%| O|  |TAMS 0x0000000609000000, 0x0000000608c00000| Untracked 
|  36|0x0000000609000000, 0x0000000609400000, 0x0000000609400000|100%| O|  |TAMS 0x0000000609400000, 0x0000000609000000| Untracked 
|  37|0x0000000609400000, 0x0000000609800000, 0x0000000609800000|100%| O|  |TAMS 0x0000000609800000, 0x0000000609400000| Untracked 
|  38|0x0000000609800000, 0x0000000609c00000, 0x0000000609c00000|100%| O|  |TAMS 0x0000000609c00000, 0x0000000609800000| Untracked 
|  39|0x0000000609c00000, 0x000000060a000000, 0x000000060a000000|100%| O|  |TAMS 0x000000060a000000, 0x0000000609c00000| Untracked 
|  40|0x000000060a000000, 0x000000060a000000, 0x000000060a400000|  0%| F|  |TAMS 0x000000060a000000, 0x000000060a000000| Untracked 
|  41|0x000000060a400000, 0x000000060a800000, 0x000000060a800000|100%| O|  |TAMS 0x000000060a452a00, 0x000000060a400000| Untracked 
|  42|0x000000060a800000, 0x000000060ac00000, 0x000000060ac00000|100%| O|  |TAMS 0x000000060a800000, 0x000000060a800000| Untracked 
|  43|0x000000060ac00000, 0x000000060b000000, 0x000000060b000000|100%| O|  |TAMS 0x000000060ac00000, 0x000000060ac00000| Untracked 
|  44|0x000000060b000000, 0x000000060b164800, 0x000000060b400000| 34%| O|  |TAMS 0x000000060b000000, 0x000000060b000000| Untracked 
|  45|0x000000060b400000, 0x000000060b400000, 0x000000060b800000|  0%| F|  |TAMS 0x000000060b400000, 0x000000060b400000| Untracked 
|  46|0x000000060b800000, 0x000000060b800000, 0x000000060bc00000|  0%| F|  |TAMS 0x000000060b800000, 0x000000060b800000| Untracked 
|  47|0x000000060bc00000, 0x000000060bc00000, 0x000000060c000000|  0%| F|  |TAMS 0x000000060bc00000, 0x000000060bc00000| Untracked 
|  48|0x000000060c000000, 0x000000060c000000, 0x000000060c400000|  0%| F|  |TAMS 0x000000060c000000, 0x000000060c000000| Untracked 
|  49|0x000000060c400000, 0x000000060c400000, 0x000000060c800000|  0%| F|  |TAMS 0x000000060c400000, 0x000000060c400000| Untracked 
|  50|0x000000060c800000, 0x000000060c800000, 0x000000060cc00000|  0%| F|  |TAMS 0x000000060c800000, 0x000000060c800000| Untracked 
|  51|0x000000060cc00000, 0x000000060cc00000, 0x000000060d000000|  0%| F|  |TAMS 0x000000060cc00000, 0x000000060cc00000| Untracked 
|  52|0x000000060d000000, 0x000000060d000000, 0x000000060d400000|  0%| F|  |TAMS 0x000000060d000000, 0x000000060d000000| Untracked 
|  53|0x000000060d400000, 0x000000060d400000, 0x000000060d800000|  0%| F|  |TAMS 0x000000060d400000, 0x000000060d400000| Untracked 
|  54|0x000000060d800000, 0x000000060d800000, 0x000000060dc00000|  0%| F|  |TAMS 0x000000060d800000, 0x000000060d800000| Untracked 
|  55|0x000000060dc00000, 0x000000060dc00000, 0x000000060e000000|  0%| F|  |TAMS 0x000000060dc00000, 0x000000060dc00000| Untracked 
|  56|0x000000060e000000, 0x000000060e000000, 0x000000060e400000|  0%| F|  |TAMS 0x000000060e000000, 0x000000060e000000| Untracked 
|  57|0x000000060e400000, 0x000000060e400000, 0x000000060e800000|  0%| F|  |TAMS 0x000000060e400000, 0x000000060e400000| Untracked 
|  58|0x000000060e800000, 0x000000060e800000, 0x000000060ec00000|  0%| F|  |TAMS 0x000000060e800000, 0x000000060e800000| Untracked 
|  59|0x000000060ec00000, 0x000000060ef16698, 0x000000060f000000| 77%| S|CS|TAMS 0x000000060ec00000, 0x000000060ec00000| Complete 
|  60|0x000000060f000000, 0x000000060f400000, 0x000000060f400000|100%| S|CS|TAMS 0x000000060f000000, 0x000000060f000000| Complete 
|  61|0x000000060f400000, 0x000000060f800000, 0x000000060f800000|100%| S|CS|TAMS 0x000000060f400000, 0x000000060f400000| Complete 
|  62|0x000000060f800000, 0x000000060f800000, 0x000000060fc00000|  0%| F|  |TAMS 0x000000060f800000, 0x000000060f800000| Untracked 
|  63|0x000000060fc00000, 0x000000060fc00000, 0x0000000610000000|  0%| F|  |TAMS 0x000000060fc00000, 0x000000060fc00000| Untracked 
|  64|0x0000000610000000, 0x0000000610000000, 0x0000000610400000|  0%| F|  |TAMS 0x0000000610000000, 0x0000000610000000| Untracked 
|  65|0x0000000610400000, 0x0000000610400000, 0x0000000610800000|  0%| F|  |TAMS 0x0000000610400000, 0x0000000610400000| Untracked 
|  66|0x0000000610800000, 0x0000000610800000, 0x0000000610c00000|  0%| F|  |TAMS 0x0000000610800000, 0x0000000610800000| Untracked 
|  67|0x0000000610c00000, 0x0000000610c00000, 0x0000000611000000|  0%| F|  |TAMS 0x0000000610c00000, 0x0000000610c00000| Untracked 
|  68|0x0000000611000000, 0x0000000611000000, 0x0000000611400000|  0%| F|  |TAMS 0x0000000611000000, 0x0000000611000000| Untracked 
|  69|0x0000000611400000, 0x0000000611400000, 0x0000000611800000|  0%| F|  |TAMS 0x0000000611400000, 0x0000000611400000| Untracked 
|  70|0x0000000611800000, 0x0000000611800000, 0x0000000611c00000|  0%| F|  |TAMS 0x0000000611800000, 0x0000000611800000| Untracked 
|  71|0x0000000611c00000, 0x0000000611c00000, 0x0000000612000000|  0%| F|  |TAMS 0x0000000611c00000, 0x0000000611c00000| Untracked 
|  72|0x0000000612000000, 0x0000000612000000, 0x0000000612400000|  0%| F|  |TAMS 0x0000000612000000, 0x0000000612000000| Untracked 
|  73|0x0000000612400000, 0x0000000612400000, 0x0000000612800000|  0%| F|  |TAMS 0x0000000612400000, 0x0000000612400000| Untracked 
|  74|0x0000000612800000, 0x0000000612800000, 0x0000000612c00000|  0%| F|  |TAMS 0x0000000612800000, 0x0000000612800000| Untracked 
|  75|0x0000000612c00000, 0x0000000612c00000, 0x0000000613000000|  0%| F|  |TAMS 0x0000000612c00000, 0x0000000612c00000| Untracked 
|  76|0x0000000613000000, 0x0000000613000000, 0x0000000613400000|  0%| F|  |TAMS 0x0000000613000000, 0x0000000613000000| Untracked 
|  77|0x0000000613400000, 0x0000000613400000, 0x0000000613800000|  0%| F|  |TAMS 0x0000000613400000, 0x0000000613400000| Untracked 
|  78|0x0000000613800000, 0x0000000613800000, 0x0000000613c00000|  0%| F|  |TAMS 0x0000000613800000, 0x0000000613800000| Untracked 
|  79|0x0000000613c00000, 0x0000000613c00000, 0x0000000614000000|  0%| F|  |TAMS 0x0000000613c00000, 0x0000000613c00000| Untracked 
|  80|0x0000000614000000, 0x0000000614000000, 0x0000000614400000|  0%| F|  |TAMS 0x0000000614000000, 0x0000000614000000| Untracked 
|  81|0x0000000614400000, 0x0000000614400000, 0x0000000614800000|  0%| F|  |TAMS 0x0000000614400000, 0x0000000614400000| Untracked 
|  82|0x0000000614800000, 0x0000000614800000, 0x0000000614c00000|  0%| F|  |TAMS 0x0000000614800000, 0x0000000614800000| Untracked 
|  83|0x0000000614c00000, 0x0000000614c00000, 0x0000000615000000|  0%| F|  |TAMS 0x0000000614c00000, 0x0000000614c00000| Untracked 
|  84|0x0000000615000000, 0x0000000615000000, 0x0000000615400000|  0%| F|  |TAMS 0x0000000615000000, 0x0000000615000000| Untracked 
|  85|0x0000000615400000, 0x0000000615400000, 0x0000000615800000|  0%| F|  |TAMS 0x0000000615400000, 0x0000000615400000| Untracked 
|  86|0x0000000615800000, 0x0000000615800000, 0x0000000615c00000|  0%| F|  |TAMS 0x0000000615800000, 0x0000000615800000| Untracked 
|  87|0x0000000615c00000, 0x0000000615c00000, 0x0000000616000000|  0%| F|  |TAMS 0x0000000615c00000, 0x0000000615c00000| Untracked 
|  88|0x0000000616000000, 0x0000000616000000, 0x0000000616400000|  0%| F|  |TAMS 0x0000000616000000, 0x0000000616000000| Untracked 
|  89|0x0000000616400000, 0x0000000616400000, 0x0000000616800000|  0%| F|  |TAMS 0x0000000616400000, 0x0000000616400000| Untracked 
|  90|0x0000000616800000, 0x0000000616800000, 0x0000000616c00000|  0%| F|  |TAMS 0x0000000616800000, 0x0000000616800000| Untracked 
|  91|0x0000000616c00000, 0x0000000616c00000, 0x0000000617000000|  0%| F|  |TAMS 0x0000000616c00000, 0x0000000616c00000| Untracked 
|  92|0x0000000617000000, 0x0000000617000000, 0x0000000617400000|  0%| F|  |TAMS 0x0000000617000000, 0x0000000617000000| Untracked 
|  93|0x0000000617400000, 0x0000000617400000, 0x0000000617800000|  0%| F|  |TAMS 0x0000000617400000, 0x0000000617400000| Untracked 
|  94|0x0000000617800000, 0x0000000617800000, 0x0000000617c00000|  0%| F|  |TAMS 0x0000000617800000, 0x0000000617800000| Untracked 

Card table byte_map: [0x0000018aea7c0000,0x0000018aeb7c0000] _byte_map_base: 0x0000018ae77c0000

Marking Bits (Prev, Next): (CMBitMap*) 0x0000018ac1e98fe0, (CMBitMap*) 0x0000018ac1e98fa0
 Prev Bits: [0x0000018af47c0000, 0x0000018afc7c0000)
 Next Bits: [0x0000018aec7c0000, 0x0000018af47c0000)

Polling page: 0x0000018abfdb0000

Metaspace:

Usage:
  Non-class:     95.97 MB used.
      Class:     15.39 MB used.
       Both:    111.37 MB used.

Virtual space:
  Non-class space:      128.00 MB reserved,      96.56 MB ( 75%) committed,  2 nodes.
      Class space:        1.00 GB reserved,      15.88 MB (  2%) committed,  1 nodes.
             Both:        1.12 GB reserved,     112.44 MB ( 10%) committed. 

Chunk freelists:
   Non-Class:  14.77 MB
       Class:  144.00 KB
        Both:  14.91 MB

MaxMetaspaceSize: 4.00 GB
CompressedClassSpaceSize: 1.00 GB
Initial GC threshold: 21.00 MB
Current GC threshold: 185.88 MB
CDS: on
MetaspaceReclaimPolicy: balanced
 - commit_granule_bytes: 65536.
 - commit_granule_words: 8192.
 - virtual_space_node_default_size: 8388608.
 - enlarge_chunks_in_place: 1.
 - new_chunks_are_fully_committed: 0.
 - uncommit_free_chunks: 1.
 - use_allocation_guard: 0.
 - handle_deallocations: 1.


Internal statistics:

num_allocs_failed_limit: 12.
num_arena_births: 1504.
num_arena_deaths: 6.
num_vsnodes_births: 3.
num_vsnodes_deaths: 0.
num_space_committed: 1799.
num_space_uncommitted: 0.
num_chunks_returned_to_freelist: 25.
num_chunks_taken_from_freelist: 6438.
num_chunk_merges: 13.
num_chunk_splits: 4233.
num_chunks_enlarged: 2768.
num_inconsistent_stats: 0.

CodeHeap 'non-profiled nmethods': size=259264Kb used=10614Kb max_used=10614Kb free=248649Kb
 bounds [0x0000018ad9980000, 0x0000018ada3e0000, 0x0000018ae96b0000]
CodeHeap 'profiled nmethods': size=259264Kb used=27515Kb max_used=27515Kb free=231748Kb
 bounds [0x0000018ac96b0000, 0x0000018acb190000, 0x0000018ad93e0000]
CodeHeap 'non-nmethods': size=5760Kb used=2488Kb max_used=2595Kb free=3271Kb
 bounds [0x0000018ad93e0000, 0x0000018ad9680000, 0x0000018ad9980000]
 total_blobs=14973 nmethods=13942 adapters=941
 compilation: enabled
              stopped_count=0, restarted_count=0
 full_count=0

Compilation events (20 events):
Event: 65.406 Thread 0x0000018afedb8b50 16311       3       org.apache.groovy.parser.antlr4.GroovyParser$IdentifierPrmrAltContext::<init> (10 bytes)
Event: 65.406 Thread 0x0000018afedb8b50 nmethod 16311 0x0000018acb180c10 code [0x0000018acb180de0, 0x0000018acb181228]
Event: 65.412 Thread 0x0000018afedb8b50 16316       3       org.apache.groovy.parser.antlr4.GroovyParser$PostfixExpressionContext::<init> (7 bytes)
Event: 65.413 Thread 0x0000018afedb8b50 nmethod 16316 0x0000018acb181390 code [0x0000018acb181540, 0x0000018acb181878]
Event: 65.413 Thread 0x0000018afedb8b50 16317   !   3       org.apache.groovy.parser.antlr4.GroovyParser::pathExpression (332 bytes)
Event: 65.414 Thread 0x0000018b4a7fa8a0 nmethod 16307 0x0000018ada3dca90 code [0x0000018ada3dcc80, 0x0000018ada3dd318]
Event: 65.414 Thread 0x0000018b4a7fa8a0 16313       4       java.util.TimSort::gallopRight (335 bytes)
Event: 65.415 Thread 0x0000018afedb8b50 nmethod 16317 0x0000018acb181990 code [0x0000018acb181ce0, 0x0000018acb183878]
Event: 65.415 Thread 0x0000018afedb8b50 16318       3       org.apache.groovy.parser.antlr4.GroovyParser$PathExpressionContext::<init> (7 bytes)
Event: 65.415 Thread 0x0000018afedb8b50 nmethod 16318 0x0000018acb184390 code [0x0000018acb184540, 0x0000018acb184878]
Event: 65.415 Thread 0x0000018afedb8b50 16319   !   3       org.apache.groovy.parser.antlr4.GroovyParser::primary (608 bytes)
Event: 65.418 Thread 0x0000018afedb8b50 nmethod 16319 0x0000018acb184990 code [0x0000018acb184fc0, 0x0000018acb188e78]
Event: 65.420 Thread 0x0000018afedb8b50 16321       3       org.apache.groovy.parser.antlr4.GroovyParser$NlsContext::<init> (7 bytes)
Event: 65.420 Thread 0x0000018afedb8b50 nmethod 16321 0x0000018acb18a890 code [0x0000018acb18aa40, 0x0000018acb18ad78]
Event: 65.420 Thread 0x0000018afedb8b50 16322   !   3       org.apache.groovy.parser.antlr4.GroovyParser::nls (193 bytes)
Event: 65.421 Thread 0x0000018afedb8b50 nmethod 16322 0x0000018acb18ae90 code [0x0000018acb18b140, 0x0000018acb18c4b8]
Event: 65.422 Thread 0x0000018afedb8b50 16323   !   3       org.apache.groovy.parser.antlr4.GroovyParser::postfixExpression (248 bytes)
Event: 65.423 Thread 0x0000018afedb8b50 nmethod 16323 0x0000018acb18cb90 code [0x0000018acb18cec0, 0x0000018acb18e8a8]
Event: 65.435 Thread 0x0000018afedb8b50 16324       3       groovyjarjarantlr4.v4.runtime.atn.SemanticContext::or (58 bytes)
Event: 65.435 Thread 0x0000018afedb8b50 nmethod 16324 0x0000018acb18f310 code [0x0000018acb18f4e0, 0x0000018acb18f888]

GC Heap History (20 events):
Event: 50.046 GC heap after
{Heap after GC invocations=50 (full 0):
 garbage-first heap   total 278528K, used 123505K [0x0000000600000000, 0x0000000800000000)
  region size 4096K, 3 young (12288K), 3 survivors (12288K)
 Metaspace       used 103771K, committed 104576K, reserved 1179648K
  class space    used 14376K, committed 14784K, reserved 1048576K
}
Event: 51.857 GC heap before
{Heap before GC invocations=50 (full 0):
 garbage-first heap   total 278528K, used 217713K [0x0000000600000000, 0x0000000800000000)
  region size 4096K, 26 young (106496K), 3 survivors (12288K)
 Metaspace       used 109926K, committed 110784K, reserved 1179648K
  class space    used 15259K, committed 15680K, reserved 1048576K
}
Event: 51.873 GC heap after
{Heap after GC invocations=51 (full 0):
 garbage-first heap   total 278528K, used 127963K [0x0000000600000000, 0x0000000800000000)
  region size 4096K, 2 young (8192K), 2 survivors (8192K)
 Metaspace       used 109926K, committed 110784K, reserved 1179648K
  class space    used 15259K, committed 15680K, reserved 1048576K
}
Event: 53.031 GC heap before
{Heap before GC invocations=51 (full 0):
 garbage-first heap   total 278528K, used 222171K [0x0000000600000000, 0x0000000800000000)
  region size 4096K, 25 young (102400K), 2 survivors (8192K)
 Metaspace       used 110489K, committed 111424K, reserved 1179648K
  class space    used 15306K, committed 15744K, reserved 1048576K
}
Event: 53.053 GC heap after
{Heap after GC invocations=52 (full 0):
 garbage-first heap   total 278528K, used 134770K [0x0000000600000000, 0x0000000800000000)
  region size 4096K, 4 young (16384K), 4 survivors (16384K)
 Metaspace       used 110489K, committed 111424K, reserved 1179648K
  class space    used 15306K, committed 15744K, reserved 1048576K
}
Event: 55.408 GC heap before
{Heap before GC invocations=52 (full 0):
 garbage-first heap   total 278528K, used 216690K [0x0000000600000000, 0x0000000800000000)
  region size 4096K, 25 young (102400K), 4 survivors (16384K)
 Metaspace       used 112143K, committed 113024K, reserved 1179648K
  class space    used 15565K, committed 16000K, reserved 1048576K
}
Event: 55.439 GC heap after
{Heap after GC invocations=53 (full 0):
 garbage-first heap   total 278528K, used 146790K [0x0000000600000000, 0x0000000800000000)
  region size 4096K, 4 young (16384K), 4 survivors (16384K)
 Metaspace       used 112143K, committed 113024K, reserved 1179648K
  class space    used 15565K, committed 16000K, reserved 1048576K
}
Event: 56.451 GC heap before
{Heap before GC invocations=53 (full 0):
 garbage-first heap   total 278528K, used 216422K [0x0000000600000000, 0x0000000800000000)
  region size 4096K, 22 young (90112K), 4 survivors (16384K)
 Metaspace       used 112196K, committed 113152K, reserved 1179648K
  class space    used 15574K, committed 16000K, reserved 1048576K
}
Event: 56.470 GC heap after
{Heap after GC invocations=54 (full 0):
 garbage-first heap   total 364544K, used 156130K [0x0000000600000000, 0x0000000800000000)
  region size 4096K, 3 young (12288K), 3 survivors (12288K)
 Metaspace       used 112196K, committed 113152K, reserved 1179648K
  class space    used 15574K, committed 16000K, reserved 1048576K
}
Event: 59.484 GC heap before
{Heap before GC invocations=55 (full 0):
 garbage-first heap   total 364544K, used 287202K [0x0000000600000000, 0x0000000800000000)
  region size 4096K, 35 young (143360K), 3 survivors (12288K)
 Metaspace       used 112923K, committed 113984K, reserved 1179648K
  class space    used 15651K, committed 16128K, reserved 1048576K
}
Event: 59.511 GC heap after
{Heap after GC invocations=56 (full 0):
 garbage-first heap   total 364544K, used 165543K [0x0000000600000000, 0x0000000800000000)
  region size 4096K, 5 young (20480K), 5 survivors (20480K)
 Metaspace       used 112923K, committed 113984K, reserved 1179648K
  class space    used 15651K, committed 16128K, reserved 1048576K
}
Event: 59.671 GC heap before
{Heap before GC invocations=56 (full 0):
 garbage-first heap   total 364544K, used 169639K [0x0000000600000000, 0x0000000800000000)
  region size 4096K, 6 young (24576K), 5 survivors (20480K)
 Metaspace       used 112971K, committed 113984K, reserved 1179648K
  class space    used 15657K, committed 16128K, reserved 1048576K
}
Event: 59.714 GC heap after
{Heap after GC invocations=57 (full 0):
 garbage-first heap   total 364544K, used 167271K [0x0000000600000000, 0x0000000800000000)
  region size 4096K, 1 young (4096K), 1 survivors (4096K)
 Metaspace       used 112971K, committed 113984K, reserved 1179648K
  class space    used 15657K, committed 16128K, reserved 1048576K
}
Event: 62.673 GC heap before
{Heap before GC invocations=57 (full 0):
 garbage-first heap   total 364544K, used 286055K [0x0000000600000000, 0x0000000800000000)
  region size 4096K, 30 young (122880K), 1 survivors (4096K)
 Metaspace       used 113110K, committed 114176K, reserved 1179648K
  class space    used 15671K, committed 16128K, reserved 1048576K
}
Event: 62.692 GC heap after
{Heap after GC invocations=58 (full 0):
 garbage-first heap   total 364544K, used 173652K [0x0000000600000000, 0x0000000800000000)
  region size 4096K, 3 young (12288K), 3 survivors (12288K)
 Metaspace       used 113110K, committed 114176K, reserved 1179648K
  class space    used 15671K, committed 16128K, reserved 1048576K
}
Event: 64.110 GC heap before
{Heap before GC invocations=59 (full 0):
 garbage-first heap   total 389120K, used 280148K [0x0000000600000000, 0x0000000800000000)
  region size 4096K, 30 young (122880K), 3 survivors (12288K)
 Metaspace       used 113344K, committed 114432K, reserved 1179648K
  class space    used 15687K, committed 16192K, reserved 1048576K
}
Event: 64.125 GC heap after
{Heap after GC invocations=60 (full 0):
 garbage-first heap   total 389120K, used 177663K [0x0000000600000000, 0x0000000800000000)
  region size 4096K, 3 young (12288K), 3 survivors (12288K)
 Metaspace       used 113344K, committed 114432K, reserved 1179648K
  class space    used 15687K, committed 16192K, reserved 1048576K
}
Event: 64.162 GC heap before
{Heap before GC invocations=60 (full 0):
 garbage-first heap   total 389120K, used 181759K [0x0000000600000000, 0x0000000800000000)
  region size 4096K, 4 young (16384K), 3 survivors (12288K)
 Metaspace       used 113344K, committed 114432K, reserved 1179648K
  class space    used 15687K, committed 16192K, reserved 1048576K
}
Event: 64.192 GC heap after
{Heap after GC invocations=61 (full 0):
 garbage-first heap   total 389120K, used 175354K [0x0000000600000000, 0x0000000800000000)
  region size 4096K, 1 young (4096K), 1 survivors (4096K)
 Metaspace       used 113344K, committed 114432K, reserved 1179648K
  class space    used 15687K, committed 16192K, reserved 1048576K
}
Event: 65.445 GC heap before
{Heap before GC invocations=61 (full 0):
 garbage-first heap   total 389120K, used 306426K [0x0000000600000000, 0x0000000800000000)
  region size 4096K, 33 young (135168K), 1 survivors (4096K)
 Metaspace       used 114038K, committed 115136K, reserved 1179648K
  class space    used 15764K, committed 16256K, reserved 1048576K
}

Deoptimization events (20 events):
Event: 65.358 Thread 0x0000018b44fef270 Uncommon trap: trap_request=0xffffffbe fr.pc=0x0000018ad9f61618 relative=0x0000000000000d58
Event: 65.358 Thread 0x0000018b44fef270 Uncommon trap: reason=profile_predicate action=maybe_recompile pc=0x0000018ad9f61618 method=java.lang.StringLatin1.replace([BI[BI[BI)Ljava/lang/String; @ 180 c2
Event: 65.358 Thread 0x0000018b44fef270 DEOPT PACKING pc=0x0000018ad9f61618 sp=0x00000020885f84e0
Event: 65.358 Thread 0x0000018b44fef270 DEOPT UNPACKING pc=0x0000018ad94323a3 sp=0x00000020885f8430 mode 2
Event: 65.359 Thread 0x0000018b44fef270 Uncommon trap: trap_request=0xffffffbe fr.pc=0x0000018ad9f61618 relative=0x0000000000000d58
Event: 65.359 Thread 0x0000018b44fef270 Uncommon trap: reason=profile_predicate action=maybe_recompile pc=0x0000018ad9f61618 method=java.lang.StringLatin1.replace([BI[BI[BI)Ljava/lang/String; @ 180 c2
Event: 65.360 Thread 0x0000018b44fef270 DEOPT PACKING pc=0x0000018ad9f61618 sp=0x00000020885f84e0
Event: 65.360 Thread 0x0000018b44fef270 DEOPT UNPACKING pc=0x0000018ad94323a3 sp=0x00000020885f8430 mode 2
Event: 65.392 Thread 0x0000018b44fef270 Uncommon trap: trap_request=0xffffffc6 fr.pc=0x0000018ad9ecbda4 relative=0x0000000000000204
Event: 65.392 Thread 0x0000018b44fef270 Uncommon trap: reason=bimorphic_or_optimized_type_check action=maybe_recompile pc=0x0000018ad9ecbda4 method=org.gradle.internal.snapshot.LargeChildMap.withNode(Lorg/gradle/internal/snapshot/VfsRelativePath;Lorg/gradle/internal/snapshot/CaseSensitivity;Lor
Event: 65.392 Thread 0x0000018b44fef270 DEOPT PACKING pc=0x0000018ad9ecbda4 sp=0x00000020885f8d70
Event: 65.392 Thread 0x0000018b44fef270 DEOPT UNPACKING pc=0x0000018ad94323a3 sp=0x00000020885f8d70 mode 2
Event: 65.406 Thread 0x0000018b44fef270 DEOPT PACKING pc=0x0000018ac9f3d6e9 sp=0x00000020885f6480
Event: 65.406 Thread 0x0000018b44fef270 DEOPT UNPACKING pc=0x0000018ad9432b43 sp=0x00000020885f5980 mode 0
Event: 65.429 Thread 0x0000018b44fef270 DEOPT PACKING pc=0x0000018acafa10e1 sp=0x00000020885f5f80
Event: 65.429 Thread 0x0000018b44fef270 DEOPT UNPACKING pc=0x0000018ad9432b43 sp=0x00000020885f54d8 mode 0
Event: 65.434 Thread 0x0000018b44fef270 DEOPT PACKING pc=0x0000018acafa0cb0 sp=0x00000020885f5700
Event: 65.434 Thread 0x0000018b44fef270 DEOPT UNPACKING pc=0x0000018ad9432b43 sp=0x00000020885f4c58 mode 0
Event: 65.440 Thread 0x0000018b44fef270 DEOPT PACKING pc=0x0000018acafa0cb0 sp=0x00000020885f5f80
Event: 65.440 Thread 0x0000018b44fef270 DEOPT UNPACKING pc=0x0000018ad9432b43 sp=0x00000020885f54d8 mode 0

Classes unloaded (13 events):
Event: 25.620 Thread 0x0000018afed88420 Unloading class 0x0000018b0057d7d0 '_BuildScript_$_run_closure2'
Event: 25.621 Thread 0x0000018afed88420 Unloading class 0x0000018b0057d3e8 '_BuildScript_$_run_closure1$_closure4'
Event: 25.621 Thread 0x0000018afed88420 Unloading class 0x0000018b0057d000 '_BuildScript_$_run_closure1$_closure3$_closure5'
Event: 25.621 Thread 0x0000018afed88420 Unloading class 0x0000018b0057c918 '_BuildScript_$_run_closure1$_closure3'
Event: 25.621 Thread 0x0000018afed88420 Unloading class 0x0000018b0057c530 '_BuildScript_$_run_closure1'
Event: 25.621 Thread 0x0000018afed88420 Unloading class 0x0000018b0057c000 '_BuildScript_'
Event: 43.073 Thread 0x0000018afed88420 Unloading class 0x0000018b00b99bb8 '_BuildScript_$_run_closure4'
Event: 43.073 Thread 0x0000018afed88420 Unloading class 0x0000018b00b997d0 '_BuildScript_$_run_closure3'
Event: 43.073 Thread 0x0000018afed88420 Unloading class 0x0000018b00b993e8 '_BuildScript_$_run_closure2'
Event: 43.073 Thread 0x0000018afed88420 Unloading class 0x0000018b00b99000 '_BuildScript_$_run_closure1$_closure5'
Event: 43.073 Thread 0x0000018afed88420 Unloading class 0x0000018b00b98400 '_BuildScript_$_run_closure1'
Event: 43.073 Thread 0x0000018afed88420 Unloading class 0x0000018b00b98800 '_BuildScript_'
Event: 43.073 Thread 0x0000018afed88420 Unloading class 0x0000018b00b90800 '_BuildScript_'

Classes redefined (0 events):
No events

Internal exceptions (20 events):
Event: 65.139 Thread 0x0000018b44fef270 Exception <a 'java/lang/ClassNotFoundException'{0x000000061175b348}: com/android/build/gradle/internal/api/DefaultAndroidSourceSet_DecoratedBeanInfo> (0x000000061175b348) 
thrown [s\open\src\hotspot\share\classfile\systemDictionary.cpp, line 256]
Event: 65.140 Thread 0x0000018b44fef270 Exception <a 'java/lang/ClassNotFoundException'{0x000000061176a6b8}: com/android/build/gradle/internal/api/DefaultAndroidSourceSetBeanInfo> (0x000000061176a6b8) 
thrown [s\open\src\hotspot\share\classfile\systemDictionary.cpp, line 256]
Event: 65.140 Thread 0x0000018b44fef270 Exception <a 'java/lang/ClassNotFoundException'{0x0000000611779b50}: com/android/build/gradle/internal/api/DefaultAndroidSourceSetCustomizer> (0x0000000611779b50) 
thrown [s\open\src\hotspot\share\classfile\systemDictionary.cpp, line 256]
Event: 65.142 Thread 0x0000018b44fef270 Exception <a 'java/lang/ClassNotFoundException'{0x00000006117e2810}: com/android/build/gradle/internal/api/DefaultAndroidSourceSet_DecoratedCustomizer> (0x00000006117e2810) 
thrown [s\open\src\hotspot\share\classfile\systemDictionary.cpp, line 256]
Event: 65.147 Thread 0x0000018b44fef270 Exception <a 'java/lang/ClassNotFoundException'{0x000000061105f508}: com/android/build/gradle/internal/api/DefaultAndroidSourceDirectorySetBeanInfo> (0x000000061105f508) 
thrown [s\open\src\hotspot\share\classfile\systemDictionary.cpp, line 256]
Event: 65.147 Thread 0x0000018b44fef270 Exception <a 'java/lang/ClassNotFoundException'{0x000000061106eb70}: com/android/build/gradle/internal/api/DefaultAndroidSourceDirectorySetCustomizer> (0x000000061106eb70) 
thrown [s\open\src\hotspot\share\classfile\systemDictionary.cpp, line 256]
Event: 65.154 Thread 0x0000018b44fef270 Exception <a 'java/lang/ClassNotFoundException'{0x000000061118b560}: com/google/common/collect/SingletonImmutableSetBeanInfo> (0x000000061118b560) 
thrown [s\open\src\hotspot\share\classfile\systemDictionary.cpp, line 256]
Event: 65.155 Thread 0x0000018b44fef270 Exception <a 'java/lang/ClassNotFoundException'{0x000000061119a290}: com/google/common/collect/ImmutableSetBeanInfo> (0x000000061119a290) 
thrown [s\open\src\hotspot\share\classfile\systemDictionary.cpp, line 256]
Event: 65.156 Thread 0x0000018b44fef270 Exception <a 'java/lang/ClassNotFoundException'{0x00000006111a9148}: com/google/common/collect/ImmutableCollectionBeanInfo> (0x00000006111a9148) 
thrown [s\open\src\hotspot\share\classfile\systemDictionary.cpp, line 256]
Event: 65.156 Thread 0x0000018b44fef270 Exception <a 'java/lang/ClassNotFoundException'{0x00000006111b8140}: com/google/common/collect/ImmutableCollectionCustomizer> (0x00000006111b8140) 
thrown [s\open\src\hotspot\share\classfile\systemDictionary.cpp, line 256]
Event: 65.165 Thread 0x0000018b44fef270 Exception <a 'java/lang/ClassNotFoundException'{0x0000000611207ad8}: com/google/common/collect/ImmutableSetCustomizer> (0x0000000611207ad8) 
thrown [s\open\src\hotspot\share\classfile\systemDictionary.cpp, line 256]
Event: 65.167 Thread 0x0000018b44fef270 Exception <a 'java/lang/ClassNotFoundException'{0x000000061122f568}: com/google/common/collect/SingletonImmutableSetCustomizer> (0x000000061122f568) 
thrown [s\open\src\hotspot\share\classfile\systemDictionary.cpp, line 256]
Event: 65.187 Thread 0x0000018b44fef270 Exception <a 'java/lang/ClassNotFoundException'{0x000000061135fcb0}: com/android/build/gradle/internal/dsl/LintImpl$AgpDecorated_DecoratedBeanInfo> (0x000000061135fcb0) 
thrown [s\open\src\hotspot\share\classfile\systemDictionary.cpp, line 256]
Event: 65.188 Thread 0x0000018b44fef270 Exception <a 'java/lang/ClassNotFoundException'{0x000000061136f010}: com/android/build/gradle/internal/dsl/LintImpl$AgpDecoratedBeanInfo> (0x000000061136f010) 
thrown [s\open\src\hotspot\share\classfile\systemDictionary.cpp, line 256]
Event: 65.189 Thread 0x0000018b44fef270 Exception <a 'java/lang/ClassNotFoundException'{0x000000061137e010}: com/android/build/gradle/internal/dsl/LintImplBeanInfo> (0x000000061137e010) 
thrown [s\open\src\hotspot\share\classfile\systemDictionary.cpp, line 256]
Event: 65.189 Thread 0x0000018b44fef270 Exception <a 'java/lang/ClassNotFoundException'{0x000000061138d108}: com/android/build/gradle/internal/dsl/LintImplCustomizer> (0x000000061138d108) 
thrown [s\open\src\hotspot\share\classfile\systemDictionary.cpp, line 256]
Event: 65.191 Thread 0x0000018b44fef270 Exception <a 'java/lang/ClassNotFoundException'{0x00000006113dbf48}: com/android/build/gradle/internal/dsl/LintImpl$AgpDecoratedCustomizer> (0x00000006113dbf48) 
thrown [s\open\src\hotspot\share\classfile\systemDictionary.cpp, line 256]
Event: 65.192 Thread 0x0000018b44fef270 Exception <a 'java/lang/ClassNotFoundException'{0x0000000610c3cb48}: com/android/build/gradle/internal/dsl/LintImpl$AgpDecorated_DecoratedCustomizer> (0x0000000610c3cb48) 
thrown [s\open\src\hotspot\share\classfile\systemDictionary.cpp, line 256]
Event: 65.197 Thread 0x0000018b44fef270 Exception <a 'java/lang/ClassNotFoundException'{0x0000000610d12a78}: build_cgy9rlfiw9q9eovjw633a4rfk$_run_closure3BeanInfo> (0x0000000610d12a78) 
thrown [s\open\src\hotspot\share\classfile\systemDictionary.cpp, line 256]
Event: 65.197 Thread 0x0000018b44fef270 Exception <a 'java/lang/ClassNotFoundException'{0x0000000610d1edd0}: build_cgy9rlfiw9q9eovjw633a4rfk$_run_closure3Customizer> (0x0000000610d1edd0) 
thrown [s\open\src\hotspot\share\classfile\systemDictionary.cpp, line 256]

VM Operations (20 events):
Event: 62.247 Executing VM operation: Cleanup done
Event: 62.673 Executing VM operation: G1CollectForAllocation
Event: 62.692 Executing VM operation: G1CollectForAllocation done
Event: 62.743 Executing VM operation: HandshakeAllThreads
Event: 62.743 Executing VM operation: HandshakeAllThreads done
Event: 63.059 Executing VM operation: ICBufferFull
Event: 63.060 Executing VM operation: ICBufferFull done
Event: 63.150 Executing VM operation: G1Concurrent
Event: 63.167 Executing VM operation: G1Concurrent done
Event: 63.332 Executing VM operation: G1Concurrent
Event: 63.333 Executing VM operation: G1Concurrent done
Event: 64.110 Executing VM operation: G1CollectForAllocation
Event: 64.125 Executing VM operation: G1CollectForAllocation done
Event: 64.161 Executing VM operation: G1CollectForAllocation
Event: 64.192 Executing VM operation: G1CollectForAllocation done
Event: 65.075 Executing VM operation: ICBufferFull
Event: 65.075 Executing VM operation: ICBufferFull done
Event: 65.171 Executing VM operation: HandshakeAllThreads
Event: 65.171 Executing VM operation: HandshakeAllThreads done
Event: 65.444 Executing VM operation: G1CollectForAllocation

Events (20 events):
Event: 59.964 Thread 0x0000018b4a7f9e00 Thread exited: 0x0000018b4a7f9e00
Event: 60.984 Thread 0x0000018b4a7fa8a0 Thread added: 0x0000018b4a7fa8a0
Event: 62.195 loading class jdk/internal/misc/ScopedMemoryAccess$Scope$Handle
Event: 62.200 loading class jdk/internal/misc/ScopedMemoryAccess$Scope$Handle done
Event: 62.747 Thread 0x0000018afedbd570 flushing nmethod 0x0000018ada103a10
Event: 62.747 Thread 0x0000018afedbd570 flushing nmethod 0x0000018ada118090
Event: 62.748 Thread 0x0000018afedbd570 flushing nmethod 0x0000018ac96fc410
Event: 62.750 Thread 0x0000018afedbd570 flushing nmethod 0x0000018ac9827010
Event: 62.751 Thread 0x0000018afedbd570 flushing nmethod 0x0000018ac990b290
Event: 62.753 Thread 0x0000018afedbd570 flushing nmethod 0x0000018ac9a11090
Event: 62.757 Thread 0x0000018afedbd570 flushing nmethod 0x0000018ac9cf1690
Event: 62.758 Thread 0x0000018afedbd570 flushing nmethod 0x0000018ac9d3fe10
Event: 62.758 Thread 0x0000018afedbd570 flushing nmethod 0x0000018ac9d42610
Event: 62.762 Thread 0x0000018afedbd570 flushing nmethod 0x0000018aca098810
Event: 62.762 Thread 0x0000018afedbd570 flushing nmethod 0x0000018aca0e3290
Event: 62.763 Thread 0x0000018afedbd570 flushing nmethod 0x0000018aca1e5410
Event: 62.765 Thread 0x0000018afedbd570 flushing nmethod 0x0000018aca353310
Event: 62.765 Thread 0x0000018afedbd570 flushing nmethod 0x0000018aca354710
Event: 62.771 Thread 0x0000018afedbd570 flushing nmethod 0x0000018acaadda10
Event: 62.771 Thread 0x0000018afedbd570 flushing nmethod 0x0000018acaaef090


Dynamic libraries:
0x00007ff7987f0000 - 0x00007ff798800000 	C:\Program Files\Java\jdk-17\bin\java.exe
0x00007fffc6170000 - 0x00007fffc6368000 	C:\Windows\SYSTEM32\ntdll.dll
0x00007fffc5a80000 - 0x00007fffc5b42000 	C:\Windows\System32\KERNEL32.DLL
0x00007fffc3a20000 - 0x00007fffc3d17000 	C:\Windows\System32\KERNELBASE.dll
0x00007fffc3920000 - 0x00007fffc3a20000 	C:\Windows\System32\ucrtbase.dll
0x00007fffa03a0000 - 0x00007fffa03b9000 	C:\Program Files\Java\jdk-17\bin\jli.dll
0x00007fffc4500000 - 0x00007fffc45b1000 	C:\Windows\System32\ADVAPI32.dll
0x00007fffc4460000 - 0x00007fffc44fe000 	C:\Windows\System32\msvcrt.dll
0x00007fffc5f00000 - 0x00007fffc5f9f000 	C:\Windows\System32\sechost.dll
0x00007fffc5fa0000 - 0x00007fffc60c6000 	C:\Windows\System32\RPCRT4.dll
0x00007fff98290000 - 0x00007fff982ab000 	C:\Program Files\Java\jdk-17\bin\VCRUNTIME140.dll
0x00007fffc3f00000 - 0x00007fffc3f27000 	C:\Windows\System32\bcrypt.dll
0x00007fffc4180000 - 0x00007fffc431d000 	C:\Windows\System32\USER32.dll
0x00007fffc3db0000 - 0x00007fffc3dd2000 	C:\Windows\System32\win32u.dll
0x00007fffc55d0000 - 0x00007fffc55fb000 	C:\Windows\System32\GDI32.dll
0x00007fffc3de0000 - 0x00007fffc3ef9000 	C:\Windows\System32\gdi32full.dll
0x00007fffc40e0000 - 0x00007fffc417d000 	C:\Windows\System32\msvcp_win.dll
0x00007fffafa60000 - 0x00007fffafcfb000 	C:\Windows\WinSxS\amd64_microsoft.windows.common-controls_6595b64144ccf1df_6.0.19041.6926_none_60b5a53971f8f7e6\COMCTL32.dll
0x00007fffb7870000 - 0x00007fffb787a000 	C:\Windows\SYSTEM32\VERSION.dll
0x00007fffc4720000 - 0x00007fffc474f000 	C:\Windows\System32\IMM32.DLL
0x00007fffa4670000 - 0x00007fffa467c000 	C:\Program Files\Java\jdk-17\bin\vcruntime140_1.dll
0x00007fff92da0000 - 0x00007fff92e2e000 	C:\Program Files\Java\jdk-17\bin\msvcp140.dll
0x00007fff639c0000 - 0x00007fff645a0000 	C:\Program Files\Java\jdk-17\bin\server\jvm.dll
0x00007fffc4800000 - 0x00007fffc4808000 	C:\Windows\System32\PSAPI.DLL
0x00007fffa3c60000 - 0x00007fffa3c69000 	C:\Windows\SYSTEM32\WSOCK32.dll
0x00007fffc5980000 - 0x00007fffc59eb000 	C:\Windows\System32\WS2_32.dll
0x00007fffaed70000 - 0x00007fffaed97000 	C:\Windows\SYSTEM32\WINMM.dll
0x00007fffc1fd0000 - 0x00007fffc1fe2000 	C:\Windows\SYSTEM32\kernel.appcore.dll
0x00007fffa16d0000 - 0x00007fffa16da000 	C:\Program Files\Java\jdk-17\bin\jimage.dll
0x00007fffc0d10000 - 0x00007fffc0f11000 	C:\Windows\SYSTEM32\DBGHELP.DLL
0x00007fffa2610000 - 0x00007fffa2644000 	C:\Windows\SYSTEM32\dbgcore.DLL
0x00007fffc3d20000 - 0x00007fffc3da2000 	C:\Windows\System32\bcryptPrimitives.dll
0x00007fffbb540000 - 0x00007fffbb54e000 	C:\Program Files\Java\jdk-17\bin\instrument.dll
0x00007fff94b60000 - 0x00007fff94b85000 	C:\Program Files\Java\jdk-17\bin\java.dll
0x00007fff92a30000 - 0x00007fff92b07000 	C:\Program Files\Java\jdk-17\bin\jsvml.dll
0x00007fffc4c80000 - 0x00007fffc53f2000 	C:\Windows\System32\SHELL32.dll
0x00007fffc1740000 - 0x00007fffc1ee6000 	C:\Windows\SYSTEM32\windows.storage.dll
0x00007fffc5600000 - 0x00007fffc5953000 	C:\Windows\System32\combase.dll
0x00007fffc3070000 - 0x00007fffc309b000 	C:\Windows\SYSTEM32\Wldp.dll
0x00007fffc4640000 - 0x00007fffc470d000 	C:\Windows\System32\OLEAUT32.dll
0x00007fffc4750000 - 0x00007fffc47fd000 	C:\Windows\System32\SHCORE.dll
0x00007fffc60d0000 - 0x00007fffc612b000 	C:\Windows\System32\shlwapi.dll
0x00007fffc3720000 - 0x00007fffc3744000 	C:\Windows\SYSTEM32\profapi.dll
0x00007fff940d0000 - 0x00007fff940e8000 	C:\Program Files\Java\jdk-17\bin\zip.dll
0x00007fff94b40000 - 0x00007fff94b59000 	C:\Program Files\Java\jdk-17\bin\net.dll
0x00007fffbbf70000 - 0x00007fffbc07a000 	C:\Windows\SYSTEM32\WINHTTP.dll
0x00007fffc2e50000 - 0x00007fffc2eba000 	C:\Windows\system32\mswsock.dll
0x00007fff94b20000 - 0x00007fff94b36000 	C:\Program Files\Java\jdk-17\bin\nio.dll
0x00007fffa02e0000 - 0x00007fffa02f0000 	C:\Program Files\Java\jdk-17\bin\verify.dll
0x00007fffbb550000 - 0x00007fffbb577000 	C:\Users\DELL\.gradle\native\c067742578af261105cb4f569cf0c3c89f3d7b1fecec35dd04571415982c5e48\windows-amd64\native-platform.dll
0x00007fff759a0000 - 0x00007fff75ae4000 	C:\Users\DELL\.gradle\native\100fb08df4bc3b14c8652ba06237920a3bd2aa13389f12d3474272988ae205f9\windows-amd64\native-platform-file-events.dll
0x00007fffbb590000 - 0x00007fffbb59a000 	C:\Program Files\Java\jdk-17\bin\management.dll
0x00007fffbb580000 - 0x00007fffbb58b000 	C:\Program Files\Java\jdk-17\bin\management_ext.dll
0x00007fffc30b0000 - 0x00007fffc30c8000 	C:\Windows\SYSTEM32\CRYPTSP.dll
0x00007fffc2790000 - 0x00007fffc27c8000 	C:\Windows\system32\rsaenh.dll
0x00007fffc36a0000 - 0x00007fffc36ce000 	C:\Windows\SYSTEM32\USERENV.dll
0x00007fffc2fe0000 - 0x00007fffc2fec000 	C:\Windows\SYSTEM32\CRYPTBASE.dll
0x00007fffc2b50000 - 0x00007fffc2b8b000 	C:\Windows\SYSTEM32\IPHLPAPI.DLL
0x00007fffc4710000 - 0x00007fffc4718000 	C:\Windows\System32\NSI.dll
0x00007fffbbc10000 - 0x00007fffbbc27000 	C:\Windows\SYSTEM32\dhcpcsvc6.DLL
0x00007fffbbbf0000 - 0x00007fffbbc0d000 	C:\Windows\SYSTEM32\dhcpcsvc.DLL
0x00007fffc2b90000 - 0x00007fffc2c5a000 	C:\Windows\SYSTEM32\DNSAPI.dll
0x00007fffbb530000 - 0x00007fffbb53e000 	C:\Program Files\Java\jdk-17\bin\sunmscapi.dll
0x00007fffc3f80000 - 0x00007fffc40dd000 	C:\Windows\System32\CRYPT32.dll
0x00007fffc31c0000 - 0x00007fffc31e7000 	C:\Windows\SYSTEM32\ncrypt.dll
0x00007fffc3180000 - 0x00007fffc31bb000 	C:\Windows\SYSTEM32\NTASN1.dll
0x00007fffbb370000 - 0x00007fffbb377000 	C:\Windows\system32\wshunix.dll
0x00007fffb1ab0000 - 0x00007fffb1ac7000 	C:\Windows\system32\napinsp.dll
0x00007fffaf1b0000 - 0x00007fffaf1cb000 	C:\Windows\system32\pnrpnsp.dll
0x00007fffbea80000 - 0x00007fffbea9d000 	C:\Windows\system32\wshbth.dll
0x00007fffbfb40000 - 0x00007fffbfb5d000 	C:\Windows\system32\NLAapi.dll
0x00007fffaf160000 - 0x00007fffaf172000 	C:\Windows\System32\winrnr.dll
0x0000000064030000 - 0x000000006403b000 	C:\Program Files\National Instruments\Shared\mDNS Responder\nimdnsNSP.dll
0x0000000064010000 - 0x0000000064021000 	C:\Windows\SYSTEM32\nimdnsResponder.dll
0x00007fffbbb10000 - 0x00007fffbbb1a000 	C:\Windows\System32\rasadhlp.dll
0x00007fffb9fd0000 - 0x00007fffba050000 	C:\Windows\System32\fwpuclnt.dll

dbghelp: loaded successfully - version: 4.0.5 - missing functions: none
symbol engine: initialized successfully - sym options: 0x614 - pdb path: .;C:\Program Files\Java\jdk-17\bin;C:\Windows\SYSTEM32;C:\Windows\WinSxS\amd64_microsoft.windows.common-controls_6595b64144ccf1df_6.0.19041.6926_none_60b5a53971f8f7e6;C:\Program Files\Java\jdk-17\bin\server;C:\Users\DELL\.gradle\native\c067742578af261105cb4f569cf0c3c89f3d7b1fecec35dd04571415982c5e48\windows-amd64;C:\Users\DELL\.gradle\native\100fb08df4bc3b14c8652ba06237920a3bd2aa13389f12d3474272988ae205f9\windows-amd64;C:\Program Files\National Instruments\Shared\mDNS Responder

VM Arguments:
jvm_args: --add-opens=java.base/java.lang=ALL-UNNAMED --add-opens=java.base/java.lang.invoke=ALL-UNNAMED --add-opens=java.base/java.util=ALL-UNNAMED --add-opens=java.prefs/java.util.prefs=ALL-UNNAMED --add-exports=jdk.compiler/com.sun.tools.javac.api=ALL-UNNAMED --add-exports=jdk.compiler/com.sun.tools.javac.util=ALL-UNNAMED --add-opens=java.base/java.util=ALL-UNNAMED --add-opens=java.prefs/java.util.prefs=ALL-UNNAMED --add-opens=java.base/java.nio.charset=ALL-UNNAMED --add-opens=java.base/java.net=ALL-UNNAMED --add-opens=java.base/java.util.concurrent.atomic=ALL-UNNAMED --add-opens=java.xml/javax.xml.namespace=ALL-UNNAMED -XX:MaxMetaspaceSize=4G -XX:ReservedCodeCacheSize=512m -XX:+HeapDumpOnOutOfMemoryError -Xmx8G -Dfile.encoding=windows-1252 -Duser.country=US -Duser.language=en -Duser.variant -javaagent:C:\Users\DELL\.gradle\wrapper\dists\gradle-8.11.1-bin\bpt9gzteqjrbo1mjrsomdt32c\gradle-8.11.1\lib\agents\gradle-instrumentation-agent-8.11.1.jar 
java_command: org.gradle.launcher.daemon.bootstrap.GradleDaemon 8.11.1
java_class_path (initial): C:\Users\DELL\.gradle\wrapper\dists\gradle-8.11.1-bin\bpt9gzteqjrbo1mjrsomdt32c\gradle-8.11.1\lib\gradle-daemon-main-8.11.1.jar
Launcher Type: SUN_STANDARD

[Global flags]
     intx CICompilerCount                          = 3                                         {product} {ergonomic}
     uint ConcGCThreads                            = 1                                         {product} {ergonomic}
     uint G1ConcRefinementThreads                  = 4                                         {product} {ergonomic}
   size_t G1HeapRegionSize                         = 4194304                                   {product} {ergonomic}
    uintx GCDrainStackTargetSize                   = 64                                        {product} {ergonomic}
     bool HeapDumpOnOutOfMemoryError               = true                                   {manageable} {command line}
   size_t InitialHeapSize                          = 134217728                                 {product} {ergonomic}
   size_t MarkStackSize                            = 4194304                                   {product} {ergonomic}
   size_t MaxHeapSize                              = 8589934592                                {product} {command line}
   size_t MaxMetaspaceSize                         = 4294967296                                {product} {command line}
   size_t MaxNewSize                               = 5150605312                                {product} {ergonomic}
   size_t MinHeapDeltaBytes                        = 4194304                                   {product} {ergonomic}
   size_t MinHeapSize                              = 8388608                                   {product} {ergonomic}
    uintx NonNMethodCodeHeapSize                   = 5832780                                {pd product} {ergonomic}
    uintx NonProfiledCodeHeapSize                  = 265519066                              {pd product} {ergonomic}
    uintx ProfiledCodeHeapSize                     = 265519066                              {pd product} {ergonomic}
    uintx ReservedCodeCacheSize                    = 536870912                              {pd product} {command line}
     bool SegmentedCodeCache                       = true                                      {product} {ergonomic}
   size_t SoftMaxHeapSize                          = 8589934592                             {manageable} {ergonomic}
   double SweeperThreshold                         = 0.234375                                  {product} {ergonomic}
     bool UseCompressedClassPointers               = true                           {product lp64_product} {ergonomic}
     bool UseCompressedOops                        = true                           {product lp64_product} {ergonomic}
     bool UseG1GC                                  = true                                      {product} {ergonomic}
     bool UseLargePagesIndividualAllocation        = false                                  {pd product} {ergonomic}

Logging:
Log output configuration:
 #0: stdout all=warning uptime,level,tags
 #1: stderr all=off uptime,level,tags

Environment Variables:
JAVA_HOME=C:\Program Files\Java\jdk-17
CLASSPATH=C:\Users\DELL\read-buddy-app\android\\gradle\wrapper\gradle-wrapper.jar
PATH=C:\Program Files\Java\jdk-17\bin;C:\Users\DELL\anaconda3\condabin;C:\src1\flutter\bin;C:\Program Files\Common Files\Oracle\Java\javapath;C:\Windows\System32;C:\Windows\System32\WindowsPowerShell\v1.0;C:\Users\DELL\AppData\Local\Android\Sdk\platform-tools;C:\Program Files\Git\bin;C:\Users\DELL\AppData\Local\Programs\Python\Python310;C:\Users\DELL\AppData\Local\Programs\Microsoft VS Code\bin;C:\MinGW\bin;C:\xampp\php;C:\ProgramData\ComposerSetup\bin;C:\Program Files\nodejs\;C:\Users\DELL\AppData\Roaming\npm;C:\Users\DELL\AppData\Local\Pub\Cache\bin;C:\Gradle\gradle-8.10.2-bin\gradle-8.10.2\bin;C:\Program Files\Java\jdk-17\bin;C:\src1\flutter\bin\cache\dart-sdk;C:\Users\DELL\AppData\Local\Programs\Python\Python310\Scripts;C:\Users\DELL\AppData\Local\Temp\;C:\Users\DELL\AppData\Local\Microsoft\WindowsApps;C:\Program Files\JetBrains\PyCharm Community Edition 2023.3.4\bin;;C:\dart-sdk\bin;C:\Users\DELL\AppData\Local\GitHubDesktop\bin;C:\src1\flutter\bin;C:\Users\DELL\anaconda3\Scripts;C:\Users\DELL\AppData\Local\Programs\Microsoft VS Code\bin;C:\Users\DELL\AppData\Roaming\Composer\vendor\bin;C:\Users\DELL\AppData\Roaming\npm;C:\Users\DELL\AppData\Local\Pub\Cache\bin;C:\Users\DELL\.jdks\corretto-19.0.2\bin;C:\Users\DELL\AppData\Local\Programs\Antigravity\bin;C:\Users\DELL\AppData\Local\Programs\Kiro\bin;C:\src1\flutter\bin\mingit\cmd
USERNAME=DELL
OS=Windows_NT
PROCESSOR_IDENTIFIER=Intel64 Family 6 Model 94 Stepping 3, GenuineIntel



---------------  S Y S T E M  ---------------

OS:
 Windows 10 , 64 bit Build 19041 (10.0.19041.6807)
OS uptime: 0 days 0:56 hours
Hyper-V role detected

CPU: total 4 (initial active 4) (4 cores per cpu, 1 threads per core) family 6 model 94 stepping 3 microcode 0xf0, cx8, cmov, fxsr, mmx, 3dnowpref, sse, sse2, sse3, ssse3, sse4.1, sse4.2, popcnt, lzcnt, tsc, tscinvbit, avx, avx2, aes, erms, clmul, bmi1, bmi2, rtm, adx, fma, vzeroupper, clflush, clflushopt, hv

Memory: 4k page, system-wide physical 8038M (435M free)
TotalPageFile size 16101M (AvailPageFile size 264M)
current process WorkingSet (physical memory assigned to process): 600M, peak: 600M
current process commit charge ("private bytes"): 738M, peak: 1235M

vm_info: Java HotSpot(TM) 64-Bit Server VM (17.0.12+8-LTS-286) for windows-amd64 JRE (17.0.12+8-LTS-286), built on Jun  5 2024 06:46:59 by "mach5one" with MS VC++ 17.6 (VS2022)

END.
