#
# There is insufficient memory for the Java Runtime Environment to continue.
# Native memory allocation (mmap) failed to map 809500672 bytes for G1 virtual space
# Possible reasons:
#   The system is out of physical RAM or swap space
#   The process is running with CompressedOops enabled, and the Java Heap may be blocking the growth of the native heap
# Possible solutions:
#   Reduce memory load on the system
#   Increase physical memory or swap space
#   Check if swap backing store is full
#   Decrease Java heap size (-Xmx/-Xms)
#   Decrease number of Java threads
#   Decrease Java thread stack sizes (-Xss)
#   Set larger code cache with -XX:ReservedCodeCacheSize=
#   JVM is running with Zero Based Compressed Oops mode in which the Java heap is
#     placed in the first 32GB address space. The Java Heap base address is the
#     maximum limit for the native heap growth. Please use -XX:HeapBaseMinAddress
#     to set the Java Heap base and to place the Java Heap above 32GB virtual address.
# This output file may be truncated or incomplete.
#
#  Out of Memory Error (os_windows.cpp:3548), pid=5084, tid=10116
#
# JRE version: Java(TM) SE Runtime Environment (17.0.12+8) (build 17.0.12+8-LTS-286)
# Java VM: Java HotSpot(TM) 64-Bit Server VM (17.0.12+8-LTS-286, mixed mode, sharing, tiered, compressed oops, compressed class ptrs, g1 gc, windows-amd64)
# No core dump will be written. Minidumps are not enabled by default on client versions of Windows
#

---------------  S U M M A R Y ------------

Command Line: -XX:MaxMetaspaceSize=4G -XX:ReservedCodeCacheSize=512m -XX:+HeapDumpOnOutOfMemoryError --add-opens=java.base/java.util=ALL-UNNAMED --add-opens=java.base/java.lang=ALL-UNNAMED --add-opens=java.base/java.lang.invoke=ALL-UNNAMED --add-opens=java.prefs/java.util.prefs=ALL-UNNAMED --add-exports=jdk.compiler/com.sun.tools.javac.api=ALL-UNNAMED --add-exports=jdk.compiler/com.sun.tools.javac.util=ALL-UNNAMED --add-opens=java.base/java.nio.charset=ALL-UNNAMED --add-opens=java.base/java.net=ALL-UNNAMED --add-opens=java.base/java.util.concurrent.atomic=ALL-UNNAMED -Xmx8G -Dfile.encoding=windows-1252 -Duser.country=US -Duser.language=en -Duser.variant -javaagent:C:\Users\DELL\.gradle\wrapper\dists\gradle-8.9-all\6m0mbzute7p0zdleavqlib88a\gradle-8.9\lib\agents\gradle-instrumentation-agent-8.9.jar org.gradle.launcher.daemon.bootstrap.GradleDaemon 8.9

Host: Intel(R) Core(TM) i5-6440HQ CPU @ 2.60GHz, 4 cores, 7G,  Windows 10 , 64 bit Build 19041 (10.0.19041.6807)
Time: Wed Mar  4 23:12:07 2026 Pakistan Standard Time elapsed time: 369.502802 seconds (0d 0h 6m 9s)

---------------  T H R E A D  ---------------

Current thread (0x000002280818bfe0):  VMThread "VM Thread" [stack: 0x000000f3a4500000,0x000000f3a4600000] [id=10116]

Stack: [0x000000f3a4500000,0x000000f3a4600000]
Native frames: (J=compiled Java code, j=interpreted, Vv=VM code, C=native code)
V  [jvm.dll+0x67a04a]
V  [jvm.dll+0x7da4ed]
V  [jvm.dll+0x7dbe33]
V  [jvm.dll+0x7dc4a3]
V  [jvm.dll+0x24508f]
V  [jvm.dll+0x677089]
V  [jvm.dll+0x66bd32]
V  [jvm.dll+0x301fa6]
V  [jvm.dll+0x309546]
V  [jvm.dll+0x359d2e]
V  [jvm.dll+0x359f5f]
V  [jvm.dll+0x2d9078]
V  [jvm.dll+0x2d74ad]
V  [jvm.dll+0x2d6afc]
V  [jvm.dll+0x31a65b]
V  [jvm.dll+0x7e0d9b]
V  [jvm.dll+0x7e1ad4]
V  [jvm.dll+0x7e1fed]
V  [jvm.dll+0x7e23c4]
V  [jvm.dll+0x7e2490]
V  [jvm.dll+0x78abea]
V  [jvm.dll+0x678f35]
C  [ucrtbase.dll+0x21bb2]
C  [KERNEL32.DLL+0x17374]
C  [ntdll.dll+0x4cc91]

VM_Operation (0x000000f3a8dfb7d0): G1CollectForAllocation, mode: safepoint, requested by thread 0x00000228cc22aec0


---------------  P R O C E S S  ---------------

Threads class SMR info:
_java_thread_list=0x00000228cc78f180, length=71, elements={
0x000002284b064960, 0x00000228081903b0, 0x0000022808191140, 0x00000228081ab200,
0x00000228081aed50, 0x00000228081af620, 0x00000228081b0f00, 0x00000228081b1b00,
0x00000228081b2410, 0x00000228081ce9d0, 0x00000228081800c0, 0x00000228c5176d50,
0x00000228c5c678d0, 0x00000228c5f5a1a0, 0x00000228c6b15800, 0x00000228c5593020,
0x00000228c55911c0, 0x00000228c558fd80, 0x00000228c5593530, 0x00000228c5590290,
0x00000228c55907a0, 0x00000228c5592600, 0x00000228c5590cb0, 0x00000228c55920f0,
0x00000228c55916d0, 0x00000228c5592b10, 0x00000228c5591be0, 0x00000228c7198db0,
0x00000228c71950f0, 0x00000228c7197e80, 0x00000228c71992c0, 0x00000228c7199ce0,
0x00000228c71941c0, 0x00000228c71946d0, 0x00000228c7197970, 0x00000228c7196f50,
0x00000228c86142f0, 0x00000228c8611a70, 0x00000228c8617590, 0x00000228c8614800,
0x00000228c8617080, 0x00000228c86133c0, 0x00000228c8614d10, 0x00000228c8612490,
0x00000228c8611f80, 0x00000228c86138d0, 0x00000228c86184c0, 0x00000228c8616660,
0x00000228c86129a0, 0x00000228c8617aa0, 0x00000228c8615220, 0x00000228c8615c40,
0x00000228c86189d0, 0x00000228c8616b70, 0x00000228c8611560, 0x00000228d9388cf0,
0x00000228d9389c20, 0x00000228d9389200, 0x00000228d938c4a0, 0x00000228d93878b0,
0x00000228d93882d0, 0x00000228c7198390, 0x00000228cc229060, 0x00000228cc229a80,
0x00000228cc22a4a0, 0x00000228cc22a9b0, 0x00000228cc229570, 0x00000228cc22c810,
0x00000228cc22aec0, 0x00000228cc22b3d0, 0x00000228c9918060
}

Java Threads: ( => current thread )
  0x000002284b064960 JavaThread "main" [_thread_blocked, id=10016, stack(0x000000f3a3f00000,0x000000f3a4000000)]
  0x00000228081903b0 JavaThread "Reference Handler" daemon [_thread_blocked, id=7784, stack(0x000000f3a4600000,0x000000f3a4700000)]
  0x0000022808191140 JavaThread "Finalizer" daemon [_thread_blocked, id=14684, stack(0x000000f3a4700000,0x000000f3a4800000)]
  0x00000228081ab200 JavaThread "Signal Dispatcher" daemon [_thread_blocked, id=8728, stack(0x000000f3a4800000,0x000000f3a4900000)]
  0x00000228081aed50 JavaThread "Attach Listener" daemon [_thread_blocked, id=7964, stack(0x000000f3a4900000,0x000000f3a4a00000)]
  0x00000228081af620 JavaThread "Service Thread" daemon [_thread_blocked, id=2276, stack(0x000000f3a4a00000,0x000000f3a4b00000)]
  0x00000228081b0f00 JavaThread "Monitor Deflation Thread" daemon [_thread_blocked, id=6640, stack(0x000000f3a4b00000,0x000000f3a4c00000)]
  0x00000228081b1b00 JavaThread "C2 CompilerThread0" daemon [_thread_in_native, id=14464, stack(0x000000f3a4c00000,0x000000f3a4d00000)]
  0x00000228081b2410 JavaThread "C1 CompilerThread0" daemon [_thread_blocked, id=1596, stack(0x000000f3a4d00000,0x000000f3a4e00000)]
  0x00000228081ce9d0 JavaThread "Sweeper thread" daemon [_thread_blocked, id=11996, stack(0x000000f3a4e00000,0x000000f3a4f00000)]
  0x00000228081800c0 JavaThread "Common-Cleaner" daemon [_thread_blocked, id=9616, stack(0x000000f3a4f00000,0x000000f3a5000000)]
  0x00000228c5176d50 JavaThread "Notification Thread" daemon [_thread_blocked, id=10824, stack(0x000000f3a5000000,0x000000f3a5100000)]
  0x00000228c5c678d0 JavaThread "Daemon health stats" [_thread_blocked, id=9932, stack(0x000000f3a5600000,0x000000f3a5700000)]
  0x00000228c5f5a1a0 JavaThread "Incoming local TCP Connector on port 53986" [_thread_in_native, id=7804, stack(0x000000f3a5500000,0x000000f3a5600000)]
  0x00000228c6b15800 JavaThread "Daemon periodic checks" [_thread_blocked, id=8360, stack(0x000000f3a5700000,0x000000f3a5800000)]
  0x00000228c5593020 JavaThread "Daemon" [_thread_blocked, id=10216, stack(0x000000f3a5800000,0x000000f3a5900000)]
  0x00000228c55911c0 JavaThread "Handler for socket connection from /127.0.0.1:53986 to /127.0.0.1:53987" [_thread_in_native, id=10208, stack(0x000000f3a5900000,0x000000f3a5a00000)]
  0x00000228c558fd80 JavaThread "Cancel handler" [_thread_blocked, id=2432, stack(0x000000f3a5a00000,0x000000f3a5b00000)]
  0x00000228c5593530 JavaThread "Daemon worker" [_thread_blocked, id=14024, stack(0x000000f3a5b00000,0x000000f3a5c00000)]
  0x00000228c5590290 JavaThread "Asynchronous log dispatcher for DefaultDaemonConnection: socket connection from /127.0.0.1:53986 to /127.0.0.1:53987" [_thread_blocked, id=14840, stack(0x000000f3a5c00000,0x000000f3a5d00000)]
  0x00000228c55907a0 JavaThread "Stdin handler" [_thread_blocked, id=10956, stack(0x000000f3a5d00000,0x000000f3a5e00000)]
  0x00000228c5592600 JavaThread "Daemon client event forwarder" [_thread_blocked, id=14436, stack(0x000000f3a5e00000,0x000000f3a5f00000)]
  0x00000228c5590cb0 JavaThread "Cache worker for journal cache (C:\Users\DELL\.gradle\caches\journal-1)" [_thread_blocked, id=10524, stack(0x000000f3a6000000,0x000000f3a6100000)]
  0x00000228c55920f0 JavaThread "File lock request listener" [_thread_in_native, id=15208, stack(0x000000f3a6100000,0x000000f3a6200000)]
  0x00000228c55916d0 JavaThread "Cache worker for file hash cache (C:\Users\DELL\.gradle\caches\8.9\fileHashes)" [_thread_blocked, id=2444, stack(0x000000f3a6200000,0x000000f3a6300000)]
  0x00000228c5592b10 JavaThread "Cache worker for file hash cache (C:\Users\DELL\Downloads\read-buddy-app-main\read-buddy-app-main\android\.gradle\8.9\fileHashes)" [_thread_blocked, id=9636, stack(0x000000f3a6300000,0x000000f3a6400000)]
  0x00000228c5591be0 JavaThread "Cache worker for Build Output Cleanup Cache (C:\Users\DELL\Downloads\read-buddy-app-main\read-buddy-app-main\android\.gradle\buildOutputCleanup)" [_thread_blocked, id=14740, stack(0x000000f3a6400000,0x000000f3a6500000)]
  0x00000228c7198db0 JavaThread "File watcher server" daemon [_thread_in_native, id=8148, stack(0x000000f3a6500000,0x000000f3a6600000)]
  0x00000228c71950f0 JavaThread "File watcher consumer" daemon [_thread_blocked, id=4932, stack(0x000000f3a6600000,0x000000f3a6700000)]
  0x00000228c7197e80 JavaThread "Cache worker for checksums cache (C:\Users\DELL\Downloads\read-buddy-app-main\read-buddy-app-main\android\.gradle\8.9\checksums)" [_thread_blocked, id=10140, stack(0x000000f3a6700000,0x000000f3a6800000)]
  0x00000228c71992c0 JavaThread "Cache worker for file content cache (C:\Users\DELL\.gradle\caches\8.9\fileContent)" [_thread_blocked, id=6312, stack(0x000000f3a6800000,0x000000f3a6900000)]
  0x00000228c7199ce0 JavaThread "Cache worker for cache directory md-rule (C:\Users\DELL\.gradle\caches\8.9\md-rule)" [_thread_blocked, id=13536, stack(0x000000f3a6900000,0x000000f3a6a00000)]
  0x00000228c71941c0 JavaThread "Cache worker for cache directory md-supplier (C:\Users\DELL\.gradle\caches\8.9\md-supplier)" [_thread_blocked, id=4600, stack(0x000000f3a6a00000,0x000000f3a6b00000)]
  0x00000228c71946d0 JavaThread "jar transforms" [_thread_blocked, id=5220, stack(0x000000f3a6c00000,0x000000f3a6d00000)]
  0x00000228c7197970 JavaThread "Cache worker for Build Output Cleanup Cache (C:\src1\flutter\packages\flutter_tools\gradle\.gradle\buildOutputCleanup)" [_thread_blocked, id=13976, stack(0x000000f3a6d00000,0x000000f3a6e00000)]
  0x00000228c7196f50 JavaThread "Kotlin DSL Writer" [_thread_blocked, id=9548, stack(0x000000f3a3c00000,0x000000f3a3d00000)]
  0x00000228c86142f0 JavaThread "Unconstrained build operations" [_thread_blocked, id=3764, stack(0x000000f3a6e00000,0x000000f3a6f00000)]
  0x00000228c8611a70 JavaThread "Unconstrained build operations Thread 2" [_thread_blocked, id=3448, stack(0x000000f3a6f00000,0x000000f3a7000000)]
  0x00000228c8617590 JavaThread "Unconstrained build operations Thread 3" [_thread_blocked, id=9040, stack(0x000000f3a7100000,0x000000f3a7200000)]
  0x00000228c8614800 JavaThread "Unconstrained build operations Thread 4" [_thread_blocked, id=14596, stack(0x000000f3a7200000,0x000000f3a7300000)]
  0x00000228c8617080 JavaThread "Unconstrained build operations Thread 5" [_thread_blocked, id=720, stack(0x000000f3a7300000,0x000000f3a7400000)]
  0x00000228c86133c0 JavaThread "Unconstrained build operations Thread 6" [_thread_blocked, id=7576, stack(0x000000f3a7000000,0x000000f3a7100000)]
  0x00000228c8614d10 JavaThread "Unconstrained build operations Thread 7" [_thread_blocked, id=9240, stack(0x000000f3a7400000,0x000000f3a7500000)]
  0x00000228c8612490 JavaThread "Unconstrained build operations Thread 8" [_thread_blocked, id=7248, stack(0x000000f3a7500000,0x000000f3a7600000)]
  0x00000228c8611f80 JavaThread "Unconstrained build operations Thread 9" [_thread_blocked, id=8720, stack(0x000000f3a7600000,0x000000f3a7700000)]
  0x00000228c86138d0 JavaThread "Unconstrained build operations Thread 10" [_thread_blocked, id=2204, stack(0x000000f3a7700000,0x000000f3a7800000)]
  0x00000228c86184c0 JavaThread "Unconstrained build operations Thread 11" [_thread_blocked, id=13556, stack(0x000000f3a7800000,0x000000f3a7900000)]
  0x00000228c8616660 JavaThread "Unconstrained build operations Thread 12" [_thread_blocked, id=1380, stack(0x000000f3a7900000,0x000000f3a7a00000)]
  0x00000228c86129a0 JavaThread "Unconstrained build operations Thread 13" [_thread_blocked, id=8160, stack(0x000000f3a7a00000,0x000000f3a7b00000)]
  0x00000228c8617aa0 JavaThread "Unconstrained build operations Thread 14" [_thread_blocked, id=4936, stack(0x000000f3a3d00000,0x000000f3a3e00000)]
  0x00000228c8615220 JavaThread "Unconstrained build operations Thread 15" [_thread_blocked, id=7032, stack(0x000000f3a3e00000,0x000000f3a3f00000)]
  0x00000228c8615c40 JavaThread "Unconstrained build operations Thread 16" [_thread_blocked, id=14784, stack(0x000000f3a7e00000,0x000000f3a7f00000)]
  0x00000228c86189d0 JavaThread "Unconstrained build operations Thread 17" [_thread_blocked, id=3944, stack(0x000000f3a7b00000,0x000000f3a7c00000)]
  0x00000228c8616b70 JavaThread "Unconstrained build operations Thread 18" [_thread_blocked, id=7208, stack(0x000000f3a7c00000,0x000000f3a7d00000)]
  0x00000228c8611560 JavaThread "Unconstrained build operations Thread 19" [_thread_blocked, id=12524, stack(0x000000f3a7d00000,0x000000f3a7e00000)]
  0x00000228d9388cf0 JavaThread "Memory manager" [_thread_blocked, id=14668, stack(0x000000f3a8100000,0x000000f3a8200000)]
  0x00000228d9389c20 JavaThread "build event listener" [_thread_blocked, id=1384, stack(0x000000f3a8200000,0x000000f3a8300000)]
  0x00000228d9389200 JavaThread "included builds" [_thread_blocked, id=8684, stack(0x000000f3a8300000,0x000000f3a8400000)]
  0x00000228d938c4a0 JavaThread "Execution worker" [_thread_blocked, id=13724, stack(0x000000f3a8400000,0x000000f3a8500000)]
  0x00000228d93878b0 JavaThread "Execution worker Thread 2" [_thread_blocked, id=7596, stack(0x000000f3a8500000,0x000000f3a8600000)]
  0x00000228d93882d0 JavaThread "Execution worker Thread 3" [_thread_blocked, id=1192, stack(0x000000f3a8600000,0x000000f3a8700000)]
  0x00000228c7198390 JavaThread "Cache worker for execution history cache (C:\src1\flutter\packages\flutter_tools\gradle\.gradle\8.9\executionHistory)" [_thread_blocked, id=8740, stack(0x000000f3a8700000,0x000000f3a8800000)]
  0x00000228cc229060 JavaThread "Unconstrained build operations Thread 20" [_thread_blocked, id=3564, stack(0x000000f3a8800000,0x000000f3a8900000)]
  0x00000228cc229a80 JavaThread "Unconstrained build operations Thread 21" [_thread_blocked, id=14268, stack(0x000000f3a8900000,0x000000f3a8a00000)]
  0x00000228cc22a4a0 JavaThread "Unconstrained build operations Thread 22" [_thread_blocked, id=4892, stack(0x000000f3a8000000,0x000000f3a8100000)]
  0x00000228cc22a9b0 JavaThread "Unconstrained build operations Thread 23" [_thread_blocked, id=4832, stack(0x000000f3a8a00000,0x000000f3a8b00000)]
  0x00000228cc229570 JavaThread "Unconstrained build operations Thread 24" [_thread_blocked, id=1936, stack(0x000000f3a8b00000,0x000000f3a8c00000)]
  0x00000228cc22c810 JavaThread "Unconstrained build operations Thread 25" [_thread_blocked, id=8576, stack(0x000000f3a8c00000,0x000000f3a8d00000)]
  0x00000228cc22aec0 JavaThread "Unconstrained build operations Thread 26" [_thread_blocked, id=15124, stack(0x000000f3a8d00000,0x000000f3a8e00000)]
  0x00000228cc22b3d0 JavaThread "Unconstrained build operations Thread 27" [_thread_blocked, id=11212, stack(0x000000f3a8e00000,0x000000f3a8f00000)]
  0x00000228c9918060 JavaThread "C2 CompilerThread1" daemon [_thread_blocked, id=1100, stack(0x000000f3a8f00000,0x000000f3a9000000)]

Other Threads:
=>0x000002280818bfe0 VMThread "VM Thread" [stack: 0x000000f3a4500000,0x000000f3a4600000] [id=10116]
  0x000002284b123c30 WatcherThread [stack: 0x000000f3a5100000,0x000000f3a5200000] [id=2228]
  0x000002284b10f780 GCTaskThread "GC Thread#0" [stack: 0x000000f3a4000000,0x000000f3a4100000] [id=2980]
  0x00000228c5180080 GCTaskThread "GC Thread#1" [stack: 0x000000f3a5200000,0x000000f3a5300000] [id=13872]
  0x00000228c5180340 GCTaskThread "GC Thread#2" [stack: 0x000000f3a5300000,0x000000f3a5400000] [id=12056]
  0x00000228c5d67760 GCTaskThread "GC Thread#3" [stack: 0x000000f3a5400000,0x000000f3a5500000] [id=14324]
  0x000002284b11c5d0 ConcurrentGCThread "G1 Main Marker" [stack: 0x000000f3a4100000,0x000000f3a4200000] [id=11876]
  0x0000022848eddf80 ConcurrentGCThread "G1 Conc#0" [stack: 0x000000f3a4200000,0x000000f3a4300000] [id=10656]
  0x0000022808046af0 ConcurrentGCThread "G1 Refine#0" [stack: 0x000000f3a4300000,0x000000f3a4400000] [id=5732]
  0x00000228c7074f30 ConcurrentGCThread "G1 Refine#1" [stack: 0x000000f3a6b00000,0x000000f3a6c00000] [id=14756]
  0x0000022808047430 ConcurrentGCThread "G1 Service" [stack: 0x000000f3a4400000,0x000000f3a4500000] [id=5444]

Threads with active compile tasks:
C2 CompilerThread0   369683 22963 %     4       org.jetbrains.org.objectweb.asm.ClassReader::readCode @ 2211 (5089 bytes)
C2 CompilerThread1   369683 22979       4       org.jetbrains.org.objectweb.asm.ClassReader::readElementValue (1237 bytes)

VM state: at safepoint (normal execution)

VM Mutex/Monitor currently owned by a thread:  ([mutex/lock_event])
[0x000002284b061d10] Threads_lock - owner thread: 0x000002280818bfe0
[0x000002284b061890] Heap_lock - owner thread: 0x00000228cc22aec0

Heap address: 0x0000000600000000, size: 8192 MB, Compressed Oops mode: Zero based, Oop shift amount: 3

CDS archive(s) mapped at: [0x0000022880000000-0x0000022880bd0000-0x0000022880bd0000), size 12386304, SharedBaseAddress: 0x0000022880000000, ArchiveRelocationMode: 1.
Compressed class space mapped at: 0x0000022881000000-0x00000228c1000000, reserved size: 1073741824
Narrow klass base: 0x0000022880000000, Narrow klass shift: 0, Narrow klass range: 0x100000000

GC Precious Log:
 CPUs: 4 total, 4 available
 Memory: 8038M
 Large Page Support: Disabled
 NUMA Support: Disabled
 Compressed Oops: Enabled (Zero based)
 Heap Region Size: 4M
 Heap Min Capacity: 8M
 Heap Initial Capacity: 128M
 Heap Max Capacity: 8G
 Pre-touch: Disabled
 Parallel Workers: 4
 Concurrent Workers: 1
 Concurrent Refinement Workers: 4
 Periodic GC: Disabled

Heap:
 garbage-first heap   total 827392K, used 214570K [0x0000000600000000, 0x0000000800000000)
  region size 4096K, 5 young (20480K), 5 survivors (20480K)
 Metaspace       used 147598K, committed 148352K, reserved 1179648K
  class space    used 18695K, committed 19008K, reserved 1048576K

Heap Regions: E=young(eden), S=young(survivor), O=old, HS=humongous(starts), HC=humongous(continues), CS=collection set, F=free, OA=open archive, CA=closed archive, TAMS=top-at-mark-start (previous, next)
|   0|0x0000000600000000, 0x0000000600400000, 0x0000000600400000|100%|HS|  |TAMS 0x0000000600400000, 0x0000000600000000| Complete 
|   1|0x0000000600400000, 0x0000000600800000, 0x0000000600800000|100%| O|  |TAMS 0x0000000600800000, 0x0000000600400000| Untracked 
|   2|0x0000000600800000, 0x0000000600c00000, 0x0000000600c00000|100%| O|  |TAMS 0x0000000600c00000, 0x0000000600800000| Untracked 
|   3|0x0000000600c00000, 0x0000000600fb2a00, 0x0000000601000000| 92%| O|  |TAMS 0x0000000600fb2a00, 0x0000000600c00000| Untracked 
|   4|0x0000000601000000, 0x0000000601400000, 0x0000000601400000|100%| O|  |TAMS 0x0000000601400000, 0x0000000601000000| Untracked 
|   5|0x0000000601400000, 0x0000000601800000, 0x0000000601800000|100%| O|  |TAMS 0x0000000601800000, 0x0000000601400000| Untracked 
|   6|0x0000000601800000, 0x0000000601c00000, 0x0000000601c00000|100%| O|  |TAMS 0x0000000601c00000, 0x0000000601800000| Untracked 
|   7|0x0000000601c00000, 0x0000000602000000, 0x0000000602000000|100%| O|  |TAMS 0x0000000602000000, 0x0000000601c00000| Untracked 
|   8|0x0000000602000000, 0x0000000602400000, 0x0000000602400000|100%| O|  |TAMS 0x0000000602400000, 0x0000000602000000| Untracked 
|   9|0x0000000602400000, 0x0000000602800000, 0x0000000602800000|100%| O|  |TAMS 0x0000000602800000, 0x0000000602400000| Untracked 
|  10|0x0000000602800000, 0x0000000602800000, 0x0000000602c00000|  0%| F|  |TAMS 0x0000000602800000, 0x0000000602800000| Untracked 
|  11|0x0000000602c00000, 0x0000000603000000, 0x0000000603000000|100%| O|  |TAMS 0x0000000603000000, 0x0000000602c00000| Untracked 
|  12|0x0000000603000000, 0x0000000603400000, 0x0000000603400000|100%| O|  |TAMS 0x0000000603400000, 0x0000000603000000| Untracked 
|  13|0x0000000603400000, 0x0000000603800000, 0x0000000603800000|100%| O|  |TAMS 0x0000000603800000, 0x0000000603400000| Untracked 
|  14|0x0000000603800000, 0x0000000603c00000, 0x0000000603c00000|100%| O|  |TAMS 0x0000000603c00000, 0x0000000603800000| Untracked 
|  15|0x0000000603c00000, 0x0000000604000000, 0x0000000604000000|100%| O|  |TAMS 0x0000000604000000, 0x0000000603c00000| Untracked 
|  16|0x0000000604000000, 0x0000000604400000, 0x0000000604400000|100%| O|  |TAMS 0x0000000604000000, 0x0000000604000000| Untracked 
|  17|0x0000000604400000, 0x0000000604800000, 0x0000000604800000|100%| O|  |TAMS 0x0000000604400000, 0x0000000604400000| Untracked 
|  18|0x0000000604800000, 0x0000000604c00000, 0x0000000604c00000|100%| O|  |TAMS 0x0000000604c00000, 0x0000000604800000| Untracked 
|  19|0x0000000604c00000, 0x0000000605000000, 0x0000000605000000|100%| O|  |TAMS 0x0000000605000000, 0x0000000604c00000| Untracked 
|  20|0x0000000605000000, 0x0000000605400000, 0x0000000605400000|100%| O|  |TAMS 0x0000000605400000, 0x0000000605000000| Untracked 
|  21|0x0000000605400000, 0x0000000605800000, 0x0000000605800000|100%| O|  |TAMS 0x0000000605800000, 0x0000000605400000| Untracked 
|  22|0x0000000605800000, 0x0000000605c00000, 0x0000000605c00000|100%| O|  |TAMS 0x0000000605c00000, 0x0000000605800000| Untracked 
|  23|0x0000000605c00000, 0x0000000606000000, 0x0000000606000000|100%| O|  |TAMS 0x0000000606000000, 0x0000000605c00000| Untracked 
|  24|0x0000000606000000, 0x0000000606400000, 0x0000000606400000|100%| O|  |TAMS 0x0000000606400000, 0x0000000606000000| Untracked 
|  25|0x0000000606400000, 0x0000000606800000, 0x0000000606800000|100%| O|  |TAMS 0x0000000606800000, 0x0000000606400000| Untracked 
|  26|0x0000000606800000, 0x0000000606c00000, 0x0000000606c00000|100%| O|  |TAMS 0x0000000606c00000, 0x0000000606800000| Untracked 
|  27|0x0000000606c00000, 0x0000000607000000, 0x0000000607000000|100%| O|  |TAMS 0x0000000607000000, 0x0000000606c00000| Untracked 
|  28|0x0000000607000000, 0x0000000607400000, 0x0000000607400000|100%| O|  |TAMS 0x0000000607400000, 0x0000000607000000| Untracked 
|  29|0x0000000607400000, 0x0000000607800000, 0x0000000607800000|100%| O|  |TAMS 0x0000000607800000, 0x0000000607400000| Untracked 
|  30|0x0000000607800000, 0x0000000607c00000, 0x0000000607c00000|100%| O|  |TAMS 0x0000000607c00000, 0x0000000607800000| Untracked 
|  31|0x0000000607c00000, 0x0000000608000000, 0x0000000608000000|100%| O|  |TAMS 0x0000000608000000, 0x0000000607c00000| Untracked 
|  32|0x0000000608000000, 0x0000000608400000, 0x0000000608400000|100%|HS|  |TAMS 0x0000000608400000, 0x0000000608000000| Complete 
|  33|0x0000000608400000, 0x0000000608800000, 0x0000000608800000|100%| O|  |TAMS 0x0000000608800000, 0x0000000608400000| Untracked 
|  34|0x0000000608800000, 0x0000000608c00000, 0x0000000608c00000|100%|HS|  |TAMS 0x0000000608c00000, 0x0000000608800000| Complete 
|  35|0x0000000608c00000, 0x0000000609000000, 0x0000000609000000|100%| O|  |TAMS 0x0000000608fed000, 0x0000000608c00000| Untracked 
|  36|0x0000000609000000, 0x000000060909f000, 0x0000000609400000| 15%| O|  |TAMS 0x0000000609000000, 0x0000000609000000| Untracked 
|  37|0x0000000609400000, 0x0000000609800000, 0x0000000609800000|100%|HS|  |TAMS 0x0000000609400000, 0x0000000609400000| Complete 
|  38|0x0000000609800000, 0x0000000609c00000, 0x0000000609c00000|100%|HC|  |TAMS 0x0000000609800000, 0x0000000609800000| Complete 
|  39|0x0000000609c00000, 0x000000060a000000, 0x000000060a000000|100%| O|  |TAMS 0x0000000609c00000, 0x0000000609c00000| Untracked 
|  40|0x000000060a000000, 0x000000060a400000, 0x000000060a400000|100%| O|  |TAMS 0x000000060a000000, 0x000000060a000000| Untracked 
|  41|0x000000060a400000, 0x000000060a800000, 0x000000060a800000|100%| O|  |TAMS 0x000000060a400000, 0x000000060a400000| Untracked 
|  42|0x000000060a800000, 0x000000060ac00000, 0x000000060ac00000|100%| O|  |TAMS 0x000000060a800000, 0x000000060a800000| Untracked 
|  43|0x000000060ac00000, 0x000000060b000000, 0x000000060b000000|100%| O|  |TAMS 0x000000060ac00000, 0x000000060ac00000| Untracked 
|  44|0x000000060b000000, 0x000000060b400000, 0x000000060b400000|100%| O|  |TAMS 0x000000060b000000, 0x000000060b000000| Untracked 
|  45|0x000000060b400000, 0x000000060b800000, 0x000000060b800000|100%| O|  |TAMS 0x000000060b400000, 0x000000060b400000| Untracked 
|  46|0x000000060b800000, 0x000000060bc00000, 0x000000060bc00000|100%| O|  |TAMS 0x000000060b800000, 0x000000060b800000| Untracked 
|  47|0x000000060bc00000, 0x000000060c000000, 0x000000060c000000|100%| O|  |TAMS 0x000000060bc00000, 0x000000060bc00000| Untracked 
|  48|0x000000060c000000, 0x000000060c400000, 0x000000060c400000|100%| O|  |TAMS 0x000000060c000000, 0x000000060c000000| Untracked 
|  49|0x000000060c400000, 0x000000060c632a00, 0x000000060c800000| 54%| O|  |TAMS 0x000000060c400000, 0x000000060c400000| Untracked 
|  50|0x000000060c800000, 0x000000060c800000, 0x000000060cc00000|  0%| F|  |TAMS 0x000000060c800000, 0x000000060c800000| Untracked 
|  51|0x000000060cc00000, 0x000000060cc00000, 0x000000060d000000|  0%| F|  |TAMS 0x000000060cc00000, 0x000000060cc00000| Untracked 
|  52|0x000000060d000000, 0x000000060d000000, 0x000000060d400000|  0%| F|  |TAMS 0x000000060d000000, 0x000000060d000000| Untracked 
|  53|0x000000060d400000, 0x000000060d400000, 0x000000060d800000|  0%| F|  |TAMS 0x000000060d400000, 0x000000060d400000| Untracked 
|  54|0x000000060d800000, 0x000000060d800000, 0x000000060dc00000|  0%| F|  |TAMS 0x000000060d800000, 0x000000060d800000| Untracked 
|  55|0x000000060dc00000, 0x000000060dc00000, 0x000000060e000000|  0%| F|  |TAMS 0x000000060dc00000, 0x000000060dc00000| Untracked 
|  56|0x000000060e000000, 0x000000060e000000, 0x000000060e400000|  0%| F|  |TAMS 0x000000060e000000, 0x000000060e000000| Untracked 
|  57|0x000000060e400000, 0x000000060e400000, 0x000000060e800000|  0%| F|  |TAMS 0x000000060e400000, 0x000000060e400000| Untracked 
|  58|0x000000060e800000, 0x000000060e800000, 0x000000060ec00000|  0%| F|  |TAMS 0x000000060e800000, 0x000000060e800000| Untracked 
|  59|0x000000060ec00000, 0x000000060ec00000, 0x000000060f000000|  0%| F|  |TAMS 0x000000060ec00000, 0x000000060ec00000| Untracked 
|  60|0x000000060f000000, 0x000000060f000000, 0x000000060f400000|  0%| F|  |TAMS 0x000000060f000000, 0x000000060f000000| Untracked 
|  61|0x000000060f400000, 0x000000060f400000, 0x000000060f800000|  0%| F|  |TAMS 0x000000060f400000, 0x000000060f400000| Untracked 
|  62|0x000000060f800000, 0x000000060f800000, 0x000000060fc00000|  0%| F|  |TAMS 0x000000060f800000, 0x000000060f800000| Untracked 
|  63|0x000000060fc00000, 0x000000060fc00000, 0x0000000610000000|  0%| F|  |TAMS 0x000000060fc00000, 0x000000060fc00000| Untracked 
|  64|0x0000000610000000, 0x0000000610000000, 0x0000000610400000|  0%| F|  |TAMS 0x0000000610000000, 0x0000000610000000| Untracked 
|  65|0x0000000610400000, 0x0000000610400000, 0x0000000610800000|  0%| F|  |TAMS 0x0000000610400000, 0x0000000610400000| Untracked 
|  66|0x0000000610800000, 0x0000000610b06440, 0x0000000610c00000| 75%| S|CS|TAMS 0x0000000610800000, 0x0000000610800000| Complete 
|  67|0x0000000610c00000, 0x0000000611000000, 0x0000000611000000|100%| S|CS|TAMS 0x0000000610c00000, 0x0000000610c00000| Complete 
|  68|0x0000000611000000, 0x0000000611400000, 0x0000000611400000|100%| S|CS|TAMS 0x0000000611000000, 0x0000000611000000| Complete 
|  69|0x0000000611400000, 0x0000000611800000, 0x0000000611800000|100%| S|CS|TAMS 0x0000000611400000, 0x0000000611400000| Complete 
|  70|0x0000000611800000, 0x0000000611800000, 0x0000000611c00000|  0%| F|  |TAMS 0x0000000611800000, 0x0000000611800000| Untracked 
|  71|0x0000000611c00000, 0x0000000611c00000, 0x0000000612000000|  0%| F|  |TAMS 0x0000000611c00000, 0x0000000611c00000| Untracked 
|  72|0x0000000612000000, 0x0000000612400000, 0x0000000612400000|100%| S|CS|TAMS 0x0000000612000000, 0x0000000612000000| Complete 
|  73|0x0000000612400000, 0x0000000612400000, 0x0000000612800000|  0%| F|  |TAMS 0x0000000612400000, 0x0000000612400000| Untracked 
|  74|0x0000000612800000, 0x0000000612800000, 0x0000000612c00000|  0%| F|  |TAMS 0x0000000612800000, 0x0000000612800000| Untracked 
|  75|0x0000000612c00000, 0x0000000612c00000, 0x0000000613000000|  0%| F|  |TAMS 0x0000000612c00000, 0x0000000612c00000| Untracked 
|  76|0x0000000613000000, 0x0000000613000000, 0x0000000613400000|  0%| F|  |TAMS 0x0000000613000000, 0x0000000613000000| Untracked 
|  77|0x0000000613400000, 0x0000000613400000, 0x0000000613800000|  0%| F|  |TAMS 0x0000000613400000, 0x0000000613400000| Untracked 
|  78|0x0000000613800000, 0x0000000613800000, 0x0000000613c00000|  0%| F|  |TAMS 0x0000000613800000, 0x0000000613800000| Untracked 
|  79|0x0000000613c00000, 0x0000000613c00000, 0x0000000614000000|  0%| F|  |TAMS 0x0000000613c00000, 0x0000000613c00000| Untracked 
|  80|0x0000000614000000, 0x0000000614000000, 0x0000000614400000|  0%| F|  |TAMS 0x0000000614000000, 0x0000000614000000| Untracked 
|  81|0x0000000614400000, 0x0000000614400000, 0x0000000614800000|  0%| F|  |TAMS 0x0000000614400000, 0x0000000614400000| Untracked 
|  82|0x0000000614800000, 0x0000000614800000, 0x0000000614c00000|  0%| F|  |TAMS 0x0000000614800000, 0x0000000614800000| Untracked 
|  83|0x0000000614c00000, 0x0000000614c00000, 0x0000000615000000|  0%| F|  |TAMS 0x0000000614c00000, 0x0000000614c00000| Untracked 
|  84|0x0000000615000000, 0x0000000615000000, 0x0000000615400000|  0%| F|  |TAMS 0x0000000615000000, 0x0000000615000000| Untracked 
|  85|0x0000000615400000, 0x0000000615400000, 0x0000000615800000|  0%| F|  |TAMS 0x0000000615400000, 0x0000000615400000| Untracked 
|  86|0x0000000615800000, 0x0000000615800000, 0x0000000615c00000|  0%| F|  |TAMS 0x0000000615800000, 0x0000000615800000| Untracked 
|  87|0x0000000615c00000, 0x0000000615c00000, 0x0000000616000000|  0%| F|  |TAMS 0x0000000615c00000, 0x0000000615c00000| Untracked 
|  88|0x0000000616000000, 0x0000000616000000, 0x0000000616400000|  0%| F|  |TAMS 0x0000000616000000, 0x0000000616000000| Untracked 
|  89|0x0000000616400000, 0x0000000616400000, 0x0000000616800000|  0%| F|  |TAMS 0x0000000616400000, 0x0000000616400000| Untracked 
|  90|0x0000000616800000, 0x0000000616800000, 0x0000000616c00000|  0%| F|  |TAMS 0x0000000616800000, 0x0000000616800000| Untracked 
|  91|0x0000000616c00000, 0x0000000616c00000, 0x0000000617000000|  0%| F|  |TAMS 0x0000000616c00000, 0x0000000616c00000| Untracked 
|  92|0x0000000617000000, 0x0000000617000000, 0x0000000617400000|  0%| F|  |TAMS 0x0000000617000000, 0x0000000617000000| Untracked 
|  93|0x0000000617400000, 0x0000000617400000, 0x0000000617800000|  0%| F|  |TAMS 0x0000000617400000, 0x0000000617400000| Untracked 
|  94|0x0000000617800000, 0x0000000617800000, 0x0000000617c00000|  0%| F|  |TAMS 0x0000000617800000, 0x0000000617800000| Untracked 
|  95|0x0000000617c00000, 0x0000000617c00000, 0x0000000618000000|  0%| F|  |TAMS 0x0000000617c00000, 0x0000000617c00000| Untracked 
|  96|0x0000000618000000, 0x0000000618000000, 0x0000000618400000|  0%| F|  |TAMS 0x0000000618000000, 0x0000000618000000| Untracked 
|  97|0x0000000618400000, 0x0000000618400000, 0x0000000618800000|  0%| F|  |TAMS 0x0000000618400000, 0x0000000618400000| Untracked 
|  98|0x0000000618800000, 0x0000000618800000, 0x0000000618c00000|  0%| F|  |TAMS 0x0000000618800000, 0x0000000618800000| Untracked 
|  99|0x0000000618c00000, 0x0000000618c00000, 0x0000000619000000|  0%| F|  |TAMS 0x0000000618c00000, 0x0000000618c00000| Untracked 
| 100|0x0000000619000000, 0x0000000619000000, 0x0000000619400000|  0%| F|  |TAMS 0x0000000619000000, 0x0000000619000000| Untracked 
| 101|0x0000000619400000, 0x0000000619400000, 0x0000000619800000|  0%| F|  |TAMS 0x0000000619400000, 0x0000000619400000| Untracked 
| 102|0x0000000619800000, 0x0000000619800000, 0x0000000619c00000|  0%| F|  |TAMS 0x0000000619800000, 0x0000000619800000| Untracked 
| 103|0x0000000619c00000, 0x0000000619c00000, 0x000000061a000000|  0%| F|  |TAMS 0x0000000619c00000, 0x0000000619c00000| Untracked 
| 104|0x000000061a000000, 0x000000061a000000, 0x000000061a400000|  0%| F|  |TAMS 0x000000061a000000, 0x000000061a000000| Untracked 
| 105|0x000000061a400000, 0x000000061a400000, 0x000000061a800000|  0%| F|  |TAMS 0x000000061a400000, 0x000000061a400000| Untracked 
| 106|0x000000061a800000, 0x000000061a800000, 0x000000061ac00000|  0%| F|  |TAMS 0x000000061a800000, 0x000000061a800000| Untracked 
| 107|0x000000061ac00000, 0x000000061ac00000, 0x000000061b000000|  0%| F|  |TAMS 0x000000061ac00000, 0x000000061ac00000| Untracked 
| 108|0x000000061b000000, 0x000000061b000000, 0x000000061b400000|  0%| F|  |TAMS 0x000000061b000000, 0x000000061b000000| Untracked 
| 109|0x000000061b400000, 0x000000061b400000, 0x000000061b800000|  0%| F|  |TAMS 0x000000061b400000, 0x000000061b400000| Untracked 
| 110|0x000000061b800000, 0x000000061b800000, 0x000000061bc00000|  0%| F|  |TAMS 0x000000061b800000, 0x000000061b800000| Untracked 
| 111|0x000000061bc00000, 0x000000061bc00000, 0x000000061c000000|  0%| F|  |TAMS 0x000000061bc00000, 0x000000061bc00000| Untracked 
| 112|0x000000061c000000, 0x000000061c000000, 0x000000061c400000|  0%| F|  |TAMS 0x000000061c000000, 0x000000061c000000| Untracked 
| 113|0x000000061c400000, 0x000000061c400000, 0x000000061c800000|  0%| F|  |TAMS 0x000000061c400000, 0x000000061c400000| Untracked 
| 114|0x000000061c800000, 0x000000061c800000, 0x000000061cc00000|  0%| F|  |TAMS 0x000000061c800000, 0x000000061c800000| Untracked 
| 115|0x000000061cc00000, 0x000000061cc00000, 0x000000061d000000|  0%| F|  |TAMS 0x000000061cc00000, 0x000000061cc00000| Untracked 
| 116|0x000000061d000000, 0x000000061d000000, 0x000000061d400000|  0%| F|  |TAMS 0x000000061d000000, 0x000000061d000000| Untracked 
| 117|0x000000061d400000, 0x000000061d400000, 0x000000061d800000|  0%| F|  |TAMS 0x000000061d400000, 0x000000061d400000| Untracked 
| 118|0x000000061d800000, 0x000000061d800000, 0x000000061dc00000|  0%| F|  |TAMS 0x000000061d800000, 0x000000061d800000| Untracked 
| 119|0x000000061dc00000, 0x000000061dc00000, 0x000000061e000000|  0%| F|  |TAMS 0x000000061dc00000, 0x000000061dc00000| Untracked 
| 120|0x000000061e000000, 0x000000061e000000, 0x000000061e400000|  0%| F|  |TAMS 0x000000061e000000, 0x000000061e000000| Untracked 
| 121|0x000000061e400000, 0x000000061e400000, 0x000000061e800000|  0%| F|  |TAMS 0x000000061e400000, 0x000000061e400000| Untracked 
| 122|0x000000061e800000, 0x000000061e800000, 0x000000061ec00000|  0%| F|  |TAMS 0x000000061e800000, 0x000000061e800000| Untracked 
| 123|0x000000061ec00000, 0x000000061ec00000, 0x000000061f000000|  0%| F|  |TAMS 0x000000061ec00000, 0x000000061ec00000| Untracked 
| 124|0x000000061f000000, 0x000000061f000000, 0x000000061f400000|  0%| F|  |TAMS 0x000000061f000000, 0x000000061f000000| Untracked 
| 125|0x000000061f400000, 0x000000061f400000, 0x000000061f800000|  0%| F|  |TAMS 0x000000061f400000, 0x000000061f400000| Untracked 
| 126|0x000000061f800000, 0x000000061f800000, 0x000000061fc00000|  0%| F|  |TAMS 0x000000061f800000, 0x000000061f800000| Untracked 
| 127|0x000000061fc00000, 0x000000061fc00000, 0x0000000620000000|  0%| F|  |TAMS 0x000000061fc00000, 0x000000061fc00000| Untracked 
| 128|0x0000000620000000, 0x0000000620000000, 0x0000000620400000|  0%| F|  |TAMS 0x0000000620000000, 0x0000000620000000| Untracked 
| 129|0x0000000620400000, 0x0000000620400000, 0x0000000620800000|  0%| F|  |TAMS 0x0000000620400000, 0x0000000620400000| Untracked 
| 130|0x0000000620800000, 0x0000000620800000, 0x0000000620c00000|  0%| F|  |TAMS 0x0000000620800000, 0x0000000620800000| Untracked 
| 131|0x0000000620c00000, 0x0000000620c00000, 0x0000000621000000|  0%| F|  |TAMS 0x0000000620c00000, 0x0000000620c00000| Untracked 
| 132|0x0000000621000000, 0x0000000621000000, 0x0000000621400000|  0%| F|  |TAMS 0x0000000621000000, 0x0000000621000000| Untracked 
| 133|0x0000000621400000, 0x0000000621400000, 0x0000000621800000|  0%| F|  |TAMS 0x0000000621400000, 0x0000000621400000| Untracked 
| 134|0x0000000621800000, 0x0000000621800000, 0x0000000621c00000|  0%| F|  |TAMS 0x0000000621800000, 0x0000000621800000| Untracked 
| 135|0x0000000621c00000, 0x0000000621c00000, 0x0000000622000000|  0%| F|  |TAMS 0x0000000621c00000, 0x0000000621c00000| Untracked 
| 136|0x0000000622000000, 0x0000000622000000, 0x0000000622400000|  0%| F|  |TAMS 0x0000000622000000, 0x0000000622000000| Untracked 
| 137|0x0000000622400000, 0x0000000622400000, 0x0000000622800000|  0%| F|  |TAMS 0x0000000622400000, 0x0000000622400000| Untracked 
| 138|0x0000000622800000, 0x0000000622800000, 0x0000000622c00000|  0%| F|  |TAMS 0x0000000622800000, 0x0000000622800000| Untracked 
| 139|0x0000000622c00000, 0x0000000622c00000, 0x0000000623000000|  0%| F|  |TAMS 0x0000000622c00000, 0x0000000622c00000| Untracked 
| 140|0x0000000623000000, 0x0000000623000000, 0x0000000623400000|  0%| F|  |TAMS 0x0000000623000000, 0x0000000623000000| Untracked 
| 141|0x0000000623400000, 0x0000000623400000, 0x0000000623800000|  0%| F|  |TAMS 0x0000000623400000, 0x0000000623400000| Untracked 
| 142|0x0000000623800000, 0x0000000623800000, 0x0000000623c00000|  0%| F|  |TAMS 0x0000000623800000, 0x0000000623800000| Untracked 
| 143|0x0000000623c00000, 0x0000000623c00000, 0x0000000624000000|  0%| F|  |TAMS 0x0000000623c00000, 0x0000000623c00000| Untracked 
| 144|0x0000000624000000, 0x0000000624000000, 0x0000000624400000|  0%| F|  |TAMS 0x0000000624000000, 0x0000000624000000| Untracked 
| 145|0x0000000624400000, 0x0000000624400000, 0x0000000624800000|  0%| F|  |TAMS 0x0000000624400000, 0x0000000624400000| Untracked 
| 146|0x0000000624800000, 0x0000000624800000, 0x0000000624c00000|  0%| F|  |TAMS 0x0000000624800000, 0x0000000624800000| Untracked 
| 147|0x0000000624c00000, 0x0000000624c00000, 0x0000000625000000|  0%| F|  |TAMS 0x0000000624c00000, 0x0000000624c00000| Untracked 
| 148|0x0000000625000000, 0x0000000625000000, 0x0000000625400000|  0%| F|  |TAMS 0x0000000625000000, 0x0000000625000000| Untracked 
| 149|0x0000000625400000, 0x0000000625400000, 0x0000000625800000|  0%| F|  |TAMS 0x0000000625400000, 0x0000000625400000| Untracked 
| 150|0x0000000625800000, 0x0000000625800000, 0x0000000625c00000|  0%| F|  |TAMS 0x0000000625800000, 0x0000000625800000| Untracked 
| 151|0x0000000625c00000, 0x0000000625c00000, 0x0000000626000000|  0%| F|  |TAMS 0x0000000625c00000, 0x0000000625c00000| Untracked 
| 152|0x0000000626000000, 0x0000000626000000, 0x0000000626400000|  0%| F|  |TAMS 0x0000000626000000, 0x0000000626000000| Untracked 
| 153|0x0000000626400000, 0x0000000626400000, 0x0000000626800000|  0%| F|  |TAMS 0x0000000626400000, 0x0000000626400000| Untracked 
| 154|0x0000000626800000, 0x0000000626800000, 0x0000000626c00000|  0%| F|  |TAMS 0x0000000626800000, 0x0000000626800000| Untracked 
| 155|0x0000000626c00000, 0x0000000626c00000, 0x0000000627000000|  0%| F|  |TAMS 0x0000000626c00000, 0x0000000626c00000| Untracked 
| 156|0x0000000627000000, 0x0000000627000000, 0x0000000627400000|  0%| F|  |TAMS 0x0000000627000000, 0x0000000627000000| Untracked 
| 157|0x0000000627400000, 0x0000000627400000, 0x0000000627800000|  0%| F|  |TAMS 0x0000000627400000, 0x0000000627400000| Untracked 
| 158|0x0000000627800000, 0x0000000627800000, 0x0000000627c00000|  0%| F|  |TAMS 0x0000000627800000, 0x0000000627800000| Untracked 
| 159|0x0000000627c00000, 0x0000000627c00000, 0x0000000628000000|  0%| F|  |TAMS 0x0000000627c00000, 0x0000000627c00000| Untracked 
| 160|0x0000000628000000, 0x0000000628000000, 0x0000000628400000|  0%| F|  |TAMS 0x0000000628000000, 0x0000000628000000| Untracked 
| 161|0x0000000628400000, 0x0000000628400000, 0x0000000628800000|  0%| F|  |TAMS 0x0000000628400000, 0x0000000628400000| Untracked 
| 162|0x0000000628800000, 0x0000000628800000, 0x0000000628c00000|  0%| F|  |TAMS 0x0000000628800000, 0x0000000628800000| Untracked 
| 163|0x0000000628c00000, 0x0000000628c00000, 0x0000000629000000|  0%| F|  |TAMS 0x0000000628c00000, 0x0000000628c00000| Untracked 
| 164|0x0000000629000000, 0x0000000629000000, 0x0000000629400000|  0%| F|  |TAMS 0x0000000629000000, 0x0000000629000000| Untracked 
| 165|0x0000000629400000, 0x0000000629400000, 0x0000000629800000|  0%| F|  |TAMS 0x0000000629400000, 0x0000000629400000| Untracked 
| 166|0x0000000629800000, 0x0000000629800000, 0x0000000629c00000|  0%| F|  |TAMS 0x0000000629800000, 0x0000000629800000| Untracked 
| 167|0x0000000629c00000, 0x0000000629c00000, 0x000000062a000000|  0%| F|  |TAMS 0x0000000629c00000, 0x0000000629c00000| Untracked 
| 168|0x000000062a000000, 0x000000062a000000, 0x000000062a400000|  0%| F|  |TAMS 0x000000062a000000, 0x000000062a000000| Untracked 
| 169|0x000000062a400000, 0x000000062a400000, 0x000000062a800000|  0%| F|  |TAMS 0x000000062a400000, 0x000000062a400000| Untracked 
| 170|0x000000062a800000, 0x000000062a800000, 0x000000062ac00000|  0%| F|  |TAMS 0x000000062a800000, 0x000000062a800000| Untracked 
| 171|0x000000062ac00000, 0x000000062ac00000, 0x000000062b000000|  0%| F|  |TAMS 0x000000062ac00000, 0x000000062ac00000| Untracked 
| 172|0x000000062b000000, 0x000000062b000000, 0x000000062b400000|  0%| F|  |TAMS 0x000000062b000000, 0x000000062b000000| Untracked 
| 173|0x000000062b400000, 0x000000062b400000, 0x000000062b800000|  0%| F|  |TAMS 0x000000062b400000, 0x000000062b400000| Untracked 
| 174|0x000000062b800000, 0x000000062b800000, 0x000000062bc00000|  0%| F|  |TAMS 0x000000062b800000, 0x000000062b800000| Untracked 
| 175|0x000000062bc00000, 0x000000062bc00000, 0x000000062c000000|  0%| F|  |TAMS 0x000000062bc00000, 0x000000062bc00000| Untracked 
| 176|0x000000062c000000, 0x000000062c000000, 0x000000062c400000|  0%| F|  |TAMS 0x000000062c000000, 0x000000062c000000| Untracked 
| 177|0x000000062c400000, 0x000000062c400000, 0x000000062c800000|  0%| F|  |TAMS 0x000000062c400000, 0x000000062c400000| Untracked 
| 178|0x000000062c800000, 0x000000062c800000, 0x000000062cc00000|  0%| F|  |TAMS 0x000000062c800000, 0x000000062c800000| Untracked 
| 179|0x000000062cc00000, 0x000000062cc00000, 0x000000062d000000|  0%| F|  |TAMS 0x000000062cc00000, 0x000000062cc00000| Untracked 
| 180|0x000000062d000000, 0x000000062d000000, 0x000000062d400000|  0%| F|  |TAMS 0x000000062d000000, 0x000000062d000000| Untracked 
| 181|0x000000062d400000, 0x000000062d400000, 0x000000062d800000|  0%| F|  |TAMS 0x000000062d400000, 0x000000062d400000| Untracked 
| 182|0x000000062d800000, 0x000000062d800000, 0x000000062dc00000|  0%| F|  |TAMS 0x000000062d800000, 0x000000062d800000| Untracked 
| 183|0x000000062dc00000, 0x000000062dc00000, 0x000000062e000000|  0%| F|  |TAMS 0x000000062dc00000, 0x000000062dc00000| Untracked 
| 184|0x000000062e000000, 0x000000062e000000, 0x000000062e400000|  0%| F|  |TAMS 0x000000062e000000, 0x000000062e000000| Untracked 
| 185|0x000000062e400000, 0x000000062e400000, 0x000000062e800000|  0%| F|  |TAMS 0x000000062e400000, 0x000000062e400000| Untracked 
| 186|0x000000062e800000, 0x000000062e800000, 0x000000062ec00000|  0%| F|  |TAMS 0x000000062e800000, 0x000000062e800000| Untracked 
| 187|0x000000062ec00000, 0x000000062ec00000, 0x000000062f000000|  0%| F|  |TAMS 0x000000062ec00000, 0x000000062ec00000| Untracked 
| 188|0x000000062f000000, 0x000000062f000000, 0x000000062f400000|  0%| F|  |TAMS 0x000000062f000000, 0x000000062f000000| Untracked 
| 189|0x000000062f400000, 0x000000062f400000, 0x000000062f800000|  0%| F|  |TAMS 0x000000062f400000, 0x000000062f400000| Untracked 
| 190|0x000000062f800000, 0x000000062f800000, 0x000000062fc00000|  0%| F|  |TAMS 0x000000062f800000, 0x000000062f800000| Untracked 
| 191|0x000000062fc00000, 0x000000062fc00000, 0x0000000630000000|  0%| F|  |TAMS 0x000000062fc00000, 0x000000062fc00000| Untracked 
| 192|0x0000000630000000, 0x0000000630000000, 0x0000000630400000|  0%| F|  |TAMS 0x0000000630000000, 0x0000000630000000| Untracked 
| 193|0x0000000630400000, 0x0000000630400000, 0x0000000630800000|  0%| F|  |TAMS 0x0000000630400000, 0x0000000630400000| Untracked 
| 194|0x0000000630800000, 0x0000000630800000, 0x0000000630c00000|  0%| F|  |TAMS 0x0000000630800000, 0x0000000630800000| Untracked 
| 195|0x0000000630c00000, 0x0000000630c00000, 0x0000000631000000|  0%| F|  |TAMS 0x0000000630c00000, 0x0000000630c00000| Untracked 
| 196|0x0000000631000000, 0x0000000631000000, 0x0000000631400000|  0%| F|  |TAMS 0x0000000631000000, 0x0000000631000000| Untracked 
| 197|0x0000000631400000, 0x0000000631400000, 0x0000000631800000|  0%| F|  |TAMS 0x0000000631400000, 0x0000000631400000| Untracked 
| 198|0x0000000631800000, 0x0000000631800000, 0x0000000631c00000|  0%| F|  |TAMS 0x0000000631800000, 0x0000000631800000| Untracked 
| 199|0x0000000631c00000, 0x0000000631c00000, 0x0000000632000000|  0%| F|  |TAMS 0x0000000631c00000, 0x0000000631c00000| Untracked 
| 200|0x0000000632000000, 0x0000000632000000, 0x0000000632400000|  0%| F|  |TAMS 0x0000000632000000, 0x0000000632000000| Untracked 
| 201|0x0000000632400000, 0x0000000632400000, 0x0000000632800000|  0%| F|  |TAMS 0x0000000632400000, 0x0000000632400000| Untracked 

Card table byte_map: [0x0000022873a30000,0x0000022874a30000] _byte_map_base: 0x0000022870a30000

Marking Bits (Prev, Next): (CMBitMap*) 0x000002284b10fcf0, (CMBitMap*) 0x000002284b10fcb0
 Prev Bits: [0x0000022800000000, 0x0000022808000000)
 Next Bits: [0x0000022875a30000, 0x000002287da30000)

Polling page: 0x0000022849030000

Metaspace:

Usage:
  Non-class:    125.88 MB used.
      Class:     18.26 MB used.
       Both:    144.14 MB used.

Virtual space:
  Non-class space:      128.00 MB reserved,     126.31 MB ( 99%) committed,  2 nodes.
      Class space:        1.00 GB reserved,      18.56 MB (  2%) committed,  1 nodes.
             Both:        1.12 GB reserved,     144.88 MB ( 13%) committed. 

Chunk freelists:
   Non-Class:  944.00 KB
       Class:  13.38 MB
        Both:  14.30 MB

MaxMetaspaceSize: 4.00 GB
CompressedClassSpaceSize: 1.00 GB
Initial GC threshold: 21.00 MB
Current GC threshold: 226.50 MB
CDS: on
MetaspaceReclaimPolicy: balanced
 - commit_granule_bytes: 65536.
 - commit_granule_words: 8192.
 - virtual_space_node_default_size: 8388608.
 - enlarge_chunks_in_place: 1.
 - new_chunks_are_fully_committed: 0.
 - uncommit_free_chunks: 1.
 - use_allocation_guard: 0.
 - handle_deallocations: 1.


Internal statistics:

num_allocs_failed_limit: 15.
num_arena_births: 1010.
num_arena_deaths: 2.
num_vsnodes_births: 3.
num_vsnodes_deaths: 0.
num_space_committed: 2316.
num_space_uncommitted: 0.
num_chunks_returned_to_freelist: 20.
num_chunks_taken_from_freelist: 6339.
num_chunk_merges: 15.
num_chunk_splits: 4769.
num_chunks_enlarged: 3813.
num_inconsistent_stats: 0.

CodeHeap 'non-profiled nmethods': size=259264Kb used=14320Kb max_used=14320Kb free=244943Kb
 bounds [0x0000022862bf0000, 0x0000022863a00000, 0x0000022872920000]
CodeHeap 'profiled nmethods': size=259264Kb used=37844Kb max_used=37844Kb free=221419Kb
 bounds [0x0000022852920000, 0x0000022854e20000, 0x0000022862650000]
CodeHeap 'non-nmethods': size=5760Kb used=2606Kb max_used=2697Kb free=3153Kb
 bounds [0x0000022862650000, 0x0000022862900000, 0x0000022862bf0000]
 total_blobs=19248 nmethods=18072 adapters=1085
 compilation: enabled
              stopped_count=0, restarted_count=0
 full_count=0

Compilation events (20 events):
Event: 369.268 Thread 0x00000228c9918060 nmethod 22973 0x00000228636fac10 code [0x00000228636fade0, 0x00000228636fb2c8]
Event: 369.268 Thread 0x00000228c9918060 22953       4       org.jetbrains.kotlin.protobuf.FieldSet::verifyType (205 bytes)
Event: 369.272 Thread 0x00000228c9918060 nmethod 22953 0x00000228637a2f90 code [0x00000228637a3120, 0x00000228637a3278]
Event: 369.272 Thread 0x00000228c9918060 22955   !   4       java.security.Provider$Service::newInstanceUtil (60 bytes)
Event: 369.278 Thread 0x00000228c9918060 nmethod 22955 0x00000228637a2910 code [0x00000228637a2aa0, 0x00000228637a2bc8]
Event: 369.278 Thread 0x00000228c9918060 22956   !   4       java.security.Provider$Service::newInstance (365 bytes)
Event: 369.283 Thread 0x00000228c9918060 nmethod 22956 0x00000228636fa610 code [0x00000228636fa7c0, 0x00000228636fa9a8]
Event: 369.283 Thread 0x00000228c9918060 22948       4       org.jetbrains.kotlin.incremental.IncrementalJvmCacheKt::md5 (115 bytes)
Event: 369.294 Thread 0x00000228c9918060 nmethod 22948 0x00000228636f9d90 code [0x00000228636f9f40, 0x00000228636fa278]
Event: 369.294 Thread 0x00000228c9918060 22947   !   4       jdk.internal.reflect.GeneratedConstructorAccessor67::newInstance (49 bytes)
Event: 369.310 Thread 0x00000228c9918060 nmethod 22947 0x00000228636f9390 code [0x00000228636f9540, 0x00000228636f9ae8]
Event: 369.310 Thread 0x00000228c9918060 22943       4       org.jetbrains.kotlin.incremental.classpathDiff.BasicClassInfo::<init> (145 bytes)
Event: 369.312 Thread 0x00000228081b2410 22976       3       org.jetbrains.kotlin.incremental.ClassNodeSnapshotter::snapshotClassExcludingMembers (193 bytes)
Event: 369.316 Thread 0x00000228081b2410 nmethod 22976 0x0000022854e0c990 code [0x0000022854e0cce0, 0x0000022854e0e4b8]
Event: 369.324 Thread 0x00000228c9918060 nmethod 22943 0x00000228636f8c90 code [0x00000228636f8e20, 0x00000228636f9278]
Event: 369.325 Thread 0x00000228c9918060 22977       4       org.jetbrains.org.objectweb.asm.tree.FieldNode::accept (352 bytes)
Event: 369.370 Thread 0x00000228c9918060 nmethod 22977 0x00000228636f7510 code [0x00000228636f7740, 0x00000228636f84f0]
Event: 369.371 Thread 0x00000228c9918060 22979       4       org.jetbrains.org.objectweb.asm.ClassReader::readElementValue (1237 bytes)
Event: 369.440 Thread 0x00000228081b2410 22985 % !   3       org.jetbrains.kotlin.metadata.ProtoBuf$Package::<init> @ 36 (656 bytes)
Event: 369.450 Thread 0x00000228081b2410 nmethod 22985% 0x0000022854e0ed10 code [0x0000022854e0f440, 0x0000022854e145a8]

GC Heap History (20 events):
Event: 330.464 GC heap after
{Heap after GC invocations=94 (full 0):
 garbage-first heap   total 688128K, used 160224K [0x0000000600000000, 0x0000000800000000)
  region size 4096K, 5 young (20480K), 5 survivors (20480K)
 Metaspace       used 137142K, committed 137856K, reserved 1179648K
  class space    used 17506K, committed 17856K, reserved 1048576K
}
Event: 332.976 GC heap before
{Heap before GC invocations=94 (full 0):
 garbage-first heap   total 688128K, used 549344K [0x0000000600000000, 0x0000000800000000)
  region size 4096K, 100 young (409600K), 5 survivors (20480K)
 Metaspace       used 137142K, committed 137856K, reserved 1179648K
  class space    used 17506K, committed 17856K, reserved 1048576K
}
Event: 333.019 GC heap after
{Heap after GC invocations=95 (full 0):
 garbage-first heap   total 827392K, used 163142K [0x0000000600000000, 0x0000000800000000)
  region size 4096K, 6 young (24576K), 6 survivors (24576K)
 Metaspace       used 137142K, committed 137856K, reserved 1179648K
  class space    used 17506K, committed 17856K, reserved 1048576K
}
Event: 338.345 GC heap before
{Heap before GC invocations=95 (full 0):
 garbage-first heap   total 827392K, used 634182K [0x0000000600000000, 0x0000000800000000)
  region size 4096K, 121 young (495616K), 6 survivors (24576K)
 Metaspace       used 137142K, committed 137856K, reserved 1179648K
  class space    used 17506K, committed 17856K, reserved 1048576K
}
Event: 338.391 GC heap after
{Heap after GC invocations=96 (full 0):
 garbage-first heap   total 827392K, used 163454K [0x0000000600000000, 0x0000000800000000)
  region size 4096K, 4 young (16384K), 4 survivors (16384K)
 Metaspace       used 137142K, committed 137856K, reserved 1179648K
  class space    used 17506K, committed 17856K, reserved 1048576K
}
Event: 344.376 GC heap before
{Heap before GC invocations=96 (full 0):
 garbage-first heap   total 827392K, used 470654K [0x0000000600000000, 0x0000000800000000)
  region size 4096K, 80 young (327680K), 4 survivors (16384K)
 Metaspace       used 138197K, committed 138880K, reserved 1179648K
  class space    used 17566K, committed 17920K, reserved 1048576K
}
Event: 344.456 GC heap after
{Heap after GC invocations=97 (full 0):
 garbage-first heap   total 827392K, used 179657K [0x0000000600000000, 0x0000000800000000)
  region size 4096K, 8 young (32768K), 8 survivors (32768K)
 Metaspace       used 138197K, committed 138880K, reserved 1179648K
  class space    used 17566K, committed 17920K, reserved 1048576K
}
Event: 360.102 GC heap before
{Heap before GC invocations=98 (full 0):
 garbage-first heap   total 630784K, used 527817K [0x0000000600000000, 0x0000000800000000)
  region size 4096K, 92 young (376832K), 8 survivors (32768K)
 Metaspace       used 145472K, committed 146176K, reserved 1179648K
  class space    used 18507K, committed 18816K, reserved 1048576K
}
Event: 360.207 GC heap after
{Heap after GC invocations=99 (full 0):
 garbage-first heap   total 630784K, used 200849K [0x0000000600000000, 0x0000000800000000)
  region size 4096K, 12 young (49152K), 12 survivors (49152K)
 Metaspace       used 145472K, committed 146176K, reserved 1179648K
  class space    used 18507K, committed 18816K, reserved 1048576K
}
Event: 360.232 GC heap before
{Heap before GC invocations=99 (full 0):
 garbage-first heap   total 630784K, used 204945K [0x0000000600000000, 0x0000000800000000)
  region size 4096K, 13 young (53248K), 12 survivors (49152K)
 Metaspace       used 145472K, committed 146176K, reserved 1179648K
  class space    used 18507K, committed 18816K, reserved 1048576K
}
Event: 360.336 GC heap after
{Heap after GC invocations=100 (full 0):
 garbage-first heap   total 630784K, used 201132K [0x0000000600000000, 0x0000000800000000)
  region size 4096K, 2 young (8192K), 2 survivors (8192K)
 Metaspace       used 145472K, committed 146176K, reserved 1179648K
  class space    used 18507K, committed 18816K, reserved 1048576K
}
Event: 361.718 GC heap before
{Heap before GC invocations=100 (full 0):
 garbage-first heap   total 630784K, used 496044K [0x0000000600000000, 0x0000000800000000)
  region size 4096K, 75 young (307200K), 2 survivors (8192K)
 Metaspace       used 145503K, committed 146304K, reserved 1179648K
  class space    used 18510K, committed 18880K, reserved 1048576K
}
Event: 361.730 GC heap after
{Heap after GC invocations=101 (full 0):
 garbage-first heap   total 630784K, used 200170K [0x0000000600000000, 0x0000000800000000)
  region size 4096K, 2 young (8192K), 2 survivors (8192K)
 Metaspace       used 145503K, committed 146304K, reserved 1179648K
  class space    used 18510K, committed 18880K, reserved 1048576K
}
Event: 364.551 GC heap before
{Heap before GC invocations=101 (full 0):
 garbage-first heap   total 630784K, used 507370K [0x0000000600000000, 0x0000000800000000)
  region size 4096K, 77 young (315392K), 2 survivors (8192K)
 Metaspace       used 147455K, committed 148160K, reserved 1179648K
  class space    used 18692K, committed 19008K, reserved 1048576K
}
Event: 364.572 GC heap after
{Heap after GC invocations=102 (full 0):
 garbage-first heap   total 630784K, used 204737K [0x0000000600000000, 0x0000000800000000)
  region size 4096K, 3 young (12288K), 3 survivors (12288K)
 Metaspace       used 147455K, committed 148160K, reserved 1179648K
  class space    used 18692K, committed 19008K, reserved 1048576K
}
Event: 365.983 GC heap before
{Heap before GC invocations=102 (full 0):
 garbage-first heap   total 630784K, used 516033K [0x0000000600000000, 0x0000000800000000)
  region size 4096K, 79 young (323584K), 3 survivors (12288K)
 Metaspace       used 147565K, committed 148288K, reserved 1179648K
  class space    used 18693K, committed 19008K, reserved 1048576K
}
Event: 366.000 GC heap after
{Heap after GC invocations=103 (full 0):
 garbage-first heap   total 630784K, used 204332K [0x0000000600000000, 0x0000000800000000)
  region size 4096K, 3 young (12288K), 3 survivors (12288K)
 Metaspace       used 147565K, committed 148288K, reserved 1179648K
  class space    used 18693K, committed 19008K, reserved 1048576K
}
Event: 367.700 GC heap before
{Heap before GC invocations=103 (full 0):
 garbage-first heap   total 630784K, used 519724K [0x0000000600000000, 0x0000000800000000)
  region size 4096K, 81 young (331776K), 3 survivors (12288K)
 Metaspace       used 147593K, committed 148288K, reserved 1179648K
  class space    used 18695K, committed 19008K, reserved 1048576K
}
Event: 367.722 GC heap after
{Heap after GC invocations=104 (full 0):
 garbage-first heap   total 630784K, used 206083K [0x0000000600000000, 0x0000000800000000)
  region size 4096K, 3 young (12288K), 3 survivors (12288K)
 Metaspace       used 147593K, committed 148288K, reserved 1179648K
  class space    used 18695K, committed 19008K, reserved 1048576K
}
Event: 369.465 GC heap before
{Heap before GC invocations=104 (full 0):
 garbage-first heap   total 630784K, used 525571K [0x0000000600000000, 0x0000000800000000)
  region size 4096K, 83 young (339968K), 3 survivors (12288K)
 Metaspace       used 147598K, committed 148352K, reserved 1179648K
  class space    used 18695K, committed 19008K, reserved 1048576K
}

Deoptimization events (20 events):
Event: 367.432 Thread 0x00000228d93882d0 DEOPT PACKING pc=0x0000022852dc79db sp=0x000000f3a86f84f0
Event: 367.433 Thread 0x00000228d93882d0 DEOPT UNPACKING pc=0x00000228626a2b43 sp=0x000000f3a86f7a40 mode 0
Event: 367.444 Thread 0x00000228cc22b3d0 Uncommon trap: trap_request=0xffffffbe fr.pc=0x00000228634b6100 relative=0x0000000000000f60
Event: 367.444 Thread 0x00000228cc22b3d0 Uncommon trap: reason=profile_predicate action=maybe_recompile pc=0x00000228634b6100 method=java.util.ComparableTimSort.mergeLo(IIII)V @ 147 c2
Event: 367.444 Thread 0x00000228cc22b3d0 DEOPT PACKING pc=0x00000228634b6100 sp=0x000000f3a8efbc60
Event: 367.444 Thread 0x00000228cc22b3d0 DEOPT UNPACKING pc=0x00000228626a23a3 sp=0x000000f3a8efbc30 mode 2
Event: 367.447 Thread 0x00000228d93882d0 Uncommon trap: trap_request=0xffffff45 fr.pc=0x00000228639bc690 relative=0x00000000000064b0
Event: 367.448 Thread 0x00000228d93882d0 Uncommon trap: reason=unstable_if action=reinterpret pc=0x00000228639bc690 method=org.jetbrains.org.objectweb.asm.ClassReader.readElementValue(Lorg/jetbrains/org/objectweb/asm/AnnotationVisitor;ILjava/lang/String;[C)I @ 18 c2
Event: 367.448 Thread 0x00000228d93882d0 DEOPT PACKING pc=0x00000228639bc690 sp=0x000000f3a86f79a0
Event: 367.448 Thread 0x00000228d93882d0 DEOPT UNPACKING pc=0x00000228626a23a3 sp=0x000000f3a86f7940 mode 2
Event: 367.453 Thread 0x00000228d93882d0 DEOPT PACKING pc=0x0000022854de001d sp=0x000000f3a86f7840
Event: 367.453 Thread 0x00000228d93882d0 DEOPT UNPACKING pc=0x00000228626a2b43 sp=0x000000f3a86f6cd0 mode 0
Event: 368.738 Thread 0x00000228cc22c810 DEOPT PACKING pc=0x00000228531ac94b sp=0x000000f3a8cfad40
Event: 368.738 Thread 0x00000228cc22c810 DEOPT UNPACKING pc=0x00000228626a2b43 sp=0x000000f3a8cfa228 mode 0
Event: 368.959 Thread 0x00000228d93882d0 DEOPT PACKING pc=0x0000022852988892 sp=0x000000f3a86f8720
Event: 368.959 Thread 0x00000228d93882d0 DEOPT UNPACKING pc=0x00000228626a2b43 sp=0x000000f3a86f7bb8 mode 0
Event: 368.959 Thread 0x00000228d93882d0 Uncommon trap: trap_request=0xffffffbe fr.pc=0x00000228636d6324 relative=0x0000000000000344
Event: 368.959 Thread 0x00000228d93882d0 Uncommon trap: reason=profile_predicate action=maybe_recompile pc=0x00000228636d6324 method=org.gradle.internal.fingerprint.FingerprintHashingStrategy.appendCollectionToHasherKeepingOrder(Lorg/gradle/internal/hash/Hasher;Ljava/util/Collection;)V @ 7 c2
Event: 368.959 Thread 0x00000228d93882d0 DEOPT PACKING pc=0x00000228636d6324 sp=0x000000f3a86f8820
Event: 368.959 Thread 0x00000228d93882d0 DEOPT UNPACKING pc=0x00000228626a23a3 sp=0x000000f3a86f87d0 mode 2

Classes unloaded (6 events):
Event: 100.811 Thread 0x000002280818bfe0 Unloading class 0x000002288157cfa0 '_BuildScript_$_run_closure2'
Event: 100.811 Thread 0x000002280818bfe0 Unloading class 0x000002288157cbb8 '_BuildScript_$_run_closure1$_closure4'
Event: 100.811 Thread 0x000002280818bfe0 Unloading class 0x000002288157c7d0 '_BuildScript_$_run_closure1$_closure3$_closure5'
Event: 100.811 Thread 0x000002280818bfe0 Unloading class 0x000002288157c3e8 '_BuildScript_$_run_closure1$_closure3'
Event: 100.811 Thread 0x000002280818bfe0 Unloading class 0x000002288157c000 '_BuildScript_$_run_closure1'
Event: 100.811 Thread 0x000002280818bfe0 Unloading class 0x0000022881570800 '_BuildScript_'

Classes redefined (0 events):
No events

Internal exceptions (20 events):
Event: 348.552 Thread 0x00000228c5593530 Exception <a 'sun/nio/fs/WindowsException'{0x0000000623c2be98}> (0x0000000623c2be98) 
thrown [s\open\src\hotspot\share\prims\jni.cpp, line 516]
Event: 348.557 Thread 0x00000228c5593530 Exception <a 'sun/nio/fs/WindowsException'{0x0000000623c343f8}> (0x0000000623c343f8) 
thrown [s\open\src\hotspot\share\prims\jni.cpp, line 516]
Event: 348.563 Thread 0x00000228c5593530 Exception <a 'sun/nio/fs/WindowsException'{0x0000000623c3dde8}> (0x0000000623c3dde8) 
thrown [s\open\src\hotspot\share\prims\jni.cpp, line 516]
Event: 348.567 Thread 0x00000228c5593530 Exception <a 'sun/nio/fs/WindowsException'{0x0000000623c45b20}> (0x0000000623c45b20) 
thrown [s\open\src\hotspot\share\prims\jni.cpp, line 516]
Event: 348.571 Thread 0x00000228c5593530 Exception <a 'sun/nio/fs/WindowsException'{0x0000000623c4f2a8}> (0x0000000623c4f2a8) 
thrown [s\open\src\hotspot\share\prims\jni.cpp, line 516]
Event: 348.575 Thread 0x00000228c5593530 Exception <a 'sun/nio/fs/WindowsException'{0x0000000623c584f0}> (0x0000000623c584f0) 
thrown [s\open\src\hotspot\share\prims\jni.cpp, line 516]
Event: 348.579 Thread 0x00000228c5593530 Exception <a 'sun/nio/fs/WindowsException'{0x0000000623c63af0}> (0x0000000623c63af0) 
thrown [s\open\src\hotspot\share\prims\jni.cpp, line 516]
Event: 348.584 Thread 0x00000228c5593530 Exception <a 'sun/nio/fs/WindowsException'{0x0000000623c6a7f8}> (0x0000000623c6a7f8) 
thrown [s\open\src\hotspot\share\prims\jni.cpp, line 516]
Event: 348.587 Thread 0x00000228c5593530 Exception <a 'sun/nio/fs/WindowsException'{0x0000000623c7aab8}> (0x0000000623c7aab8) 
thrown [s\open\src\hotspot\share\prims\jni.cpp, line 516]
Event: 348.596 Thread 0x00000228c5593530 Exception <a 'sun/nio/fs/WindowsException'{0x0000000623c821e8}> (0x0000000623c821e8) 
thrown [s\open\src\hotspot\share\prims\jni.cpp, line 516]
Event: 349.887 Thread 0x00000228c5593530 Exception <a 'java/lang/NoSuchMethodError'{0x0000000622440ef0}: 'void java.lang.invoke.DirectMethodHandle$Holder.invokeStatic(java.lang.Object, java.lang.Object, java.lang.Object, java.lang.Object, java.lang.Object, java.lang.Object, java.lang.Object, java.lang.Object)'> (0x0000000622440ef0) 
thrown [s\open\src\hotspot\share\interpreter\linkResolver.cpp, line 759]
Event: 350.438 Thread 0x00000228c5593530 Exception <a 'java/lang/NoSuchMethodError'{0x0000000621943018}: 'java.lang.Object java.lang.invoke.DirectMethodHandle$Holder.newInvokeSpecial(java.lang.Object, java.lang.Object, java.lang.Object, java.lang.Object, java.lang.Object, java.lang.Object, int)'> (0x0000000621943018) 
thrown [s\open\src\hotspot\share\interpreter\linkResolver.cpp, line 759]
Event: 350.439 Thread 0x00000228c5593530 Exception <a 'java/lang/NoSuchMethodError'{0x0000000621948f70}: 'java.lang.Object java.lang.invoke.DirectMethodHandle$Holder.invokeSpecial(java.lang.Object, java.lang.Object, java.lang.Object, java.lang.Object, java.lang.Object, java.lang.Object, java.lang.Object, int)'> (0x0000000621948f70) 
thrown [s\open\src\hotspot\share\interpreter\linkResolver.cpp, line 759]
Event: 350.439 Thread 0x00000228c5593530 Exception <a 'java/lang/NoSuchMethodError'{0x000000062194e898}: 'java.lang.Object java.lang.invoke.Invokers$Holder.linkToTargetMethod(java.lang.Object, java.lang.Object, java.lang.Object, java.lang.Object, java.lang.Object, int, java.lang.Object)'> (0x000000062194e898) 
thrown [s\open\src\hotspot\share\interpreter\linkResolver.cpp, line 759]
Event: 350.746 Thread 0x00000228d9389200 Exception <a 'java/lang/NoSuchMethodError'{0x000000062123c438}: 'java.lang.Object java.lang.invoke.DirectMethodHandle$Holder.newInvokeSpecial(java.lang.Object, java.lang.Object, int, java.lang.Object, java.lang.Object)'> (0x000000062123c438) 
thrown [s\open\src\hotspot\share\interpreter\linkResolver.cpp, line 759]
Event: 351.008 Thread 0x00000228d9389200 Exception <a 'java/lang/NoSuchMethodError'{0x0000000620939ba8}: 'void java.lang.invoke.DirectMethodHandle$Holder.invokeSpecial(java.lang.Object, java.lang.Object, java.lang.Object, java.lang.Object, int, java.lang.Object, java.lang.Object)'> (0x0000000620939ba8) 
thrown [s\open\src\hotspot\share\interpreter\linkResolver.cpp, line 759]
Event: 351.424 Thread 0x00000228d93882d0 Exception <a 'java/lang/NoSuchMethodError'{0x0000000620d1b1b8}: 'int java.lang.invoke.DirectMethodHandle$Holder.invokeSpecial(java.lang.Object, java.lang.Object, java.lang.Object, java.lang.Object, java.lang.Object)'> (0x0000000620d1b1b8) 
thrown [s\open\src\hotspot\share\interpreter\linkResolver.cpp, line 759]
Event: 359.471 Thread 0x00000228cc22c810 Implicit null exception at 0x000002286370e3eb to 0x0000022863711448
Event: 359.471 Thread 0x00000228cc22c810 Implicit null exception at 0x0000022863250c97 to 0x0000022863251350
Event: 359.546 Thread 0x00000228cc22aec0 Implicit null exception at 0x00000228630c0897 to 0x00000228630c0ff8

VM Operations (20 events):
Event: 364.548 Executing VM operation: G1CollectForAllocation done
Event: 364.551 Executing VM operation: G1CollectForAllocation
Event: 364.572 Executing VM operation: G1CollectForAllocation done
Event: 365.573 Executing VM operation: Cleanup
Event: 365.574 Executing VM operation: Cleanup done
Event: 365.973 Executing VM operation: G1CollectForAllocation
Event: 366.010 Executing VM operation: G1CollectForAllocation done
Event: 366.017 Executing VM operation: HandshakeAllThreads
Event: 366.018 Executing VM operation: HandshakeAllThreads done
Event: 367.026 Executing VM operation: Cleanup
Event: 367.027 Executing VM operation: Cleanup done
Event: 367.700 Executing VM operation: G1CollectForAllocation
Event: 367.700 Executing VM operation: G1CollectForAllocation done
Event: 367.700 Executing VM operation: G1CollectForAllocation
Event: 367.722 Executing VM operation: G1CollectForAllocation done
Event: 368.735 Executing VM operation: Cleanup
Event: 368.738 Executing VM operation: Cleanup done
Event: 369.458 Executing VM operation: G1CollectForAllocation
Event: 369.458 Executing VM operation: G1CollectForAllocation done
Event: 369.460 Executing VM operation: G1CollectForAllocation

Events (20 events):
Event: 366.092 Thread 0x00000228081ce9d0 flushing nmethod 0x0000022854c17e90
Event: 366.092 Thread 0x00000228081ce9d0 flushing nmethod 0x0000022854c1dd10
Event: 366.092 Thread 0x00000228081ce9d0 flushing nmethod 0x0000022854c1fc10
Event: 366.092 Thread 0x00000228081ce9d0 flushing nmethod 0x0000022854c20c10
Event: 366.092 Thread 0x00000228081ce9d0 flushing nmethod 0x0000022854c2e010
Event: 366.092 Thread 0x00000228081ce9d0 flushing nmethod 0x0000022854c2e910
Event: 366.092 Thread 0x00000228081ce9d0 flushing nmethod 0x0000022854c2f010
Event: 366.092 Thread 0x00000228081ce9d0 flushing nmethod 0x0000022854c2fd10
Event: 366.092 Thread 0x00000228081ce9d0 flushing nmethod 0x0000022854c31110
Event: 366.092 Thread 0x00000228081ce9d0 flushing nmethod 0x0000022854c32690
Event: 366.092 Thread 0x00000228081ce9d0 flushing nmethod 0x0000022854c33090
Event: 366.092 Thread 0x00000228081ce9d0 flushing nmethod 0x0000022854c39810
Event: 366.092 Thread 0x00000228081ce9d0 flushing nmethod 0x0000022854c41d10
Event: 366.092 Thread 0x00000228081ce9d0 flushing nmethod 0x0000022854c56e90
Event: 366.092 Thread 0x00000228081ce9d0 flushing nmethod 0x0000022854c58490
Event: 366.092 Thread 0x00000228081ce9d0 flushing nmethod 0x0000022854c58e90
Event: 366.092 Thread 0x00000228081ce9d0 flushing nmethod 0x0000022854c6cc10
Event: 366.092 Thread 0x00000228081ce9d0 flushing nmethod 0x0000022854c70a90
Event: 366.092 Thread 0x00000228081ce9d0 flushing nmethod 0x0000022854c71b90
Event: 366.092 Thread 0x00000228081ce9d0 flushing nmethod 0x0000022854c73810


Dynamic libraries:
0x00007ff6f6660000 - 0x00007ff6f6670000 	C:\Program Files\Java\jdk-17\bin\java.exe
0x00007ffef6230000 - 0x00007ffef6428000 	C:\Windows\SYSTEM32\ntdll.dll
0x00007ffef6120000 - 0x00007ffef61e2000 	C:\Windows\System32\KERNEL32.DLL
0x00007ffef3d90000 - 0x00007ffef4087000 	C:\Windows\System32\KERNELBASE.dll
0x00007ffef3bf0000 - 0x00007ffef3cf0000 	C:\Windows\System32\ucrtbase.dll
0x00007ffeebbe0000 - 0x00007ffeebbf9000 	C:\Program Files\Java\jdk-17\bin\jli.dll
0x00007ffebb1c0000 - 0x00007ffebb1db000 	C:\Program Files\Java\jdk-17\bin\VCRUNTIME140.dll
0x00007ffef5330000 - 0x00007ffef53e1000 	C:\Windows\System32\ADVAPI32.dll
0x00007ffef5070000 - 0x00007ffef510e000 	C:\Windows\System32\msvcrt.dll
0x00007ffef5290000 - 0x00007ffef532f000 	C:\Windows\System32\sechost.dll
0x00007ffef5510000 - 0x00007ffef5636000 	C:\Windows\System32\RPCRT4.dll
0x00007ffef38b0000 - 0x00007ffef38d7000 	C:\Windows\System32\bcrypt.dll
0x00007ffef4e60000 - 0x00007ffef4ffd000 	C:\Windows\System32\USER32.dll
0x00007ffedfe70000 - 0x00007ffee010b000 	C:\Windows\WinSxS\amd64_microsoft.windows.common-controls_6595b64144ccf1df_6.0.19041.6926_none_60b5a53971f8f7e6\COMCTL32.dll
0x00007ffef38e0000 - 0x00007ffef3902000 	C:\Windows\System32\win32u.dll
0x00007ffef4e20000 - 0x00007ffef4e4b000 	C:\Windows\System32\GDI32.dll
0x00007ffef3910000 - 0x00007ffef3a29000 	C:\Windows\System32\gdi32full.dll
0x00007ffef3cf0000 - 0x00007ffef3d8d000 	C:\Windows\System32\msvcp_win.dll
0x00007ffee3570000 - 0x00007ffee357a000 	C:\Windows\SYSTEM32\VERSION.dll
0x00007ffef4b40000 - 0x00007ffef4b6f000 	C:\Windows\System32\IMM32.DLL
0x00007ffeeba30000 - 0x00007ffeeba3c000 	C:\Program Files\Java\jdk-17\bin\vcruntime140_1.dll
0x00007ffebb070000 - 0x00007ffebb0fe000 	C:\Program Files\Java\jdk-17\bin\msvcp140.dll
0x00007ffe4f530000 - 0x00007ffe50110000 	C:\Program Files\Java\jdk-17\bin\server\jvm.dll
0x00007ffef4e50000 - 0x00007ffef4e58000 	C:\Windows\System32\PSAPI.DLL
0x00007ffedea20000 - 0x00007ffedea47000 	C:\Windows\SYSTEM32\WINMM.dll
0x00007ffed8200000 - 0x00007ffed8209000 	C:\Windows\SYSTEM32\WSOCK32.dll
0x00007ffef4c20000 - 0x00007ffef4c8b000 	C:\Windows\System32\WS2_32.dll
0x00007ffef2090000 - 0x00007ffef20a2000 	C:\Windows\SYSTEM32\kernel.appcore.dll
0x00007ffee11b0000 - 0x00007ffee11ba000 	C:\Program Files\Java\jdk-17\bin\jimage.dll
0x00007ffef0d70000 - 0x00007ffef0f71000 	C:\Windows\SYSTEM32\DBGHELP.DLL
0x00007ffed1b70000 - 0x00007ffed1ba4000 	C:\Windows\SYSTEM32\dbgcore.DLL
0x00007ffef3a30000 - 0x00007ffef3ab2000 	C:\Windows\System32\bcryptPrimitives.dll
0x00007ffea9900000 - 0x00007ffea990e000 	C:\Program Files\Java\jdk-17\bin\instrument.dll
0x00007ffed0630000 - 0x00007ffed0655000 	C:\Program Files\Java\jdk-17\bin\java.dll
0x00007ffe74310000 - 0x00007ffe743e7000 	C:\Program Files\Java\jdk-17\bin\jsvml.dll
0x00007ffef4240000 - 0x00007ffef49b2000 	C:\Windows\System32\SHELL32.dll
0x00007ffef18a0000 - 0x00007ffef2046000 	C:\Windows\SYSTEM32\windows.storage.dll
0x00007ffef5860000 - 0x00007ffef5bb3000 	C:\Windows\System32\combase.dll
0x00007ffef3130000 - 0x00007ffef315b000 	C:\Windows\SYSTEM32\Wldp.dll
0x00007ffef5110000 - 0x00007ffef51dd000 	C:\Windows\System32\OLEAUT32.dll
0x00007ffef4b70000 - 0x00007ffef4c1d000 	C:\Windows\System32\SHCORE.dll
0x00007ffef4dc0000 - 0x00007ffef4e1b000 	C:\Windows\System32\shlwapi.dll
0x00007ffef37e0000 - 0x00007ffef3804000 	C:\Windows\SYSTEM32\profapi.dll
0x00007ffebb030000 - 0x00007ffebb048000 	C:\Program Files\Java\jdk-17\bin\zip.dll
0x00007ffed0610000 - 0x00007ffed0629000 	C:\Program Files\Java\jdk-17\bin\net.dll
0x00007ffeea840000 - 0x00007ffeea94a000 	C:\Windows\SYSTEM32\WINHTTP.dll
0x00007ffef2f10000 - 0x00007ffef2f7a000 	C:\Windows\system32\mswsock.dll
0x00007ffebb050000 - 0x00007ffebb066000 	C:\Program Files\Java\jdk-17\bin\nio.dll
0x00007ffebfb10000 - 0x00007ffebfb20000 	C:\Program Files\Java\jdk-17\bin\verify.dll
0x00007ffeeb690000 - 0x00007ffeeb6b7000 	C:\Users\DELL\.gradle\native\c067742578af261105cb4f569cf0c3c89f3d7b1fecec35dd04571415982c5e48\windows-amd64\native-platform.dll
0x00007ffec8460000 - 0x00007ffec85a4000 	C:\Users\DELL\.gradle\native\100fb08df4bc3b14c8652ba06237920a3bd2aa13389f12d3474272988ae205f9\windows-amd64\native-platform-file-events.dll
0x00007ffebb150000 - 0x00007ffebb15a000 	C:\Program Files\Java\jdk-17\bin\management.dll
0x00007ffebb020000 - 0x00007ffebb02b000 	C:\Program Files\Java\jdk-17\bin\management_ext.dll
0x00007ffef3170000 - 0x00007ffef3188000 	C:\Windows\SYSTEM32\CRYPTSP.dll
0x00007ffef2850000 - 0x00007ffef2888000 	C:\Windows\system32\rsaenh.dll
0x00007ffef3760000 - 0x00007ffef378e000 	C:\Windows\SYSTEM32\USERENV.dll
0x00007ffef30a0000 - 0x00007ffef30ac000 	C:\Windows\SYSTEM32\CRYPTBASE.dll
0x00007ffef2c10000 - 0x00007ffef2c4b000 	C:\Windows\SYSTEM32\IPHLPAPI.DLL
0x00007ffef5640000 - 0x00007ffef5648000 	C:\Windows\System32\NSI.dll
0x00007ffee9550000 - 0x00007ffee9567000 	C:\Windows\SYSTEM32\dhcpcsvc6.DLL
0x00007ffee9530000 - 0x00007ffee954d000 	C:\Windows\SYSTEM32\dhcpcsvc.DLL
0x00007ffef2c50000 - 0x00007ffef2d1a000 	C:\Windows\SYSTEM32\DNSAPI.dll
0x00007ffee9920000 - 0x00007ffee992e000 	C:\Program Files\Java\jdk-17\bin\sunmscapi.dll
0x00007ffef40e0000 - 0x00007ffef423d000 	C:\Windows\System32\CRYPT32.dll
0x00007ffef3280000 - 0x00007ffef32a7000 	C:\Windows\SYSTEM32\ncrypt.dll
0x00007ffef3240000 - 0x00007ffef327b000 	C:\Windows\SYSTEM32\NTASN1.dll
0x00007ffed03d0000 - 0x00007ffed03d7000 	C:\Windows\system32\wshunix.dll
0x0000000074b90000 - 0x0000000074b9b000 	C:\Program Files\National Instruments\Shared\mDNS Responder\nimdnsNSP.dll
0x0000000074b70000 - 0x0000000074b81000 	C:\Windows\SYSTEM32\nimdnsResponder.dll
0x00007ffeeb7d0000 - 0x00007ffeeb7da000 	C:\Windows\System32\rasadhlp.dll
0x00007ffee8f80000 - 0x00007ffee9000000 	C:\Windows\System32\fwpuclnt.dll
0x00007ffed8f70000 - 0x00007ffed8f87000 	C:\Windows\system32\napinsp.dll
0x00007ffed8590000 - 0x00007ffed85ab000 	C:\Windows\system32\pnrpnsp.dll
0x00007ffeee240000 - 0x00007ffeee25d000 	C:\Windows\system32\wshbth.dll
0x00007ffeee0d0000 - 0x00007ffeee0ed000 	C:\Windows\system32\NLAapi.dll
0x00007ffed8570000 - 0x00007ffed8582000 	C:\Windows\System32\winrnr.dll

dbghelp: loaded successfully - version: 4.0.5 - missing functions: none
symbol engine: initialized successfully - sym options: 0x614 - pdb path: .;C:\Program Files\Java\jdk-17\bin;C:\Windows\SYSTEM32;C:\Windows\WinSxS\amd64_microsoft.windows.common-controls_6595b64144ccf1df_6.0.19041.6926_none_60b5a53971f8f7e6;C:\Program Files\Java\jdk-17\bin\server;C:\Users\DELL\.gradle\native\c067742578af261105cb4f569cf0c3c89f3d7b1fecec35dd04571415982c5e48\windows-amd64;C:\Users\DELL\.gradle\native\100fb08df4bc3b14c8652ba06237920a3bd2aa13389f12d3474272988ae205f9\windows-amd64;C:\Program Files\National Instruments\Shared\mDNS Responder

VM Arguments:
jvm_args: -XX:MaxMetaspaceSize=4G -XX:ReservedCodeCacheSize=512m -XX:+HeapDumpOnOutOfMemoryError --add-opens=java.base/java.util=ALL-UNNAMED --add-opens=java.base/java.lang=ALL-UNNAMED --add-opens=java.base/java.lang.invoke=ALL-UNNAMED --add-opens=java.prefs/java.util.prefs=ALL-UNNAMED --add-exports=jdk.compiler/com.sun.tools.javac.api=ALL-UNNAMED --add-exports=jdk.compiler/com.sun.tools.javac.util=ALL-UNNAMED --add-opens=java.base/java.nio.charset=ALL-UNNAMED --add-opens=java.base/java.net=ALL-UNNAMED --add-opens=java.base/java.util.concurrent.atomic=ALL-UNNAMED -Xmx8G -Dfile.encoding=windows-1252 -Duser.country=US -Duser.language=en -Duser.variant -javaagent:C:\Users\DELL\.gradle\wrapper\dists\gradle-8.9-all\6m0mbzute7p0zdleavqlib88a\gradle-8.9\lib\agents\gradle-instrumentation-agent-8.9.jar 
java_command: org.gradle.launcher.daemon.bootstrap.GradleDaemon 8.9
java_class_path (initial): C:\Users\DELL\.gradle\wrapper\dists\gradle-8.9-all\6m0mbzute7p0zdleavqlib88a\gradle-8.9\lib\gradle-daemon-main-8.9.jar
Launcher Type: SUN_STANDARD

[Global flags]
     intx CICompilerCount                          = 3                                         {product} {ergonomic}
     uint ConcGCThreads                            = 1                                         {product} {ergonomic}
     uint G1ConcRefinementThreads                  = 4                                         {product} {ergonomic}
   size_t G1HeapRegionSize                         = 4194304                                   {product} {ergonomic}
    uintx GCDrainStackTargetSize                   = 64                                        {product} {ergonomic}
     bool HeapDumpOnOutOfMemoryError               = true                                   {manageable} {command line}
   size_t InitialHeapSize                          = 134217728                                 {product} {ergonomic}
   size_t MarkStackSize                            = 4194304                                   {product} {ergonomic}
   size_t MaxHeapSize                              = 8589934592                                {product} {command line}
   size_t MaxMetaspaceSize                         = 4294967296                                {product} {command line}
   size_t MaxNewSize                               = 5150605312                                {product} {ergonomic}
   size_t MinHeapDeltaBytes                        = 4194304                                   {product} {ergonomic}
   size_t MinHeapSize                              = 8388608                                   {product} {ergonomic}
    uintx NonNMethodCodeHeapSize                   = 5832780                                {pd product} {ergonomic}
    uintx NonProfiledCodeHeapSize                  = 265519066                              {pd product} {ergonomic}
    uintx ProfiledCodeHeapSize                     = 265519066                              {pd product} {ergonomic}
    uintx ReservedCodeCacheSize                    = 536870912                              {pd product} {command line}
     bool SegmentedCodeCache                       = true                                      {product} {ergonomic}
   size_t SoftMaxHeapSize                          = 8589934592                             {manageable} {ergonomic}
   double SweeperThreshold                         = 0.234375                                  {product} {ergonomic}
     bool UseCompressedClassPointers               = true                           {product lp64_product} {ergonomic}
     bool UseCompressedOops                        = true                           {product lp64_product} {ergonomic}
     bool UseG1GC                                  = true                                      {product} {ergonomic}
     bool UseLargePagesIndividualAllocation        = false                                  {pd product} {ergonomic}

Logging:
Log output configuration:
 #0: stdout all=warning uptime,level,tags
 #1: stderr all=off uptime,level,tags

Environment Variables:
JAVA_HOME=C:\Program Files\Java\jdk-17
CLASSPATH=C:\Users\DELL\Downloads\read-buddy-app-main\read-buddy-app-main\android\\gradle\wrapper\gradle-wrapper.jar
PATH=C:\Program Files\Java\jdk-17\bin;C:\Users\DELL\anaconda3\condabin;C:\src1\flutter\bin;C:\Program Files\Common Files\Oracle\Java\javapath;C:\Windows\System32;C:\Windows\System32\WindowsPowerShell\v1.0;C:\Users\DELL\AppData\Local\Android\Sdk\platform-tools;C:\Program Files\Git\bin;C:\Users\DELL\AppData\Local\Programs\Python\Python310;C:\Users\DELL\AppData\Local\Programs\Microsoft VS Code\bin;C:\MinGW\bin;C:\xampp\php;C:\ProgramData\ComposerSetup\bin;C:\Program Files\nodejs\;C:\Users\DELL\AppData\Roaming\npm;C:\Users\DELL\AppData\Local\Pub\Cache\bin;C:\Gradle\gradle-8.10.2-bin\gradle-8.10.2\bin;C:\Program Files\Java\jdk-17\bin;C:\src1\flutter\bin\cache\dart-sdk;C:\Users\DELL\AppData\Local\Programs\Python\Python310\Scripts;C:\Users\DELL\AppData\Local\Temp\;C:\Users\DELL\AppData\Local\Microsoft\WindowsApps;C:\Program Files\JetBrains\PyCharm Community Edition 2023.3.4\bin;;C:\dart-sdk\bin;C:\Users\DELL\AppData\Local\GitHubDesktop\bin;C:\src1\flutter\bin;C:\Users\DELL\anaconda3\Scripts;C:\Users\DELL\AppData\Local\Programs\Microsoft VS Code\bin;C:\Users\DELL\AppData\Roaming\Composer\vendor\bin;C:\Users\DELL\AppData\Roaming\npm;C:\Users\DELL\AppData\Local\Pub\Cache\bin;C:\Users\DELL\.jdks\corretto-19.0.2\bin;C:\Users\DELL\AppData\Local\Programs\Antigravity\bin;C:\src1\flutter\bin\mingit\cmd
USERNAME=DELL
OS=Windows_NT
PROCESSOR_IDENTIFIER=Intel64 Family 6 Model 94 Stepping 3, GenuineIntel



---------------  S Y S T E M  ---------------

OS:
 Windows 10 , 64 bit Build 19041 (10.0.19041.6807)
OS uptime: 0 days 0:51 hours
Hyper-V role detected

CPU: total 4 (initial active 4) (4 cores per cpu, 1 threads per core) family 6 model 94 stepping 3 microcode 0xf0, cx8, cmov, fxsr, mmx, 3dnowpref, sse, sse2, sse3, ssse3, sse4.1, sse4.2, popcnt, lzcnt, tsc, tscinvbit, avx, avx2, aes, erms, clmul, bmi1, bmi2, rtm, adx, fma, vzeroupper, clflush, clflushopt, hv

Memory: 4k page, system-wide physical 8038M (584M free)
TotalPageFile size 16210M (AvailPageFile size 556M)
current process WorkingSet (physical memory assigned to process): 984M, peak: 1149M
current process commit charge ("private bytes"): 1237M, peak: 2008M

vm_info: Java HotSpot(TM) 64-Bit Server VM (17.0.12+8-LTS-286) for windows-amd64 JRE (17.0.12+8-LTS-286), built on Jun  5 2024 06:46:59 by "mach5one" with MS VC++ 17.6 (VS2022)

END.
