#
# There is insufficient memory for the Java Runtime Environment to continue.
# Native memory allocation (mmap) failed to map 2064384 bytes for G1 virtual space
# Possible reasons:
#   The system is out of physical RAM or swap space
#   The process is running with CompressedOops enabled, and the Java Heap may be blocking the growth of the native heap
# Possible solutions:
#   Reduce memory load on the system
#   Increase physical memory or swap space
#   Check if swap backing store is full
#   Decrease Java heap size (-Xmx/-Xms)
#   Decrease number of Java threads
#   Decrease Java thread stack sizes (-Xss)
#   Set larger code cache with -XX:ReservedCodeCacheSize=
#   JVM is running with Unscaled Compressed Oops mode in which the Java heap is
#     placed in the first 4GB address space. The Java Heap base address is the
#     maximum limit for the native heap growth. Please use -XX:HeapBaseMinAddress
#     to set the Java Heap base and to place the Java Heap above 4GB virtual address.
# This output file may be truncated or incomplete.
#
#  Out of Memory Error (os_windows.cpp:3548), pid=16908, tid=8724
#
# JRE version:  (17.0.12+8) (build )
# Java VM: Java HotSpot(TM) 64-Bit Server VM (17.0.12+8-LTS-286, mixed mode, sharing, tiered, compressed oops, compressed class ptrs, g1 gc, windows-amd64)
# No core dump will be written. Minidumps are not enabled by default on client versions of Windows
#

---------------  S U M M A R Y ------------

Command Line: -Dorg.gradle.appname=gradlew org.gradle.wrapper.GradleWrapperMain -q -Ptarget-platform=android-arm -Ptarget=C:\Users\DELL\Downloads\read-buddy-app-main\read-buddy-app-main\lib\main.dart -Pbase-application-name=android.app.Application -Pdart-defines=Zmx1dHRlci5pbnNwZWN0b3Iuc3RydWN0dXJlZEVycm9ycz10cnVl,RkxVVFRFUl9WRVJTSU9OPTMuMzguOQ==,RkxVVFRFUl9DSEFOTkVMPXN0YWJsZQ==,RkxVVFRFUl9HSVRfVVJMPWh0dHBzOi8vZ2l0aHViLmNvbS9mbHV0dGVyL2ZsdXR0ZXIuZ2l0,RkxVVFRFUl9GUkFNRVdPUktfUkVWSVNJT049NjczMjNkZTI4NQ==,RkxVVFRFUl9FTkdJTkVfUkVWSVNJT049NTg3YzE4Zjg3Mw==,RkxVVFRFUl9EQVJUX1ZFUlNJT049My4xMC44 -Pdart-obfuscation=false -Ptrack-widget-creation=true -Ptree-shake-icons=false -Pfilesystem-scheme=org-dartlang-root assembleDebug

Host: Intel(R) Core(TM) i5-6440HQ CPU @ 2.60GHz, 4 cores, 7G,  Windows 10 , 64 bit Build 19041 (10.0.19041.6807)
Time: Mon Mar  9 20:47:19 2026 Pakistan Standard Time elapsed time: 0.023596 seconds (0d 0h 0m 0s)

---------------  T H R E A D  ---------------

Current thread (0x00000249ede4a730):  JavaThread "Unknown thread" [_thread_in_vm, id=8724, stack(0x0000006f3ed00000,0x0000006f3ee00000)]

Stack: [0x0000006f3ed00000,0x0000006f3ee00000]
Native frames: (J=compiled Java code, j=interpreted, Vv=VM code, C=native code)
V  [jvm.dll+0x67a04a]
V  [jvm.dll+0x7da4ed]
V  [jvm.dll+0x7dbe33]
V  [jvm.dll+0x7dc4a3]
V  [jvm.dll+0x24508f]
V  [jvm.dll+0x677089]
V  [jvm.dll+0x66bd32]
V  [jvm.dll+0x301fa6]
V  [jvm.dll+0x309546]
V  [jvm.dll+0x359d43]
V  [jvm.dll+0x359f5f]
V  [jvm.dll+0x2d9078]
V  [jvm.dll+0x2d9fe4]
V  [jvm.dll+0x7aca21]
V  [jvm.dll+0x367591]
V  [jvm.dll+0x78b999]
V  [jvm.dll+0x3ec83f]
V  [jvm.dll+0x3ee471]
C  [jli.dll+0x5297]
C  [ucrtbase.dll+0x21bb2]
C  [KERNEL32.DLL+0x17374]
C  [ntdll.dll+0x4cc91]


---------------  P R O C E S S  ---------------

Threads class SMR info:
_java_thread_list=0x00007ffd69257a18, length=0, elements={
}

Java Threads: ( => current thread )

Other Threads:
  0x00000249edea2f80 GCTaskThread "GC Thread#0" [stack: 0x0000006f3ee00000,0x0000006f3ef00000] [id=15956]
  0x00000249edeb5940 ConcurrentGCThread "G1 Main Marker" [stack: 0x0000006f3ef00000,0x0000006f3f000000] [id=11052]
  0x00000249edeb6260 ConcurrentGCThread "G1 Conc#0" [stack: 0x0000006f3f000000,0x0000006f3f100000] [id=5256]

[error occurred during error reporting (printing all threads), id 0xc0000005, EXCEPTION_ACCESS_VIOLATION (0xc0000005) at pc=0x00007ffd68a89b67]

VM state: not at safepoint (not fully initialized)

VM Mutex/Monitor currently owned by a thread:  ([mutex/lock_event])
[0x00000249ede45430] Heap_lock - owner thread: 0x00000249ede4a730

Heap address: 0x0000000082600000, size: 2010 MB, Compressed Oops mode: 32-bit

CDS archive(s) mapped at: [0x0000000000000000-0x0000000000000000-0x0000000000000000), size 0, SharedBaseAddress: 0x0000000800000000, ArchiveRelocationMode: 1.
Narrow klass base: 0x0000000000000000, Narrow klass shift: 0, Narrow klass range: 0x0

GC Precious Log:
<Empty>

Heap:
 garbage-first heap   total 0K, used 0K [0x0000000082600000, 0x0000000100000000)
  region size 1024K, 0 young (0K), 0 survivors (0K)

[error occurred during error reporting (printing heap information), id 0xc0000005, EXCEPTION_ACCESS_VIOLATION (0xc0000005) at pc=0x00007ffd68e73859]

GC Heap History (0 events):
No events

Deoptimization events (0 events):
No events

Classes unloaded (0 events):
No events

Classes redefined (0 events):
No events

Internal exceptions (0 events):
No events

VM Operations (0 events):
No events

Events (1 events):
Event: 0.010 Loaded shared library C:\Program Files\Java\jdk-17\bin\java.dll


Dynamic libraries:
0x00007ff68fe10000 - 0x00007ff68fe20000 	C:\Program Files\Java\jdk-17\bin\java.exe
0x00007ffdc5850000 - 0x00007ffdc5a48000 	C:\Windows\SYSTEM32\ntdll.dll
0x00007ffdc3ef0000 - 0x00007ffdc3fb2000 	C:\Windows\System32\KERNEL32.DLL
0x00007ffdc32a0000 - 0x00007ffdc3597000 	C:\Windows\System32\KERNELBASE.dll
0x00007ffdc3700000 - 0x00007ffdc3800000 	C:\Windows\System32\ucrtbase.dll
0x00007ffdbd340000 - 0x00007ffdbd359000 	C:\Program Files\Java\jdk-17\bin\jli.dll
0x00007ffdc3d90000 - 0x00007ffdc3e41000 	C:\Windows\System32\ADVAPI32.dll
0x00007ffdc3e50000 - 0x00007ffdc3eee000 	C:\Windows\System32\msvcrt.dll
0x00007ffdc53b0000 - 0x00007ffdc544f000 	C:\Windows\System32\sechost.dll
0x00007ffdc42e0000 - 0x00007ffdc4406000 	C:\Windows\System32\RPCRT4.dll
0x00007ffdc3800000 - 0x00007ffdc3827000 	C:\Windows\System32\bcrypt.dll
0x00007ffdc40b0000 - 0x00007ffdc424d000 	C:\Windows\System32\USER32.dll
0x00007ffdc3830000 - 0x00007ffdc3852000 	C:\Windows\System32\win32u.dll
0x00007ffdc3af0000 - 0x00007ffdc3b1b000 	C:\Windows\System32\GDI32.dll
0x00007ffdc2f80000 - 0x00007ffdc3099000 	C:\Windows\System32\gdi32full.dll
0x00007ffdc30a0000 - 0x00007ffdc313d000 	C:\Windows\System32\msvcp_win.dll
0x00007ffdbd360000 - 0x00007ffdbd37b000 	C:\Program Files\Java\jdk-17\bin\VCRUNTIME140.dll
0x00007ffdaef50000 - 0x00007ffdaf1eb000 	C:\Windows\WinSxS\amd64_microsoft.windows.common-controls_6595b64144ccf1df_6.0.19041.6926_none_60b5a53971f8f7e6\COMCTL32.dll
0x00007ffdb7f30000 - 0x00007ffdb7f3a000 	C:\Windows\SYSTEM32\VERSION.dll
0x00007ffdc4250000 - 0x00007ffdc427f000 	C:\Windows\System32\IMM32.DLL
0x00007ffdbcd00000 - 0x00007ffdbcd0c000 	C:\Program Files\Java\jdk-17\bin\vcruntime140_1.dll
0x00007ffdab790000 - 0x00007ffdab81e000 	C:\Program Files\Java\jdk-17\bin\msvcp140.dll
0x00007ffd687a0000 - 0x00007ffd69380000 	C:\Program Files\Java\jdk-17\bin\server\jvm.dll
0x00007ffdc39b0000 - 0x00007ffdc39b8000 	C:\Windows\System32\PSAPI.DLL
0x00007ffd9b0e0000 - 0x00007ffd9b0e9000 	C:\Windows\SYSTEM32\WSOCK32.dll
0x00007ffdc46f0000 - 0x00007ffdc475b000 	C:\Windows\System32\WS2_32.dll
0x00007ffdae780000 - 0x00007ffdae7a7000 	C:\Windows\SYSTEM32\WINMM.dll
0x00007ffdc16b0000 - 0x00007ffdc16c2000 	C:\Windows\SYSTEM32\kernel.appcore.dll
0x00007ffdbccd0000 - 0x00007ffdbccda000 	C:\Program Files\Java\jdk-17\bin\jimage.dll
0x00007ffdc0390000 - 0x00007ffdc0591000 	C:\Windows\SYSTEM32\DBGHELP.DLL
0x00007ffda1a80000 - 0x00007ffda1ab4000 	C:\Windows\SYSTEM32\dbgcore.DLL
0x00007ffdc3140000 - 0x00007ffdc31c2000 	C:\Windows\System32\bcryptPrimitives.dll
0x00007ffdba860000 - 0x00007ffdba885000 	C:\Program Files\Java\jdk-17\bin\java.dll

dbghelp: loaded successfully - version: 4.0.5 - missing functions: none
symbol engine: initialized successfully - sym options: 0x614 - pdb path: .;C:\Program Files\Java\jdk-17\bin;C:\Windows\SYSTEM32;C:\Windows\WinSxS\amd64_microsoft.windows.common-controls_6595b64144ccf1df_6.0.19041.6926_none_60b5a53971f8f7e6;C:\Program Files\Java\jdk-17\bin\server

VM Arguments:
jvm_args: -Dorg.gradle.appname=gradlew 
java_command: org.gradle.wrapper.GradleWrapperMain -q -Ptarget-platform=android-arm -Ptarget=C:\Users\DELL\Downloads\read-buddy-app-main\read-buddy-app-main\lib\main.dart -Pbase-application-name=android.app.Application -Pdart-defines=Zmx1dHRlci5pbnNwZWN0b3Iuc3RydWN0dXJlZEVycm9ycz10cnVl,RkxVVFRFUl9WRVJTSU9OPTMuMzguOQ==,RkxVVFRFUl9DSEFOTkVMPXN0YWJsZQ==,RkxVVFRFUl9HSVRfVVJMPWh0dHBzOi8vZ2l0aHViLmNvbS9mbHV0dGVyL2ZsdXR0ZXIuZ2l0,RkxVVFRFUl9GUkFNRVdPUktfUkVWSVNJT049NjczMjNkZTI4NQ==,RkxVVFRFUl9FTkdJTkVfUkVWSVNJT049NTg3YzE4Zjg3Mw==,RkxVVFRFUl9EQVJUX1ZFUlNJT049My4xMC44 -Pdart-obfuscation=false -Ptrack-widget-creation=true -Ptree-shake-icons=false -Pfilesystem-scheme=org-dartlang-root assembleDebug
java_class_path (initial): C:\Users\DELL\Downloads\read-buddy-app-main\read-buddy-app-main\android\\gradle\wrapper\gradle-wrapper.jar
Launcher Type: SUN_STANDARD

[Global flags]
     intx CICompilerCount                          = 3                                         {product} {ergonomic}
     uint ConcGCThreads                            = 1                                         {product} {ergonomic}
     uint G1ConcRefinementThreads                  = 4                                         {product} {ergonomic}
   size_t G1HeapRegionSize                         = 1048576                                   {product} {ergonomic}
    uintx GCDrainStackTargetSize                   = 64                                        {product} {ergonomic}
   size_t InitialHeapSize                          = 132120576                                 {product} {ergonomic}
   size_t MarkStackSize                            = 4194304                                   {product} {ergonomic}
   size_t MaxHeapSize                              = 2107637760                                {product} {ergonomic}
   size_t MinHeapDeltaBytes                        = 1048576                                   {product} {ergonomic}
   size_t MinHeapSize                              = 8388608                                   {product} {ergonomic}
    uintx NonNMethodCodeHeapSize                   = 5832780                                {pd product} {ergonomic}
    uintx NonProfiledCodeHeapSize                  = 122912730                              {pd product} {ergonomic}
    uintx ProfiledCodeHeapSize                     = 122912730                              {pd product} {ergonomic}
    uintx ReservedCodeCacheSize                    = 251658240                              {pd product} {ergonomic}
     bool SegmentedCodeCache                       = true                                      {product} {ergonomic}
   size_t SoftMaxHeapSize                          = 2107637760                             {manageable} {ergonomic}
     bool UseCompressedClassPointers               = true                           {product lp64_product} {ergonomic}
     bool UseCompressedOops                        = true                           {product lp64_product} {ergonomic}
     bool UseG1GC                                  = true                                      {product} {ergonomic}
     bool UseLargePagesIndividualAllocation        = false                                  {pd product} {ergonomic}

Logging:
Log output configuration:
 #0: stdout all=warning uptime,level,tags
 #1: stderr all=off uptime,level,tags

Environment Variables:
JAVA_HOME=C:\Program Files\Java\jdk-17
CLASSPATH=C:\Users\DELL\Downloads\read-buddy-app-main\read-buddy-app-main\android\\gradle\wrapper\gradle-wrapper.jar
PATH=C:\Program Files\Java\jdk-17\bin;C:\Users\DELL\anaconda3\condabin;C:\src1\flutter\bin;C:\Program Files\Common Files\Oracle\Java\javapath;C:\Windows\System32;C:\Windows\System32\WindowsPowerShell\v1.0;C:\Users\DELL\AppData\Local\Android\Sdk\platform-tools;C:\Program Files\Git\bin;C:\Users\DELL\AppData\Local\Programs\Python\Python310;C:\Users\DELL\AppData\Local\Programs\Microsoft VS Code\bin;C:\MinGW\bin;C:\xampp\php;C:\ProgramData\ComposerSetup\bin;C:\Program Files\nodejs\;C:\Users\DELL\AppData\Roaming\npm;C:\Users\DELL\AppData\Local\Pub\Cache\bin;C:\Gradle\gradle-8.10.2-bin\gradle-8.10.2\bin;C:\Program Files\Java\jdk-17\bin;C:\src1\flutter\bin\cache\dart-sdk;C:\Users\DELL\AppData\Local\Programs\Python\Python310\Scripts;C:\Users\DELL\AppData\Local\Temp\;C:\Users\DELL\AppData\Local\Microsoft\WindowsApps;C:\Program Files\JetBrains\PyCharm Community Edition 2023.3.4\bin;;C:\dart-sdk\bin;C:\Users\DELL\AppData\Local\GitHubDesktop\bin;C:\src1\flutter\bin;C:\Users\DELL\anaconda3\Scripts;C:\Users\DELL\AppData\Local\Programs\Microsoft VS Code\bin;C:\Users\DELL\AppData\Roaming\Composer\vendor\bin;C:\Users\DELL\AppData\Roaming\npm;C:\Users\DELL\AppData\Local\Pub\Cache\bin;C:\Users\DELL\.jdks\corretto-19.0.2\bin;C:\Users\DELL\AppData\Local\Programs\Antigravity\bin;C:\Users\DELL\AppData\Local\Programs\Kiro\bin;C:\src1\flutter\bin\mingit\cmd
USERNAME=DELL
OS=Windows_NT
PROCESSOR_IDENTIFIER=Intel64 Family 6 Model 94 Stepping 3, GenuineIntel



---------------  S Y S T E M  ---------------

OS:
 Windows 10 , 64 bit Build 19041 (10.0.19041.6807)
OS uptime: 0 days 1:51 hours
Hyper-V role detected

CPU: total 4 (initial active 4) (4 cores per cpu, 1 threads per core) family 6 model 94 stepping 3 microcode 0xf0, cx8, cmov, fxsr, mmx, 3dnowpref, sse, sse2, sse3, ssse3, sse4.1, sse4.2, popcnt, lzcnt, tsc, tscinvbit, avx, avx2, aes, erms, clmul, bmi1, bmi2, rtm, adx, fma, vzeroupper, clflush, clflushopt, hv

Memory: 4k page, system-wide physical 8038M (423M free)
TotalPageFile size 16230M (AvailPageFile size 6M)
current process WorkingSet (physical memory assigned to process): 10M, peak: 10M
current process commit charge ("private bytes"): 178M, peak: 180M

vm_info: Java HotSpot(TM) 64-Bit Server VM (17.0.12+8-LTS-286) for windows-amd64 JRE (17.0.12+8-LTS-286), built on Jun  5 2024 06:46:59 by "mach5one" with MS VC++ 17.6 (VS2022)

END.
