#
# There is insufficient memory for the Java Runtime Environment to continue.
# Native memory allocation (malloc) failed to allocate 396976 bytes for Chunk::new
# Possible reasons:
#   The system is out of physical RAM or swap space
#   The process is running with CompressedOops enabled, and the Java Heap may be blocking the growth of the native heap
# Possible solutions:
#   Reduce memory load on the system
#   Increase physical memory or swap space
#   Check if swap backing store is full
#   Decrease Java heap size (-Xmx/-Xms)
#   Decrease number of Java threads
#   Decrease Java thread stack sizes (-Xss)
#   Set larger code cache with -XX:ReservedCodeCacheSize=
#   JVM is running with Unscaled Compressed Oops mode in which the Java heap is
#     placed in the first 4GB address space. The Java Heap base address is the
#     maximum limit for the native heap growth. Please use -XX:HeapBaseMinAddress
#     to set the Java Heap base and to place the Java Heap above 4GB virtual address.
# This output file may be truncated or incomplete.
#
#  Out of Memory Error (arena.cpp:189), pid=11104, tid=12188
#
# JRE version: Java(TM) SE Runtime Environment (17.0.12+8) (build 17.0.12+8-LTS-286)
# Java VM: Java HotSpot(TM) 64-Bit Server VM (17.0.12+8-LTS-286, mixed mode, sharing, tiered, compressed oops, compressed class ptrs, g1 gc, windows-amd64)
# No core dump will be written. Minidumps are not enabled by default on client versions of Windows
#

---------------  S U M M A R Y ------------

Command Line: -Dorg.gradle.appname=gradlew org.gradle.wrapper.GradleWrapperMain -q -Ptarget-platform=android-arm -Ptarget=C:\Users\DELL\Downloads\read-buddy-app-main\read-buddy-app-main\lib\main.dart -Pbase-application-name=android.app.Application -Pdart-defines=Zmx1dHRlci5pbnNwZWN0b3Iuc3RydWN0dXJlZEVycm9ycz10cnVl,RkxVVFRFUl9WRVJTSU9OPTMuMzguOQ==,RkxVVFRFUl9DSEFOTkVMPXN0YWJsZQ==,RkxVVFRFUl9HSVRfVVJMPWh0dHBzOi8vZ2l0aHViLmNvbS9mbHV0dGVyL2ZsdXR0ZXIuZ2l0,RkxVVFRFUl9GUkFNRVdPUktfUkVWSVNJT049NjczMjNkZTI4NQ==,RkxVVFRFUl9FTkdJTkVfUkVWSVNJT049NTg3YzE4Zjg3Mw==,RkxVVFRFUl9EQVJUX1ZFUlNJT049My4xMC44 -Pdart-obfuscation=false -Ptrack-widget-creation=true -Ptree-shake-icons=false -Pfilesystem-scheme=org-dartlang-root assembleDebug

Host: Intel(R) Core(TM) i5-6440HQ CPU @ 2.60GHz, 4 cores, 7G,  Windows 10 , 64 bit Build 19041 (10.0.19041.6807)
Time: Thu Mar  5 16:26:15 2026 Pakistan Standard Time elapsed time: 9.116857 seconds (0d 0h 0m 9s)

---------------  T H R E A D  ---------------

Current thread (0x0000024b29ff5040):  JavaThread "C2 CompilerThread0" daemon [_thread_in_native, id=12188, stack(0x000000ffb7800000,0x000000ffb7900000)]


Current CompileTask:
C2:   9117 1229       4       java.io.WinNTFileSystem::normalize (143 bytes)

Stack: [0x000000ffb7800000,0x000000ffb7900000]
Native frames: (J=compiled Java code, j=interpreted, Vv=VM code, C=native code)
V  [jvm.dll+0x67a04a]
V  [jvm.dll+0x7da4ed]
V  [jvm.dll+0x7dbe33]
V  [jvm.dll+0x7dc4a3]
V  [jvm.dll+0x24508f]
V  [jvm.dll+0xab773]
V  [jvm.dll+0xabd3c]
V  [jvm.dll+0x361b9f]
V  [jvm.dll+0x32c431]
V  [jvm.dll+0x32b8ca]
V  [jvm.dll+0x21683f]
V  [jvm.dll+0x215c6f]
V  [jvm.dll+0x1a2960]
V  [jvm.dll+0x22610b]
V  [jvm.dll+0x2242ab]
V  [jvm.dll+0x79075c]
V  [jvm.dll+0x78abea]
V  [jvm.dll+0x678f35]
C  [ucrtbase.dll+0x21bb2]
C  [KERNEL32.DLL+0x17374]
C  [ntdll.dll+0x4cc91]


---------------  P R O C E S S  ---------------

Threads class SMR info:
_java_thread_list=0x0000024b700022a0, length=13, elements={
0x0000024b0a87a030, 0x0000024b29fd6c50, 0x0000024b29fd79e0, 0x0000024b29fef500,
0x0000024b29ff31f0, 0x0000024b29ff3ac0, 0x0000024b29ff4390, 0x0000024b29ff5040,
0x0000024b29ff5a00, 0x0000024b2a0675f0, 0x0000024b2a1cbff0, 0x0000024b2a1dc510,
0x0000024b2ad80860
}

Java Threads: ( => current thread )
  0x0000024b0a87a030 JavaThread "main" [_thread_in_Java, id=16380, stack(0x000000ffb6a00000,0x000000ffb6b00000)]
  0x0000024b29fd6c50 JavaThread "Reference Handler" daemon [_thread_blocked, id=16136, stack(0x000000ffb7200000,0x000000ffb7300000)]
  0x0000024b29fd79e0 JavaThread "Finalizer" daemon [_thread_blocked, id=4668, stack(0x000000ffb7300000,0x000000ffb7400000)]
  0x0000024b29fef500 JavaThread "Signal Dispatcher" daemon [_thread_blocked, id=10712, stack(0x000000ffb7400000,0x000000ffb7500000)]
  0x0000024b29ff31f0 JavaThread "Attach Listener" daemon [_thread_blocked, id=2948, stack(0x000000ffb7500000,0x000000ffb7600000)]
  0x0000024b29ff3ac0 JavaThread "Service Thread" daemon [_thread_blocked, id=9468, stack(0x000000ffb7600000,0x000000ffb7700000)]
  0x0000024b29ff4390 JavaThread "Monitor Deflation Thread" daemon [_thread_blocked, id=12160, stack(0x000000ffb7700000,0x000000ffb7800000)]
=>0x0000024b29ff5040 JavaThread "C2 CompilerThread0" daemon [_thread_in_native, id=12188, stack(0x000000ffb7800000,0x000000ffb7900000)]
  0x0000024b29ff5a00 JavaThread "C1 CompilerThread0" daemon [_thread_in_native, id=16992, stack(0x000000ffb7900000,0x000000ffb7a00000)]
  0x0000024b2a0675f0 JavaThread "Sweeper thread" daemon [_thread_blocked, id=9212, stack(0x000000ffb7a00000,0x000000ffb7b00000)]
  0x0000024b2a1cbff0 JavaThread "Notification Thread" daemon [_thread_blocked, id=8148, stack(0x000000ffb7b00000,0x000000ffb7c00000)]
  0x0000024b2a1dc510 JavaThread "Common-Cleaner" daemon [_thread_blocked, id=14004, stack(0x000000ffb7d00000,0x000000ffb7e00000)]
  0x0000024b2ad80860 JavaThread "pool-1-thread-1" [_thread_blocked, id=13872, stack(0x000000ffb8200000,0x000000ffb8300000)]

Other Threads:
  0x0000024b29fd10d0 VMThread "VM Thread" [stack: 0x000000ffb7100000,0x000000ffb7200000] [id=9124]
  0x0000024b29fde5c0 WatcherThread [stack: 0x000000ffb7c00000,0x000000ffb7d00000] [id=9792]
  0x0000024b0a8d2950 GCTaskThread "GC Thread#0" [stack: 0x000000ffb6c00000,0x000000ffb6d00000] [id=10956]
  0x0000024b2a3e0760 GCTaskThread "GC Thread#1" [stack: 0x000000ffb7e00000,0x000000ffb7f00000] [id=8444]
  0x0000024b2a3e0a20 GCTaskThread "GC Thread#2" [stack: 0x000000ffb7f00000,0x000000ffb8000000] [id=6672]
  0x0000024b2a3f4fc0 GCTaskThread "GC Thread#3" [stack: 0x000000ffb8000000,0x000000ffb8100000] [id=15124]
  0x0000024b0a8e5310 ConcurrentGCThread "G1 Main Marker" [stack: 0x000000ffb6d00000,0x000000ffb6e00000] [id=1412]
  0x0000024b0a8e5c30 ConcurrentGCThread "G1 Conc#0" [stack: 0x000000ffb6e00000,0x000000ffb6f00000] [id=16904]
  0x0000024b29e90090 ConcurrentGCThread "G1 Refine#0" [stack: 0x000000ffb6f00000,0x000000ffb7000000] [id=8668]
  0x0000024b2aceb4c0 ConcurrentGCThread "G1 Refine#1" [stack: 0x000000ffb8100000,0x000000ffb8200000] [id=6700]
  0x0000024b29e919e0 ConcurrentGCThread "G1 Service" [stack: 0x000000ffb7000000,0x000000ffb7100000] [id=12648]

Threads with active compile tasks:
C2 CompilerThread0     9191 1229       4       java.io.WinNTFileSystem::normalize (143 bytes)
C1 CompilerThread0     9191 1239   !   3       java.io.WinNTFileSystem::resolve (362 bytes)

VM state: not at safepoint (normal execution)

VM Mutex/Monitor currently owned by a thread: None

Heap address: 0x0000000082600000, size: 2010 MB, Compressed Oops mode: 32-bit

CDS archive(s) mapped at: [0x0000024b2b000000-0x0000024b2bbd0000-0x0000024b2bbd0000), size 12386304, SharedBaseAddress: 0x0000024b2b000000, ArchiveRelocationMode: 1.
Compressed class space mapped at: 0x0000024b2c000000-0x0000024b6c000000, reserved size: 1073741824
Narrow klass base: 0x0000024b2b000000, Narrow klass shift: 0, Narrow klass range: 0x100000000

GC Precious Log:
 CPUs: 4 total, 4 available
 Memory: 8038M
 Large Page Support: Disabled
 NUMA Support: Disabled
 Compressed Oops: Enabled (32-bit)
 Heap Region Size: 1M
 Heap Min Capacity: 8M
 Heap Initial Capacity: 126M
 Heap Max Capacity: 2010M
 Pre-touch: Disabled
 Parallel Workers: 4
 Concurrent Workers: 1
 Concurrent Refinement Workers: 4
 Periodic GC: Disabled

Heap:
 garbage-first heap   total 129024K, used 30795K [0x0000000082600000, 0x0000000100000000)
  region size 1024K, 23 young (23552K), 3 survivors (3072K)
 Metaspace       used 8195K, committed 8384K, reserved 1114112K
  class space    used 1110K, committed 1216K, reserved 1048576K

Heap Regions: E=young(eden), S=young(survivor), O=old, HS=humongous(starts), HC=humongous(continues), CS=collection set, F=free, OA=open archive, CA=closed archive, TAMS=top-at-mark-start (previous, next)
|   0|0x0000000082600000, 0x0000000082700000, 0x0000000082700000|100%|HS|  |TAMS 0x0000000082600000, 0x0000000082600000| Complete 
|   1|0x0000000082700000, 0x0000000082800000, 0x0000000082800000|100%|HC|  |TAMS 0x0000000082700000, 0x0000000082700000| Complete 
|   2|0x0000000082800000, 0x0000000082900000, 0x0000000082900000|100%|HC|  |TAMS 0x0000000082800000, 0x0000000082800000| Complete 
|   3|0x0000000082900000, 0x0000000082a00000, 0x0000000082a00000|100%|HC|  |TAMS 0x0000000082900000, 0x0000000082900000| Complete 
|   4|0x0000000082a00000, 0x0000000082b00000, 0x0000000082b00000|100%| O|  |TAMS 0x0000000082a00000, 0x0000000082a00000| Untracked 
|   5|0x0000000082b00000, 0x0000000082c00000, 0x0000000082c00000|100%| O|  |TAMS 0x0000000082b00000, 0x0000000082b00000| Untracked 
|   6|0x0000000082c00000, 0x0000000082d00000, 0x0000000082d00000|100%| O|  |TAMS 0x0000000082c00000, 0x0000000082c00000| Untracked 
|   7|0x0000000082d00000, 0x0000000082e00000, 0x0000000082e00000|100%| O|  |TAMS 0x0000000082d00000, 0x0000000082d00000| Untracked 
|   8|0x0000000082e00000, 0x0000000082e12c00, 0x0000000082f00000|  7%| O|  |TAMS 0x0000000082e00000, 0x0000000082e00000| Untracked 
|   9|0x0000000082f00000, 0x0000000082f00000, 0x0000000083000000|  0%| F|  |TAMS 0x0000000082f00000, 0x0000000082f00000| Untracked 
|  10|0x0000000083000000, 0x0000000083000000, 0x0000000083100000|  0%| F|  |TAMS 0x0000000083000000, 0x0000000083000000| Untracked 
|  11|0x0000000083100000, 0x0000000083100000, 0x0000000083200000|  0%| F|  |TAMS 0x0000000083100000, 0x0000000083100000| Untracked 
|  12|0x0000000083200000, 0x0000000083200000, 0x0000000083300000|  0%| F|  |TAMS 0x0000000083200000, 0x0000000083200000| Untracked 
|  13|0x0000000083300000, 0x0000000083300000, 0x0000000083400000|  0%| F|  |TAMS 0x0000000083300000, 0x0000000083300000| Untracked 
|  14|0x0000000083400000, 0x0000000083400000, 0x0000000083500000|  0%| F|  |TAMS 0x0000000083400000, 0x0000000083400000| Untracked 
|  15|0x0000000083500000, 0x0000000083500000, 0x0000000083600000|  0%| F|  |TAMS 0x0000000083500000, 0x0000000083500000| Untracked 
|  16|0x0000000083600000, 0x0000000083600000, 0x0000000083700000|  0%| F|  |TAMS 0x0000000083600000, 0x0000000083600000| Untracked 
|  17|0x0000000083700000, 0x0000000083700000, 0x0000000083800000|  0%| F|  |TAMS 0x0000000083700000, 0x0000000083700000| Untracked 
|  18|0x0000000083800000, 0x0000000083800000, 0x0000000083900000|  0%| F|  |TAMS 0x0000000083800000, 0x0000000083800000| Untracked 
|  19|0x0000000083900000, 0x0000000083900000, 0x0000000083a00000|  0%| F|  |TAMS 0x0000000083900000, 0x0000000083900000| Untracked 
|  20|0x0000000083a00000, 0x0000000083a00000, 0x0000000083b00000|  0%| F|  |TAMS 0x0000000083a00000, 0x0000000083a00000| Untracked 
|  21|0x0000000083b00000, 0x0000000083b00000, 0x0000000083c00000|  0%| F|  |TAMS 0x0000000083b00000, 0x0000000083b00000| Untracked 
|  22|0x0000000083c00000, 0x0000000083c00000, 0x0000000083d00000|  0%| F|  |TAMS 0x0000000083c00000, 0x0000000083c00000| Untracked 
|  23|0x0000000083d00000, 0x0000000083d00000, 0x0000000083e00000|  0%| F|  |TAMS 0x0000000083d00000, 0x0000000083d00000| Untracked 
|  24|0x0000000083e00000, 0x0000000083e00000, 0x0000000083f00000|  0%| F|  |TAMS 0x0000000083e00000, 0x0000000083e00000| Untracked 
|  25|0x0000000083f00000, 0x0000000083f00000, 0x0000000084000000|  0%| F|  |TAMS 0x0000000083f00000, 0x0000000083f00000| Untracked 
|  26|0x0000000084000000, 0x0000000084000000, 0x0000000084100000|  0%| F|  |TAMS 0x0000000084000000, 0x0000000084000000| Untracked 
|  27|0x0000000084100000, 0x0000000084100000, 0x0000000084200000|  0%| F|  |TAMS 0x0000000084100000, 0x0000000084100000| Untracked 
|  28|0x0000000084200000, 0x0000000084200000, 0x0000000084300000|  0%| F|  |TAMS 0x0000000084200000, 0x0000000084200000| Untracked 
|  29|0x0000000084300000, 0x0000000084300000, 0x0000000084400000|  0%| F|  |TAMS 0x0000000084300000, 0x0000000084300000| Untracked 
|  30|0x0000000084400000, 0x0000000084400000, 0x0000000084500000|  0%| F|  |TAMS 0x0000000084400000, 0x0000000084400000| Untracked 
|  31|0x0000000084500000, 0x0000000084500000, 0x0000000084600000|  0%| F|  |TAMS 0x0000000084500000, 0x0000000084500000| Untracked 
|  32|0x0000000084600000, 0x0000000084600000, 0x0000000084700000|  0%| F|  |TAMS 0x0000000084600000, 0x0000000084600000| Untracked 
|  33|0x0000000084700000, 0x0000000084700000, 0x0000000084800000|  0%| F|  |TAMS 0x0000000084700000, 0x0000000084700000| Untracked 
|  34|0x0000000084800000, 0x0000000084800000, 0x0000000084900000|  0%| F|  |TAMS 0x0000000084800000, 0x0000000084800000| Untracked 
|  35|0x0000000084900000, 0x0000000084900000, 0x0000000084a00000|  0%| F|  |TAMS 0x0000000084900000, 0x0000000084900000| Untracked 
|  36|0x0000000084a00000, 0x0000000084a00000, 0x0000000084b00000|  0%| F|  |TAMS 0x0000000084a00000, 0x0000000084a00000| Untracked 
|  37|0x0000000084b00000, 0x0000000084b00000, 0x0000000084c00000|  0%| F|  |TAMS 0x0000000084b00000, 0x0000000084b00000| Untracked 
|  38|0x0000000084c00000, 0x0000000084c00000, 0x0000000084d00000|  0%| F|  |TAMS 0x0000000084c00000, 0x0000000084c00000| Untracked 
|  39|0x0000000084d00000, 0x0000000084d00000, 0x0000000084e00000|  0%| F|  |TAMS 0x0000000084d00000, 0x0000000084d00000| Untracked 
|  40|0x0000000084e00000, 0x0000000084e00000, 0x0000000084f00000|  0%| F|  |TAMS 0x0000000084e00000, 0x0000000084e00000| Untracked 
|  41|0x0000000084f00000, 0x0000000084f00000, 0x0000000085000000|  0%| F|  |TAMS 0x0000000084f00000, 0x0000000084f00000| Untracked 
|  42|0x0000000085000000, 0x0000000085000000, 0x0000000085100000|  0%| F|  |TAMS 0x0000000085000000, 0x0000000085000000| Untracked 
|  43|0x0000000085100000, 0x0000000085100000, 0x0000000085200000|  0%| F|  |TAMS 0x0000000085100000, 0x0000000085100000| Untracked 
|  44|0x0000000085200000, 0x0000000085200000, 0x0000000085300000|  0%| F|  |TAMS 0x0000000085200000, 0x0000000085200000| Untracked 
|  45|0x0000000085300000, 0x0000000085300000, 0x0000000085400000|  0%| F|  |TAMS 0x0000000085300000, 0x0000000085300000| Untracked 
|  46|0x0000000085400000, 0x0000000085400000, 0x0000000085500000|  0%| F|  |TAMS 0x0000000085400000, 0x0000000085400000| Untracked 
|  47|0x0000000085500000, 0x0000000085500000, 0x0000000085600000|  0%| F|  |TAMS 0x0000000085500000, 0x0000000085500000| Untracked 
|  48|0x0000000085600000, 0x0000000085600000, 0x0000000085700000|  0%| F|  |TAMS 0x0000000085600000, 0x0000000085600000| Untracked 
|  49|0x0000000085700000, 0x0000000085700000, 0x0000000085800000|  0%| F|  |TAMS 0x0000000085700000, 0x0000000085700000| Untracked 
|  50|0x0000000085800000, 0x0000000085800000, 0x0000000085900000|  0%| F|  |TAMS 0x0000000085800000, 0x0000000085800000| Untracked 
|  51|0x0000000085900000, 0x0000000085900000, 0x0000000085a00000|  0%| F|  |TAMS 0x0000000085900000, 0x0000000085900000| Untracked 
|  52|0x0000000085a00000, 0x0000000085a00000, 0x0000000085b00000|  0%| F|  |TAMS 0x0000000085a00000, 0x0000000085a00000| Untracked 
|  53|0x0000000085b00000, 0x0000000085b00000, 0x0000000085c00000|  0%| F|  |TAMS 0x0000000085b00000, 0x0000000085b00000| Untracked 
|  54|0x0000000085c00000, 0x0000000085c00000, 0x0000000085d00000|  0%| F|  |TAMS 0x0000000085c00000, 0x0000000085c00000| Untracked 
|  55|0x0000000085d00000, 0x0000000085d00000, 0x0000000085e00000|  0%| F|  |TAMS 0x0000000085d00000, 0x0000000085d00000| Untracked 
|  56|0x0000000085e00000, 0x0000000085e00000, 0x0000000085f00000|  0%| F|  |TAMS 0x0000000085e00000, 0x0000000085e00000| Untracked 
|  57|0x0000000085f00000, 0x0000000085f00000, 0x0000000086000000|  0%| F|  |TAMS 0x0000000085f00000, 0x0000000085f00000| Untracked 
|  58|0x0000000086000000, 0x0000000086000000, 0x0000000086100000|  0%| F|  |TAMS 0x0000000086000000, 0x0000000086000000| Untracked 
|  59|0x0000000086100000, 0x0000000086100000, 0x0000000086200000|  0%| F|  |TAMS 0x0000000086100000, 0x0000000086100000| Untracked 
|  60|0x0000000086200000, 0x0000000086200000, 0x0000000086300000|  0%| F|  |TAMS 0x0000000086200000, 0x0000000086200000| Untracked 
|  61|0x0000000086300000, 0x0000000086300000, 0x0000000086400000|  0%| F|  |TAMS 0x0000000086300000, 0x0000000086300000| Untracked 
|  62|0x0000000086400000, 0x0000000086400000, 0x0000000086500000|  0%| F|  |TAMS 0x0000000086400000, 0x0000000086400000| Untracked 
|  63|0x0000000086500000, 0x0000000086500000, 0x0000000086600000|  0%| F|  |TAMS 0x0000000086500000, 0x0000000086500000| Untracked 
|  64|0x0000000086600000, 0x0000000086600000, 0x0000000086700000|  0%| F|  |TAMS 0x0000000086600000, 0x0000000086600000| Untracked 
|  65|0x0000000086700000, 0x0000000086700000, 0x0000000086800000|  0%| F|  |TAMS 0x0000000086700000, 0x0000000086700000| Untracked 
|  66|0x0000000086800000, 0x0000000086800000, 0x0000000086900000|  0%| F|  |TAMS 0x0000000086800000, 0x0000000086800000| Untracked 
|  67|0x0000000086900000, 0x0000000086900000, 0x0000000086a00000|  0%| F|  |TAMS 0x0000000086900000, 0x0000000086900000| Untracked 
|  68|0x0000000086a00000, 0x0000000086a00000, 0x0000000086b00000|  0%| F|  |TAMS 0x0000000086a00000, 0x0000000086a00000| Untracked 
|  69|0x0000000086b00000, 0x0000000086b00000, 0x0000000086c00000|  0%| F|  |TAMS 0x0000000086b00000, 0x0000000086b00000| Untracked 
|  70|0x0000000086c00000, 0x0000000086c00000, 0x0000000086d00000|  0%| F|  |TAMS 0x0000000086c00000, 0x0000000086c00000| Untracked 
|  71|0x0000000086d00000, 0x0000000086d00000, 0x0000000086e00000|  0%| F|  |TAMS 0x0000000086d00000, 0x0000000086d00000| Untracked 
|  72|0x0000000086e00000, 0x0000000086e00000, 0x0000000086f00000|  0%| F|  |TAMS 0x0000000086e00000, 0x0000000086e00000| Untracked 
|  73|0x0000000086f00000, 0x0000000086f00000, 0x0000000087000000|  0%| F|  |TAMS 0x0000000086f00000, 0x0000000086f00000| Untracked 
|  74|0x0000000087000000, 0x0000000087000000, 0x0000000087100000|  0%| F|  |TAMS 0x0000000087000000, 0x0000000087000000| Untracked 
|  75|0x0000000087100000, 0x0000000087100000, 0x0000000087200000|  0%| F|  |TAMS 0x0000000087100000, 0x0000000087100000| Untracked 
|  76|0x0000000087200000, 0x0000000087200000, 0x0000000087300000|  0%| F|  |TAMS 0x0000000087200000, 0x0000000087200000| Untracked 
|  77|0x0000000087300000, 0x0000000087300000, 0x0000000087400000|  0%| F|  |TAMS 0x0000000087300000, 0x0000000087300000| Untracked 
|  78|0x0000000087400000, 0x0000000087400000, 0x0000000087500000|  0%| F|  |TAMS 0x0000000087400000, 0x0000000087400000| Untracked 
|  79|0x0000000087500000, 0x0000000087500000, 0x0000000087600000|  0%| F|  |TAMS 0x0000000087500000, 0x0000000087500000| Untracked 
|  80|0x0000000087600000, 0x0000000087600000, 0x0000000087700000|  0%| F|  |TAMS 0x0000000087600000, 0x0000000087600000| Untracked 
|  81|0x0000000087700000, 0x0000000087700000, 0x0000000087800000|  0%| F|  |TAMS 0x0000000087700000, 0x0000000087700000| Untracked 
|  82|0x0000000087800000, 0x0000000087800000, 0x0000000087900000|  0%| F|  |TAMS 0x0000000087800000, 0x0000000087800000| Untracked 
|  83|0x0000000087900000, 0x0000000087900000, 0x0000000087a00000|  0%| F|  |TAMS 0x0000000087900000, 0x0000000087900000| Untracked 
|  84|0x0000000087a00000, 0x0000000087a00000, 0x0000000087b00000|  0%| F|  |TAMS 0x0000000087a00000, 0x0000000087a00000| Untracked 
|  85|0x0000000087b00000, 0x0000000087b00000, 0x0000000087c00000|  0%| F|  |TAMS 0x0000000087b00000, 0x0000000087b00000| Untracked 
|  86|0x0000000087c00000, 0x0000000087c00000, 0x0000000087d00000|  0%| F|  |TAMS 0x0000000087c00000, 0x0000000087c00000| Untracked 
|  87|0x0000000087d00000, 0x0000000087d00000, 0x0000000087e00000|  0%| F|  |TAMS 0x0000000087d00000, 0x0000000087d00000| Untracked 
|  88|0x0000000087e00000, 0x0000000087e00000, 0x0000000087f00000|  0%| F|  |TAMS 0x0000000087e00000, 0x0000000087e00000| Untracked 
|  89|0x0000000087f00000, 0x0000000087f00000, 0x0000000088000000|  0%| F|  |TAMS 0x0000000087f00000, 0x0000000087f00000| Untracked 
|  90|0x0000000088000000, 0x0000000088000000, 0x0000000088100000|  0%| F|  |TAMS 0x0000000088000000, 0x0000000088000000| Untracked 
|  91|0x0000000088100000, 0x0000000088100000, 0x0000000088200000|  0%| F|  |TAMS 0x0000000088100000, 0x0000000088100000| Untracked 
|  92|0x0000000088200000, 0x0000000088200000, 0x0000000088300000|  0%| F|  |TAMS 0x0000000088200000, 0x0000000088200000| Untracked 
|  93|0x0000000088300000, 0x0000000088300000, 0x0000000088400000|  0%| F|  |TAMS 0x0000000088300000, 0x0000000088300000| Untracked 
|  94|0x0000000088400000, 0x0000000088400000, 0x0000000088500000|  0%| F|  |TAMS 0x0000000088400000, 0x0000000088400000| Untracked 
|  95|0x0000000088500000, 0x0000000088500000, 0x0000000088600000|  0%| F|  |TAMS 0x0000000088500000, 0x0000000088500000| Untracked 
|  96|0x0000000088600000, 0x0000000088600000, 0x0000000088700000|  0%| F|  |TAMS 0x0000000088600000, 0x0000000088600000| Untracked 
|  97|0x0000000088700000, 0x0000000088700000, 0x0000000088800000|  0%| F|  |TAMS 0x0000000088700000, 0x0000000088700000| Untracked 
|  98|0x0000000088800000, 0x0000000088800000, 0x0000000088900000|  0%| F|  |TAMS 0x0000000088800000, 0x0000000088800000| Untracked 
|  99|0x0000000088900000, 0x0000000088900000, 0x0000000088a00000|  0%| F|  |TAMS 0x0000000088900000, 0x0000000088900000| Untracked 
| 100|0x0000000088a00000, 0x0000000088a00000, 0x0000000088b00000|  0%| F|  |TAMS 0x0000000088a00000, 0x0000000088a00000| Untracked 
| 101|0x0000000088b00000, 0x0000000088b00000, 0x0000000088c00000|  0%| F|  |TAMS 0x0000000088b00000, 0x0000000088b00000| Untracked 
| 102|0x0000000088c00000, 0x0000000088c00000, 0x0000000088d00000|  0%| F|  |TAMS 0x0000000088c00000, 0x0000000088c00000| Untracked 
| 103|0x0000000088d00000, 0x0000000088e00000, 0x0000000088e00000|100%| E|  |TAMS 0x0000000088d00000, 0x0000000088d00000| Complete 
| 104|0x0000000088e00000, 0x0000000088f00000, 0x0000000088f00000|100%| S|CS|TAMS 0x0000000088e00000, 0x0000000088e00000| Complete 
| 105|0x0000000088f00000, 0x0000000089000000, 0x0000000089000000|100%| S|CS|TAMS 0x0000000088f00000, 0x0000000088f00000| Complete 
| 106|0x0000000089000000, 0x0000000089100000, 0x0000000089100000|100%| S|CS|TAMS 0x0000000089000000, 0x0000000089000000| Complete 
| 107|0x0000000089100000, 0x0000000089200000, 0x0000000089200000|100%| E|CS|TAMS 0x0000000089100000, 0x0000000089100000| Complete 
| 108|0x0000000089200000, 0x0000000089300000, 0x0000000089300000|100%| E|CS|TAMS 0x0000000089200000, 0x0000000089200000| Complete 
| 109|0x0000000089300000, 0x0000000089400000, 0x0000000089400000|100%| E|CS|TAMS 0x0000000089300000, 0x0000000089300000| Complete 
| 110|0x0000000089400000, 0x0000000089500000, 0x0000000089500000|100%| E|CS|TAMS 0x0000000089400000, 0x0000000089400000| Complete 
| 111|0x0000000089500000, 0x0000000089600000, 0x0000000089600000|100%| E|CS|TAMS 0x0000000089500000, 0x0000000089500000| Complete 
| 112|0x0000000089600000, 0x0000000089700000, 0x0000000089700000|100%| E|CS|TAMS 0x0000000089600000, 0x0000000089600000| Complete 
| 113|0x0000000089700000, 0x0000000089800000, 0x0000000089800000|100%| E|CS|TAMS 0x0000000089700000, 0x0000000089700000| Complete 
| 114|0x0000000089800000, 0x0000000089900000, 0x0000000089900000|100%| E|CS|TAMS 0x0000000089800000, 0x0000000089800000| Complete 
| 115|0x0000000089900000, 0x0000000089a00000, 0x0000000089a00000|100%| E|CS|TAMS 0x0000000089900000, 0x0000000089900000| Complete 
| 116|0x0000000089a00000, 0x0000000089b00000, 0x0000000089b00000|100%| E|CS|TAMS 0x0000000089a00000, 0x0000000089a00000| Complete 
| 117|0x0000000089b00000, 0x0000000089c00000, 0x0000000089c00000|100%| E|CS|TAMS 0x0000000089b00000, 0x0000000089b00000| Complete 
| 118|0x0000000089c00000, 0x0000000089d00000, 0x0000000089d00000|100%| E|CS|TAMS 0x0000000089c00000, 0x0000000089c00000| Complete 
| 119|0x0000000089d00000, 0x0000000089e00000, 0x0000000089e00000|100%| E|CS|TAMS 0x0000000089d00000, 0x0000000089d00000| Complete 
| 120|0x0000000089e00000, 0x0000000089f00000, 0x0000000089f00000|100%| E|CS|TAMS 0x0000000089e00000, 0x0000000089e00000| Complete 
| 121|0x0000000089f00000, 0x000000008a000000, 0x000000008a000000|100%| E|CS|TAMS 0x0000000089f00000, 0x0000000089f00000| Complete 
| 122|0x000000008a000000, 0x000000008a100000, 0x000000008a100000|100%| E|CS|TAMS 0x000000008a000000, 0x000000008a000000| Complete 
| 123|0x000000008a100000, 0x000000008a200000, 0x000000008a200000|100%| E|CS|TAMS 0x000000008a100000, 0x000000008a100000| Complete 
| 124|0x000000008a200000, 0x000000008a300000, 0x000000008a300000|100%| E|CS|TAMS 0x000000008a200000, 0x000000008a200000| Complete 
| 125|0x000000008a300000, 0x000000008a400000, 0x000000008a400000|100%| E|CS|TAMS 0x000000008a300000, 0x000000008a300000| Complete 

Card table byte_map: [0x0000024b23330000,0x0000024b23720000] _byte_map_base: 0x0000024b22f1d000

Marking Bits (Prev, Next): (CMBitMap*) 0x0000024b0a8d4ea0, (CMBitMap*) 0x0000024b0a8d4ee0
 Prev Bits: [0x0000024b23b10000, 0x0000024b25a78000)
 Next Bits: [0x0000024b25a80000, 0x0000024b279e8000)

Polling page: 0x0000024b0a950000

Metaspace:

Usage:
  Non-class:      6.92 MB used.
      Class:      1.08 MB used.
       Both:      8.00 MB used.

Virtual space:
  Non-class space:       64.00 MB reserved,       7.00 MB ( 11%) committed,  1 nodes.
      Class space:        1.00 GB reserved,       1.19 MB ( <1%) committed,  1 nodes.
             Both:        1.06 GB reserved,       8.19 MB ( <1%) committed. 

Chunk freelists:
   Non-Class:  8.08 MB
       Class:  14.83 MB
        Both:  22.91 MB

MaxMetaspaceSize: unlimited
CompressedClassSpaceSize: 1.00 GB
Initial GC threshold: 21.00 MB
Current GC threshold: 21.00 MB
CDS: on
MetaspaceReclaimPolicy: balanced
 - commit_granule_bytes: 65536.
 - commit_granule_words: 8192.
 - virtual_space_node_default_size: 8388608.
 - enlarge_chunks_in_place: 1.
 - new_chunks_are_fully_committed: 0.
 - uncommit_free_chunks: 1.
 - use_allocation_guard: 0.
 - handle_deallocations: 1.


Internal statistics:

num_allocs_failed_limit: 0.
num_arena_births: 64.
num_arena_deaths: 0.
num_vsnodes_births: 2.
num_vsnodes_deaths: 0.
num_space_committed: 131.
num_space_uncommitted: 0.
num_chunks_returned_to_freelist: 0.
num_chunks_taken_from_freelist: 288.
num_chunk_merges: 0.
num_chunk_splits: 196.
num_chunks_enlarged: 164.
num_inconsistent_stats: 0.

CodeHeap 'non-profiled nmethods': size=120000Kb used=550Kb max_used=550Kb free=119449Kb
 bounds [0x0000024b1b3e0000, 0x0000024b1b650000, 0x0000024b22910000]
CodeHeap 'profiled nmethods': size=120000Kb used=2308Kb max_used=2308Kb free=117691Kb
 bounds [0x0000024b13910000, 0x0000024b13b80000, 0x0000024b1ae40000]
CodeHeap 'non-nmethods': size=5760Kb used=1159Kb max_used=1172Kb free=4600Kb
 bounds [0x0000024b1ae40000, 0x0000024b1b0b0000, 0x0000024b1b3e0000]
 total_blobs=1690 nmethods=1236 adapters=367
 compilation: enabled
              stopped_count=0, restarted_count=0
 full_count=0

Compilation events (20 events):
Event: 9.071 Thread 0x0000024b29ff5040 nmethod 1223 0x0000024b1b468410 code [0x0000024b1b468580, 0x0000024b1b468718]
Event: 9.071 Thread 0x0000024b29ff5040 1227       4       java.lang.String::startsWith (138 bytes)
Event: 9.077 Thread 0x0000024b29ff5040 nmethod 1227 0x0000024b1b468890 code [0x0000024b1b468a20, 0x0000024b1b468d18]
Event: 9.084 Thread 0x0000024b29ff5a00 1228       1       java.lang.invoke.InfoFromMemberName::getReferenceKind (5 bytes)
Event: 9.085 Thread 0x0000024b29ff5a00 nmethod 1228 0x0000024b1b468f10 code [0x0000024b1b4690a0, 0x0000024b1b469178]
Event: 9.087 Thread 0x0000024b29ff5040 1229       4       java.io.WinNTFileSystem::normalize (143 bytes)
Event: 9.087 Thread 0x0000024b29ff5a00 1230       3       java.net.URI$Parser::scan (53 bytes)
Event: 9.088 Thread 0x0000024b29ff5a00 nmethod 1230 0x0000024b13b4c490 code [0x0000024b13b4c720, 0x0000024b13b4d338]
Event: 9.088 Thread 0x0000024b29ff5a00 1231       3       java.net.URI$Parser::<init> (30 bytes)
Event: 9.088 Thread 0x0000024b29ff5a00 nmethod 1231 0x0000024b13b4d810 code [0x0000024b13b4d9c0, 0x0000024b13b4dc58]
Event: 9.088 Thread 0x0000024b29ff5a00 1232       3       java.net.URI$Parser::parse (243 bytes)
Event: 9.090 Thread 0x0000024b29ff5a00 nmethod 1232 0x0000024b13b4dd90 code [0x0000024b13b4e220, 0x0000024b13b4ffd8]
Event: 9.090 Thread 0x0000024b29ff5a00 1233       3       java.net.URI::isOpaque (13 bytes)
Event: 9.090 Thread 0x0000024b29ff5a00 nmethod 1233 0x0000024b13b50b10 code [0x0000024b13b50ca0, 0x0000024b13b50e18]
Event: 9.090 Thread 0x0000024b29ff5a00 1234       1       java.net.URI::getRawAuthority (5 bytes)
Event: 9.090 Thread 0x0000024b29ff5a00 nmethod 1234 0x0000024b1b469210 code [0x0000024b1b4693a0, 0x0000024b1b469478]
Event: 9.090 Thread 0x0000024b29ff5a00 1235       1       java.net.URI::getRawFragment (5 bytes)
Event: 9.090 Thread 0x0000024b29ff5a00 nmethod 1235 0x0000024b1b469510 code [0x0000024b1b4696a0, 0x0000024b1b469778]
Event: 9.091 Thread 0x0000024b29ff5a00 1236       1       java.net.URI::getRawQuery (5 bytes)
Event: 9.091 Thread 0x0000024b29ff5a00 nmethod 1236 0x0000024b1b469810 code [0x0000024b1b4699a0, 0x0000024b1b469a78]

GC Heap History (4 events):
Event: 2.440 GC heap before
{Heap before GC invocations=0 (full 0):
 garbage-first heap   total 129024K, used 13312K [0x0000000082600000, 0x0000000100000000)
  region size 1024K, 13 young (13312K), 0 survivors (0K)
 Metaspace       used 1754K, committed 1856K, reserved 1114112K
  class space    used 161K, committed 192K, reserved 1048576K
}
Event: 2.495 GC heap after
{Heap after GC invocations=1 (full 0):
 garbage-first heap   total 129024K, used 1535K [0x0000000082600000, 0x0000000100000000)
  region size 1024K, 2 young (2048K), 2 survivors (2048K)
 Metaspace       used 1754K, committed 1856K, reserved 1114112K
  class space    used 161K, committed 192K, reserved 1048576K
}
Event: 4.060 GC heap before
{Heap before GC invocations=1 (full 0):
 garbage-first heap   total 129024K, used 22015K [0x0000000082600000, 0x0000000100000000)
  region size 1024K, 19 young (19456K), 2 survivors (2048K)
 Metaspace       used 3644K, committed 3840K, reserved 1114112K
  class space    used 427K, committed 512K, reserved 1048576K
}
Event: 4.065 GC heap after
{Heap after GC invocations=2 (full 0):
 garbage-first heap   total 129024K, used 11339K [0x0000000082600000, 0x0000000100000000)
  region size 1024K, 3 young (3072K), 3 survivors (3072K)
 Metaspace       used 3644K, committed 3840K, reserved 1114112K
  class space    used 427K, committed 512K, reserved 1048576K
}

Deoptimization events (20 events):
Event: 4.687 Thread 0x0000024b0a87a030 Uncommon trap: trap_request=0xffffff45 fr.pc=0x0000024b1b42a594 relative=0x00000000000005d4
Event: 4.687 Thread 0x0000024b0a87a030 Uncommon trap: reason=unstable_if action=reinterpret pc=0x0000024b1b42a594 method=java.util.HashMap.hash(Ljava/lang/Object;)I @ 1 c2
Event: 4.687 Thread 0x0000024b0a87a030 DEOPT PACKING pc=0x0000024b1b42a594 sp=0x000000ffb6afd250
Event: 4.687 Thread 0x0000024b0a87a030 DEOPT UNPACKING pc=0x0000024b1ae923a3 sp=0x000000ffb6afd168 mode 2
Event: 4.932 Thread 0x0000024b0a87a030 DEOPT PACKING pc=0x0000024b13a4e530 sp=0x000000ffb6afbdb0
Event: 4.933 Thread 0x0000024b0a87a030 DEOPT UNPACKING pc=0x0000024b1ae92b43 sp=0x000000ffb6afb2c8 mode 0
Event: 7.601 Thread 0x0000024b0a87a030 DEOPT PACKING pc=0x0000024b13b2654a sp=0x000000ffb6afbfa0
Event: 7.602 Thread 0x0000024b0a87a030 DEOPT UNPACKING pc=0x0000024b1ae92b43 sp=0x000000ffb6afb418 mode 0
Event: 8.992 Thread 0x0000024b0a87a030 Uncommon trap: trap_request=0xffffff45 fr.pc=0x0000024b1b466788 relative=0x0000000000000088
Event: 8.992 Thread 0x0000024b0a87a030 Uncommon trap: reason=unstable_if action=reinterpret pc=0x0000024b1b466788 method=java.lang.invoke.VarForm.getMemberNameOrNull(I)Ljava/lang/invoke/MemberName; @ 8 c2
Event: 8.992 Thread 0x0000024b0a87a030 DEOPT PACKING pc=0x0000024b1b466788 sp=0x000000ffb6afbf60
Event: 8.992 Thread 0x0000024b0a87a030 DEOPT UNPACKING pc=0x0000024b1ae923a3 sp=0x000000ffb6afbe88 mode 2
Event: 9.053 Thread 0x0000024b0a87a030 Uncommon trap: trap_request=0xffffff45 fr.pc=0x0000024b1b423824 relative=0x0000000000000664
Event: 9.053 Thread 0x0000024b0a87a030 Uncommon trap: reason=unstable_if action=reinterpret pc=0x0000024b1b423824 method=java.lang.AbstractStringBuilder.append(Ljava/lang/String;)Ljava/lang/AbstractStringBuilder; @ 1 c2
Event: 9.053 Thread 0x0000024b0a87a030 DEOPT PACKING pc=0x0000024b1b423824 sp=0x000000ffb6afcd30
Event: 9.053 Thread 0x0000024b0a87a030 DEOPT UNPACKING pc=0x0000024b1ae923a3 sp=0x000000ffb6afccb0 mode 2
Event: 9.055 Thread 0x0000024b0a87a030 Uncommon trap: trap_request=0xffffff45 fr.pc=0x0000024b1b442b24 relative=0x0000000000000664
Event: 9.055 Thread 0x0000024b0a87a030 Uncommon trap: reason=unstable_if action=reinterpret pc=0x0000024b1b442b24 method=java.lang.AbstractStringBuilder.append(Ljava/lang/String;)Ljava/lang/AbstractStringBuilder; @ 1 c2
Event: 9.055 Thread 0x0000024b0a87a030 DEOPT PACKING pc=0x0000024b1b442b24 sp=0x000000ffb6afcd20
Event: 9.055 Thread 0x0000024b0a87a030 DEOPT UNPACKING pc=0x0000024b1ae923a3 sp=0x000000ffb6afcd08 mode 2

Classes unloaded (0 events):
No events

Classes redefined (0 events):
No events

Internal exceptions (19 events):
Event: 1.246 Thread 0x0000024b0a87a030 Exception <a 'java/lang/NoSuchMethodError'{0x000000008a1d2060}: 'int java.lang.invoke.DirectMethodHandle$Holder.invokeStaticInit(java.lang.Object, java.lang.Object)'> (0x000000008a1d2060) 
thrown [s\open\src\hotspot\share\interpreter\linkResolver.cpp, line 759]
Event: 4.082 Thread 0x0000024b0a87a030 Exception <a 'java/lang/NoSuchMethodError'{0x000000008a342f48}: 'void java.lang.invoke.DirectMethodHandle$Holder.invokeStatic(java.lang.Object, java.lang.Object)'> (0x000000008a342f48) 
thrown [s\open\src\hotspot\share\interpreter\linkResolver.cpp, line 759]
Event: 4.163 Thread 0x0000024b0a87a030 Exception <a 'java/lang/NoClassDefFoundError'{0x000000008a257ec0}: org/slf4j/impl/StaticMarkerBinder> (0x000000008a257ec0) 
thrown [s\open\src\hotspot\share\classfile\systemDictionary.cpp, line 245]
Event: 4.192 Thread 0x0000024b0a87a030 Exception <a 'java/lang/NoSuchMethodError'{0x000000008a2dfcf0}: 'java.lang.Object java.lang.invoke.DirectMethodHandle$Holder.invokeVirtual(java.lang.Object, java.lang.Object, java.lang.Object)'> (0x000000008a2dfcf0) 
thrown [s\open\src\hotspot\share\interpreter\linkResolver.cpp, line 759]
Event: 4.207 Thread 0x0000024b0a87a030 Exception <a 'java/lang/NoSuchMethodError'{0x000000008a1389a0}: 'java.lang.Object java.lang.invoke.Invokers$Holder.invoker(java.lang.Object, java.lang.Object, java.lang.Object)'> (0x000000008a1389a0) 
thrown [s\open\src\hotspot\share\interpreter\linkResolver.cpp, line 759]
Event: 4.209 Thread 0x0000024b0a87a030 Exception <a 'java/lang/NoSuchMethodError'{0x000000008a141998}: 'java.lang.Object java.lang.invoke.DirectMethodHandle$Holder.invokeStatic(java.lang.Object, java.lang.Object, int)'> (0x000000008a141998) 
thrown [s\open\src\hotspot\share\interpreter\linkResolver.cpp, line 759]
Event: 4.210 Thread 0x0000024b0a87a030 Exception <a 'java/lang/NoSuchMethodError'{0x000000008a14d688}: 'void java.lang.invoke.DelegatingMethodHandle$Holder.delegate(java.lang.Object, java.lang.Object, int, java.lang.Object)'> (0x000000008a14d688) 
thrown [s\open\src\hotspot\share\interpreter\linkResolver.cpp, line 759]
Event: 4.211 Thread 0x0000024b0a87a030 Exception <a 'java/lang/NoSuchMethodError'{0x000000008a151850}: 'int java.lang.invoke.DirectMethodHandle$Holder.invokeSpecial(java.lang.Object, java.lang.Object, java.lang.Object)'> (0x000000008a151850) 
thrown [s\open\src\hotspot\share\interpreter\linkResolver.cpp, line 759]
Event: 4.215 Thread 0x0000024b0a87a030 Exception <a 'java/lang/NoSuchMethodError'{0x000000008a164960}: 'java.lang.Object java.lang.invoke.Invokers$Holder.invokeExact_MT(java.lang.Object, java.lang.Object, java.lang.Object, java.lang.Object)'> (0x000000008a164960) 
thrown [s\open\src\hotspot\share\interpreter\linkResolver.cpp, line 759]
Event: 4.660 Thread 0x0000024b0a87a030 Exception <a 'java/lang/NoSuchMethodError'{0x0000000089bbf868}: 'void java.lang.invoke.DirectMethodHandle$Holder.invokeSpecial(java.lang.Object, java.lang.Object, java.lang.Object)'> (0x0000000089bbf868) 
thrown [s\open\src\hotspot\share\interpreter\linkResolver.cpp, line 759]
Event: 4.687 Thread 0x0000024b0a87a030 Implicit null exception at 0x0000024b1b43d50f to 0x0000024b1b43da6c
Event: 4.687 Thread 0x0000024b0a87a030 Implicit null exception at 0x0000024b1b42a00f to 0x0000024b1b42a574
Event: 4.739 Thread 0x0000024b0a87a030 Exception <a 'java/lang/NoSuchMethodError'{0x0000000089939d70}: 'java.lang.Object java.lang.invoke.DirectMethodHandle$Holder.invokeStaticInit(java.lang.Object)'> (0x0000000089939d70) 
thrown [s\open\src\hotspot\share\interpreter\linkResolver.cpp, line 759]
Event: 4.882 Thread 0x0000024b0a87a030 Exception <a 'java/lang/NoSuchMethodError'{0x00000000899ddee0}: 'int java.lang.invoke.DirectMethodHandle$Holder.invokeVirtual(java.lang.Object, java.lang.Object, java.lang.Object)'> (0x00000000899ddee0) 
thrown [s\open\src\hotspot\share\interpreter\linkResolver.cpp, line 759]
Event: 5.233 Thread 0x0000024b0a87a030 Exception <a 'java/lang/NoSuchMethodError'{0x00000000894ffc30}: 'java.lang.Object java.lang.invoke.DirectMethodHandle$Holder.invokeStaticInit(java.lang.Object, int, int, int, int)'> (0x00000000894ffc30) 
thrown [s\open\src\hotspot\share\interpreter\linkResolver.cpp, line 759]
Event: 7.604 Thread 0x0000024b0a87a030 Exception <a 'java/lang/NoSuchMethodError'{0x00000000893c85a0}: 'java.lang.Object java.lang.invoke.DirectMethodHandle$Holder.invokeStaticInit(java.lang.Object, java.lang.Object, int, int, int, int)'> (0x00000000893c85a0) 
thrown [s\open\src\hotspot\share\interpreter\linkResolver.cpp, line 759]
Event: 8.982 Thread 0x0000024b0a87a030 Exception <a 'java/lang/NoSuchMethodError'{0x00000000893fc328}: 'void java.lang.invoke.DirectMethodHandle$Holder.invokeStatic(java.lang.Object, java.lang.Object, java.lang.Object)'> (0x00000000893fc328) 
thrown [s\open\src\hotspot\share\interpreter\linkResolver.cpp, line 759]
Event: 9.053 Thread 0x0000024b0a87a030 Implicit null exception at 0x0000024b1b4231f2 to 0x0000024b1b42380c
Event: 9.055 Thread 0x0000024b0a87a030 Implicit null exception at 0x0000024b1b4424f2 to 0x0000024b1b442b0c

VM Operations (20 events):
Event: 3.773 Executing VM operation: HandshakeAllThreads
Event: 3.773 Executing VM operation: HandshakeAllThreads done
Event: 4.060 Executing VM operation: G1CollectForAllocation
Event: 4.066 Executing VM operation: G1CollectForAllocation done
Event: 4.208 Executing VM operation: HandshakeAllThreads
Event: 4.208 Executing VM operation: HandshakeAllThreads done
Event: 4.817 Executing VM operation: HandshakeAllThreads
Event: 4.817 Executing VM operation: HandshakeAllThreads done
Event: 5.092 Executing VM operation: HandshakeAllThreads
Event: 5.092 Executing VM operation: HandshakeAllThreads done
Event: 5.092 Executing VM operation: Cleanup
Event: 5.092 Executing VM operation: Cleanup done
Event: 5.425 Executing VM operation: HandshakeAllThreads
Event: 5.425 Executing VM operation: HandshakeAllThreads done
Event: 6.425 Executing VM operation: Cleanup
Event: 6.425 Executing VM operation: Cleanup done
Event: 7.435 Executing VM operation: Cleanup
Event: 7.435 Executing VM operation: Cleanup done
Event: 8.436 Executing VM operation: Cleanup
Event: 8.436 Executing VM operation: Cleanup done

Events (20 events):
Event: 9.004 loading class sun/nio/ch/ExtendedSocketOption
Event: 9.006 loading class sun/nio/ch/ExtendedSocketOption done
Event: 9.006 loading class sun/nio/ch/ExtendedSocketOption$1
Event: 9.006 loading class sun/nio/ch/ExtendedSocketOption$1 done
Event: 9.020 loading class java/nio/file/FileVisitor
Event: 9.022 loading class java/nio/file/FileVisitor done
Event: 9.023 loading class java/io/FilenameFilter
Event: 9.023 loading class java/io/FilenameFilter done
Event: 9.023 loading class java/nio/file/PathMatcher
Event: 9.023 loading class java/nio/file/PathMatcher done
Event: 9.023 loading class java/util/zip/CheckedInputStream
Event: 9.025 loading class java/util/zip/CheckedInputStream done
Event: 9.030 loading class java/io/EOFException
Event: 9.030 loading class java/io/EOFException done
Event: 9.031 loading class java/nio/channels/OverlappingFileLockException
Event: 9.033 loading class java/nio/channels/OverlappingFileLockException done
Event: 9.068 loading class java/io/DataOutputStream
Event: 9.069 loading class java/io/DataOutputStream done
Event: 9.076 loading class java/io/FileOutputStream$1
Event: 9.076 loading class java/io/FileOutputStream$1 done


Dynamic libraries:
0x00007ff7bfc30000 - 0x00007ff7bfc40000 	C:\Program Files\Java\jdk-17\bin\java.exe
0x00007ffca13f0000 - 0x00007ffca15e8000 	C:\Windows\SYSTEM32\ntdll.dll
0x00007ffca1070000 - 0x00007ffca1132000 	C:\Windows\System32\KERNEL32.DLL
0x00007ffc9ec00000 - 0x00007ffc9eef7000 	C:\Windows\System32\KERNELBASE.dll
0x00007ffc9f1b0000 - 0x00007ffc9f2b0000 	C:\Windows\System32\ucrtbase.dll
0x00007ffc877c0000 - 0x00007ffc877d9000 	C:\Program Files\Java\jdk-17\bin\jli.dll
0x00007ffc9f960000 - 0x00007ffc9fa11000 	C:\Windows\System32\ADVAPI32.dll
0x00007ffca1310000 - 0x00007ffca13ae000 	C:\Windows\System32\msvcrt.dll
0x00007ffca0fd0000 - 0x00007ffca106f000 	C:\Windows\System32\sechost.dll
0x00007ffca0e80000 - 0x00007ffca0fa6000 	C:\Windows\System32\RPCRT4.dll
0x00007ffc9ea70000 - 0x00007ffc9ea97000 	C:\Windows\System32\bcrypt.dll
0x00007ffca1140000 - 0x00007ffca12dd000 	C:\Windows\System32\USER32.dll
0x00007ffc9f0f0000 - 0x00007ffc9f112000 	C:\Windows\System32\win32u.dll
0x00007ffca0580000 - 0x00007ffca05ab000 	C:\Windows\System32\GDI32.dll
0x00007ffc9efd0000 - 0x00007ffc9f0e9000 	C:\Windows\System32\gdi32full.dll
0x00007ffc9f360000 - 0x00007ffc9f3fd000 	C:\Windows\System32\msvcp_win.dll
0x00007ffc83030000 - 0x00007ffc8304b000 	C:\Program Files\Java\jdk-17\bin\VCRUNTIME140.dll
0x00007ffc8b5a0000 - 0x00007ffc8b83b000 	C:\Windows\WinSxS\amd64_microsoft.windows.common-controls_6595b64144ccf1df_6.0.19041.6926_none_60b5a53971f8f7e6\COMCTL32.dll
0x00007ffc94030000 - 0x00007ffc9403a000 	C:\Windows\SYSTEM32\VERSION.dll
0x00007ffca12e0000 - 0x00007ffca130f000 	C:\Windows\System32\IMM32.DLL
0x00007ffc83020000 - 0x00007ffc8302c000 	C:\Program Files\Java\jdk-17\bin\vcruntime140_1.dll
0x00007ffc69fd0000 - 0x00007ffc6a05e000 	C:\Program Files\Java\jdk-17\bin\msvcp140.dll
0x00007ffc5eca0000 - 0x00007ffc5f880000 	C:\Program Files\Java\jdk-17\bin\server\jvm.dll
0x00007ffc9f8a0000 - 0x00007ffc9f8a8000 	C:\Windows\System32\PSAPI.DLL
0x00007ffc9bbf0000 - 0x00007ffc9bbf9000 	C:\Windows\SYSTEM32\WSOCK32.dll
0x00007ffca09a0000 - 0x00007ffca0a0b000 	C:\Windows\System32\WS2_32.dll
0x00007ffc89f20000 - 0x00007ffc89f47000 	C:\Windows\SYSTEM32\WINMM.dll
0x00007ffc9d250000 - 0x00007ffc9d262000 	C:\Windows\SYSTEM32\kernel.appcore.dll
0x00007ffc7b980000 - 0x00007ffc7b98a000 	C:\Program Files\Java\jdk-17\bin\jimage.dll
0x00007ffc9bf30000 - 0x00007ffc9c131000 	C:\Windows\SYSTEM32\DBGHELP.DLL
0x00007ffc7b5e0000 - 0x00007ffc7b614000 	C:\Windows\SYSTEM32\dbgcore.DLL
0x00007ffc9f120000 - 0x00007ffc9f1a2000 	C:\Windows\System32\bcryptPrimitives.dll
0x00007ffc6ccc0000 - 0x00007ffc6cce5000 	C:\Program Files\Java\jdk-17\bin\java.dll
0x00007ffc61a90000 - 0x00007ffc61b67000 	C:\Program Files\Java\jdk-17\bin\jsvml.dll
0x00007ffc9fce0000 - 0x00007ffca0452000 	C:\Windows\System32\SHELL32.dll
0x00007ffc9ca60000 - 0x00007ffc9d206000 	C:\Windows\SYSTEM32\windows.storage.dll
0x00007ffca05b0000 - 0x00007ffca0903000 	C:\Windows\System32\combase.dll
0x00007ffc9e2f0000 - 0x00007ffc9e31b000 	C:\Windows\SYSTEM32\Wldp.dll
0x00007ffc9f7d0000 - 0x00007ffc9f89d000 	C:\Windows\System32\OLEAUT32.dll
0x00007ffc9f8b0000 - 0x00007ffc9f95d000 	C:\Windows\System32\SHCORE.dll
0x00007ffc9f670000 - 0x00007ffc9f6cb000 	C:\Windows\System32\shlwapi.dll
0x00007ffc9e9a0000 - 0x00007ffc9e9c4000 	C:\Windows\SYSTEM32\profapi.dll
0x00007ffc6cca0000 - 0x00007ffc6ccb9000 	C:\Program Files\Java\jdk-17\bin\net.dll
0x00007ffc97380000 - 0x00007ffc9748a000 	C:\Windows\SYSTEM32\WINHTTP.dll
0x00007ffc9e0d0000 - 0x00007ffc9e13a000 	C:\Windows\system32\mswsock.dll
0x00007ffc6bfe0000 - 0x00007ffc6bff6000 	C:\Program Files\Java\jdk-17\bin\nio.dll
0x00007ffc6ba50000 - 0x00007ffc6ba68000 	C:\Program Files\Java\jdk-17\bin\zip.dll
0x00007ffc7b970000 - 0x00007ffc7b980000 	C:\Program Files\Java\jdk-17\bin\verify.dll
0x00007ffc87e20000 - 0x00007ffc87e47000 	C:\Users\DELL\.gradle\native\c067742578af261105cb4f569cf0c3c89f3d7b1fecec35dd04571415982c5e48\windows-amd64\native-platform.dll
0x00007ffc88040000 - 0x00007ffc8804a000 	C:\Program Files\Java\jdk-17\bin\management.dll
0x00007ffc87e10000 - 0x00007ffc87e1b000 	C:\Program Files\Java\jdk-17\bin\management_ext.dll
0x00007ffc9e330000 - 0x00007ffc9e348000 	C:\Windows\SYSTEM32\CRYPTSP.dll
0x00007ffc9da10000 - 0x00007ffc9da48000 	C:\Windows\system32\rsaenh.dll
0x00007ffc9e920000 - 0x00007ffc9e94e000 	C:\Windows\SYSTEM32\USERENV.dll
0x00007ffc9e260000 - 0x00007ffc9e26c000 	C:\Windows\SYSTEM32\CRYPTBASE.dll
0x00007ffc9ddd0000 - 0x00007ffc9de0b000 	C:\Windows\SYSTEM32\IPHLPAPI.DLL
0x00007ffc9f6d0000 - 0x00007ffc9f6d8000 	C:\Windows\System32\NSI.dll
0x00007ffc97ba0000 - 0x00007ffc97bb7000 	C:\Windows\SYSTEM32\dhcpcsvc6.DLL
0x00007ffc97aa0000 - 0x00007ffc97abd000 	C:\Windows\SYSTEM32\dhcpcsvc.DLL
0x00007ffc9de10000 - 0x00007ffc9deda000 	C:\Windows\SYSTEM32\DNSAPI.dll

dbghelp: loaded successfully - version: 4.0.5 - missing functions: none
symbol engine: initialized successfully - sym options: 0x614 - pdb path: .;C:\Program Files\Java\jdk-17\bin;C:\Windows\SYSTEM32;C:\Windows\WinSxS\amd64_microsoft.windows.common-controls_6595b64144ccf1df_6.0.19041.6926_none_60b5a53971f8f7e6;C:\Program Files\Java\jdk-17\bin\server;C:\Users\DELL\.gradle\native\c067742578af261105cb4f569cf0c3c89f3d7b1fecec35dd04571415982c5e48\windows-amd64

VM Arguments:
jvm_args: -Dorg.gradle.appname=gradlew 
java_command: org.gradle.wrapper.GradleWrapperMain -q -Ptarget-platform=android-arm -Ptarget=C:\Users\DELL\Downloads\read-buddy-app-main\read-buddy-app-main\lib\main.dart -Pbase-application-name=android.app.Application -Pdart-defines=Zmx1dHRlci5pbnNwZWN0b3Iuc3RydWN0dXJlZEVycm9ycz10cnVl,RkxVVFRFUl9WRVJTSU9OPTMuMzguOQ==,RkxVVFRFUl9DSEFOTkVMPXN0YWJsZQ==,RkxVVFRFUl9HSVRfVVJMPWh0dHBzOi8vZ2l0aHViLmNvbS9mbHV0dGVyL2ZsdXR0ZXIuZ2l0,RkxVVFRFUl9GUkFNRVdPUktfUkVWSVNJT049NjczMjNkZTI4NQ==,RkxVVFRFUl9FTkdJTkVfUkVWSVNJT049NTg3YzE4Zjg3Mw==,RkxVVFRFUl9EQVJUX1ZFUlNJT049My4xMC44 -Pdart-obfuscation=false -Ptrack-widget-creation=true -Ptree-shake-icons=false -Pfilesystem-scheme=org-dartlang-root assembleDebug
java_class_path (initial): C:\Users\DELL\Downloads\read-buddy-app-main\read-buddy-app-main\android\\gradle\wrapper\gradle-wrapper.jar
Launcher Type: SUN_STANDARD

[Global flags]
     intx CICompilerCount                          = 3                                         {product} {ergonomic}
     uint ConcGCThreads                            = 1                                         {product} {ergonomic}
     uint G1ConcRefinementThreads                  = 4                                         {product} {ergonomic}
   size_t G1HeapRegionSize                         = 1048576                                   {product} {ergonomic}
    uintx GCDrainStackTargetSize                   = 64                                        {product} {ergonomic}
   size_t InitialHeapSize                          = 132120576                                 {product} {ergonomic}
   size_t MarkStackSize                            = 4194304                                   {product} {ergonomic}
   size_t MaxHeapSize                              = 2107637760                                {product} {ergonomic}
   size_t MaxNewSize                               = 1264582656                                {product} {ergonomic}
   size_t MinHeapDeltaBytes                        = 1048576                                   {product} {ergonomic}
   size_t MinHeapSize                              = 8388608                                   {product} {ergonomic}
    uintx NonNMethodCodeHeapSize                   = 5832780                                {pd product} {ergonomic}
    uintx NonProfiledCodeHeapSize                  = 122912730                              {pd product} {ergonomic}
    uintx ProfiledCodeHeapSize                     = 122912730                              {pd product} {ergonomic}
    uintx ReservedCodeCacheSize                    = 251658240                              {pd product} {ergonomic}
     bool SegmentedCodeCache                       = true                                      {product} {ergonomic}
   size_t SoftMaxHeapSize                          = 2107637760                             {manageable} {ergonomic}
     bool UseCompressedClassPointers               = true                           {product lp64_product} {ergonomic}
     bool UseCompressedOops                        = true                           {product lp64_product} {ergonomic}
     bool UseG1GC                                  = true                                      {product} {ergonomic}
     bool UseLargePagesIndividualAllocation        = false                                  {pd product} {ergonomic}

Logging:
Log output configuration:
 #0: stdout all=warning uptime,level,tags
 #1: stderr all=off uptime,level,tags

Environment Variables:
JAVA_HOME=C:\Program Files\Java\jdk-17
CLASSPATH=C:\Users\DELL\Downloads\read-buddy-app-main\read-buddy-app-main\android\\gradle\wrapper\gradle-wrapper.jar
PATH=C:\Program Files\Java\jdk-17\bin;C:\Users\DELL\anaconda3\condabin;C:\src1\flutter\bin;C:\Program Files\Common Files\Oracle\Java\javapath;C:\Windows\System32;C:\Windows\System32\WindowsPowerShell\v1.0;C:\Users\DELL\AppData\Local\Android\Sdk\platform-tools;C:\Program Files\Git\bin;C:\Users\DELL\AppData\Local\Programs\Python\Python310;C:\Users\DELL\AppData\Local\Programs\Microsoft VS Code\bin;C:\MinGW\bin;C:\xampp\php;C:\ProgramData\ComposerSetup\bin;C:\Program Files\nodejs\;C:\Users\DELL\AppData\Roaming\npm;C:\Users\DELL\AppData\Local\Pub\Cache\bin;C:\Gradle\gradle-8.10.2-bin\gradle-8.10.2\bin;C:\Program Files\Java\jdk-17\bin;C:\src1\flutter\bin\cache\dart-sdk;C:\Users\DELL\AppData\Local\Programs\Python\Python310\Scripts;C:\Users\DELL\AppData\Local\Temp\;C:\Users\DELL\AppData\Local\Microsoft\WindowsApps;C:\Program Files\JetBrains\PyCharm Community Edition 2023.3.4\bin;;C:\dart-sdk\bin;C:\Users\DELL\AppData\Local\GitHubDesktop\bin;C:\src1\flutter\bin;C:\Users\DELL\anaconda3\Scripts;C:\Users\DELL\AppData\Local\Programs\Microsoft VS Code\bin;C:\Users\DELL\AppData\Roaming\Composer\vendor\bin;C:\Users\DELL\AppData\Roaming\npm;C:\Users\DELL\AppData\Local\Pub\Cache\bin;C:\Users\DELL\.jdks\corretto-19.0.2\bin;C:\Users\DELL\AppData\Local\Programs\Antigravity\bin;C:\src1\flutter\bin\mingit\cmd
USERNAME=DELL
OS=Windows_NT
PROCESSOR_IDENTIFIER=Intel64 Family 6 Model 94 Stepping 3, GenuineIntel



---------------  S Y S T E M  ---------------

OS:
 Windows 10 , 64 bit Build 19041 (10.0.19041.6807)
OS uptime: 0 days 0:19 hours
Hyper-V role detected

CPU: total 4 (initial active 4) (4 cores per cpu, 1 threads per core) family 6 model 94 stepping 3 microcode 0xf0, cx8, cmov, fxsr, mmx, 3dnowpref, sse, sse2, sse3, ssse3, sse4.1, sse4.2, popcnt, lzcnt, tsc, tscinvbit, avx, avx2, aes, erms, clmul, bmi1, bmi2, rtm, adx, fma, vzeroupper, clflush, clflushopt, hv

Memory: 4k page, system-wide physical 8038M (353M free)
TotalPageFile size 16230M (AvailPageFile size 18M)
current process WorkingSet (physical memory assigned to process): 88M, peak: 88M
current process commit charge ("private bytes"): 220M, peak: 220M

vm_info: Java HotSpot(TM) 64-Bit Server VM (17.0.12+8-LTS-286) for windows-amd64 JRE (17.0.12+8-LTS-286), built on Jun  5 2024 06:46:59 by "mach5one" with MS VC++ 17.6 (VS2022)

END.
